CRITICAL - 2021-04-18 01:37:12 --> Undefined property: stdClass::$kategori
#0 E:\LocalServer\inventory\app\Views\administrator\master\master_form.php(56): CodeIgniter\Debug\Exceptions->errorHandler(8, 'Undefined prope...', 'E:\\LocalServer\\...', 56, Array)
#1 E:\LocalServer\inventory\system\View\View.php(220): include('E:\\LocalServer\\...')
#2 E:\LocalServer\inventory\system\View\View.php(222): CodeIgniter\View\View->CodeIgniter\View\{closure}()
#3 E:\LocalServer\inventory\system\Common.php(1217): CodeIgniter\View\View->render('administrator/m...', Array, true)
#4 E:\LocalServer\inventory\app\Controllers\administrator\Master.php(205): view('administrator/m...', Array)
#5 E:\LocalServer\inventory\system\CodeIgniter.php(936): App\Controllers\administrator\Master->create()
#6 E:\LocalServer\inventory\system\CodeIgniter.php(432): CodeIgniter\CodeIgniter->runController(Object(App\Controllers\administrator\Master))
#7 E:\LocalServer\inventory\system\CodeIgniter.php(333): CodeIgniter\CodeIgniter->handleRequest(NULL, Object(Config\Cache), false)
#8 E:\LocalServer\inventory\public\index.php(44): CodeIgniter\CodeIgniter->run()
#9 {main}
CRITICAL - 2021-04-18 01:49:12 --> Undefined variable: kategori
#0 E:\LocalServer\inventory\app\Views\administrator\master\master_form.php(61): CodeIgniter\Debug\Exceptions->errorHandler(8, 'Undefined varia...', 'E:\\LocalServer\\...', 61, Array)
#1 E:\LocalServer\inventory\system\View\View.php(220): include('E:\\LocalServer\\...')
#2 E:\LocalServer\inventory\system\View\View.php(222): CodeIgniter\View\View->CodeIgniter\View\{closure}()
#3 E:\LocalServer\inventory\system\Common.php(1217): CodeIgniter\View\View->render('administrator/m...', Array, true)
#4 E:\LocalServer\inventory\app\Controllers\administrator\Master.php(276): view('administrator/m...', Array)
#5 E:\LocalServer\inventory\system\CodeIgniter.php(936): App\Controllers\administrator\Master->update('ASST1618685294')
#6 E:\LocalServer\inventory\system\CodeIgniter.php(432): CodeIgniter\CodeIgniter->runController(Object(App\Controllers\administrator\Master))
#7 E:\LocalServer\inventory\system\CodeIgniter.php(333): CodeIgniter\CodeIgniter->handleRequest(NULL, Object(Config\Cache), false)
#8 E:\LocalServer\inventory\public\index.php(44): CodeIgniter\CodeIgniter->run()
#9 {main}
CRITICAL - 2021-04-18 01:49:27 --> Undefined variable: kategori
#0 E:\LocalServer\inventory\app\Views\administrator\master\master_form.php(61): CodeIgniter\Debug\Exceptions->errorHandler(8, 'Undefined varia...', 'E:\\LocalServer\\...', 61, Array)
#1 E:\LocalServer\inventory\system\View\View.php(220): include('E:\\LocalServer\\...')
#2 E:\LocalServer\inventory\system\View\View.php(222): CodeIgniter\View\View->CodeIgniter\View\{closure}()
#3 E:\LocalServer\inventory\system\Common.php(1217): CodeIgniter\View\View->render('administrator/m...', Array, true)
#4 E:\LocalServer\inventory\app\Controllers\administrator\Master.php(277): view('administrator/m...', Array)
#5 E:\LocalServer\inventory\system\CodeIgniter.php(936): App\Controllers\administrator\Master->update('ASST1618685294')
#6 E:\LocalServer\inventory\system\CodeIgniter.php(432): CodeIgniter\CodeIgniter->runController(Object(App\Controllers\administrator\Master))
#7 E:\LocalServer\inventory\system\CodeIgniter.php(333): CodeIgniter\CodeIgniter->handleRequest(NULL, Object(Config\Cache), false)
#8 E:\LocalServer\inventory\public\index.php(44): CodeIgniter\CodeIgniter->run()
#9 {main}
CRITICAL - 2021-04-18 01:50:32 --> Undefined variable: kategori
#0 E:\LocalServer\inventory\app\Views\administrator\master\master_form.php(61): CodeIgniter\Debug\Exceptions->errorHandler(8, 'Undefined varia...', 'E:\\LocalServer\\...', 61, Array)
#1 E:\LocalServer\inventory\system\View\View.php(220): include('E:\\LocalServer\\...')
#2 E:\LocalServer\inventory\system\View\View.php(222): CodeIgniter\View\View->CodeIgniter\View\{closure}()
#3 E:\LocalServer\inventory\system\Common.php(1217): CodeIgniter\View\View->render('administrator/m...', Array, true)
#4 E:\LocalServer\inventory\app\Controllers\administrator\Master.php(277): view('administrator/m...', Array)
#5 E:\LocalServer\inventory\system\CodeIgniter.php(936): App\Controllers\administrator\Master->update('ASST1618685294')
#6 E:\LocalServer\inventory\system\CodeIgniter.php(432): CodeIgniter\CodeIgniter->runController(Object(App\Controllers\administrator\Master))
#7 E:\LocalServer\inventory\system\CodeIgniter.php(333): CodeIgniter\CodeIgniter->handleRequest(NULL, Object(Config\Cache), false)
#8 E:\LocalServer\inventory\public\index.php(44): CodeIgniter\CodeIgniter->run()
#9 {main}
CRITICAL - 2021-04-18 02:03:18 --> Call to undefined method App\Models\Master_model::lasQuery
#0 E:\LocalServer\inventory\app\Controllers\administrator\Master.php(346): CodeIgniter\Model->__call('lasQuery', Array)
#1 E:\LocalServer\inventory\system\CodeIgniter.php(936): App\Controllers\administrator\Master->update_action()
#2 E:\LocalServer\inventory\system\CodeIgniter.php(432): CodeIgniter\CodeIgniter->runController(Object(App\Controllers\administrator\Master))
#3 E:\LocalServer\inventory\system\CodeIgniter.php(333): CodeIgniter\CodeIgniter->handleRequest(NULL, Object(Config\Cache), false)
#4 E:\LocalServer\inventory\public\index.php(44): CodeIgniter\CodeIgniter->run()
#5 {main}
CRITICAL - 2021-04-18 02:03:26 --> Call to undefined method App\Models\Master_model::lastQuery
#0 E:\LocalServer\inventory\app\Controllers\administrator\Master.php(346): CodeIgniter\Model->__call('lastQuery', Array)
#1 E:\LocalServer\inventory\system\CodeIgniter.php(936): App\Controllers\administrator\Master->update_action()
#2 E:\LocalServer\inventory\system\CodeIgniter.php(432): CodeIgniter\CodeIgniter->runController(Object(App\Controllers\administrator\Master))
#3 E:\LocalServer\inventory\system\CodeIgniter.php(333): CodeIgniter\CodeIgniter->handleRequest(NULL, Object(Config\Cache), false)
#4 E:\LocalServer\inventory\public\index.php(44): CodeIgniter\CodeIgniter->run()
#5 {main}
CRITICAL - 2021-04-18 02:03:33 --> Call to undefined method App\Models\Master_model::last_query
#0 E:\LocalServer\inventory\app\Controllers\administrator\Master.php(346): CodeIgniter\Model->__call('last_query', Array)
#1 E:\LocalServer\inventory\system\CodeIgniter.php(936): App\Controllers\administrator\Master->update_action()
#2 E:\LocalServer\inventory\system\CodeIgniter.php(432): CodeIgniter\CodeIgniter->runController(Object(App\Controllers\administrator\Master))
#3 E:\LocalServer\inventory\system\CodeIgniter.php(333): CodeIgniter\CodeIgniter->handleRequest(NULL, Object(Config\Cache), false)
#4 E:\LocalServer\inventory\public\index.php(44): CodeIgniter\CodeIgniter->run()
#5 {main}
CRITICAL - 2021-04-18 02:28:54 --> Call to undefined function base_urk()
#0 E:\LocalServer\inventory\system\View\View.php(220): include()
#1 E:\LocalServer\inventory\system\View\View.php(222): CodeIgniter\View\View->CodeIgniter\View\{closure}()
#2 E:\LocalServer\inventory\system\Common.php(1217): CodeIgniter\View\View->render('administrator/p...', Array, true)
#3 E:\LocalServer\inventory\app\Controllers\administrator\Pembelian.php(143): view('administrator/p...', Array)
#4 E:\LocalServer\inventory\system\CodeIgniter.php(936): App\Controllers\administrator\Pembelian->index()
#5 E:\LocalServer\inventory\system\CodeIgniter.php(432): CodeIgniter\CodeIgniter->runController(Object(App\Controllers\administrator\Pembelian))
#6 E:\LocalServer\inventory\system\CodeIgniter.php(333): CodeIgniter\CodeIgniter->handleRequest(NULL, Object(Config\Cache), false)
#7 E:\LocalServer\inventory\public\index.php(44): CodeIgniter\CodeIgniter->run()
#8 {main}
CRITICAL - 2021-04-18 03:13:48 --> A non well formed numeric value encountered
#0 [internal function]: CodeIgniter\Debug\Exceptions->errorHandler(8, 'A non well form...', 'E:\\LocalServer\\...', 421, Array)
#1 E:\LocalServer\inventory\app\Helpers\Default_Helper.php(421): number_format('250 G')
#2 E:\LocalServer\inventory\app\Views\administrator\pembelian\pembelian_list.php(229): formatNumber('250 G')
#3 E:\LocalServer\inventory\system\View\View.php(220): include('E:\\LocalServer\\...')
#4 E:\LocalServer\inventory\system\View\View.php(222): CodeIgniter\View\View->CodeIgniter\View\{closure}()
#5 E:\LocalServer\inventory\system\Common.php(1217): CodeIgniter\View\View->render('administrator/p...', Array, true)
#6 E:\LocalServer\inventory\app\Controllers\administrator\Pembelian.php(145): view('administrator/p...', Array)
#7 E:\LocalServer\inventory\system\CodeIgniter.php(936): App\Controllers\administrator\Pembelian->index()
#8 E:\LocalServer\inventory\system\CodeIgniter.php(432): CodeIgniter\CodeIgniter->runController(Object(App\Controllers\administrator\Pembelian))
#9 E:\LocalServer\inventory\system\CodeIgniter.php(333): CodeIgniter\CodeIgniter->handleRequest(NULL, Object(Config\Cache), false)
#10 E:\LocalServer\inventory\public\index.php(44): CodeIgniter\CodeIgniter->run()
#11 {main}
CRITICAL - 2021-04-18 03:14:28 --> A non well formed numeric value encountered
#0 [internal function]: CodeIgniter\Debug\Exceptions->errorHandler(8, 'A non well form...', 'E:\\LocalServer\\...', 421, Array)
#1 E:\LocalServer\inventory\app\Helpers\Default_Helper.php(421): number_format('250 G')
#2 E:\LocalServer\inventory\app\Views\administrator\pembelian\pembelian_list.php(229): formatNumber('250 G')
#3 E:\LocalServer\inventory\system\View\View.php(220): include('E:\\LocalServer\\...')
#4 E:\LocalServer\inventory\system\View\View.php(222): CodeIgniter\View\View->CodeIgniter\View\{closure}()
#5 E:\LocalServer\inventory\system\Common.php(1217): CodeIgniter\View\View->render('administrator/p...', Array, true)
#6 E:\LocalServer\inventory\app\Controllers\administrator\Pembelian.php(145): view('administrator/p...', Array)
#7 E:\LocalServer\inventory\system\CodeIgniter.php(936): App\Controllers\administrator\Pembelian->index()
#8 E:\LocalServer\inventory\system\CodeIgniter.php(432): CodeIgniter\CodeIgniter->runController(Object(App\Controllers\administrator\Pembelian))
#9 E:\LocalServer\inventory\system\CodeIgniter.php(333): CodeIgniter\CodeIgniter->handleRequest(NULL, Object(Config\Cache), false)
#10 E:\LocalServer\inventory\public\index.php(44): CodeIgniter\CodeIgniter->run()
#11 {main}
CRITICAL - 2021-04-18 03:25:47 --> Undefined property: stdClass::$nama_satuan
#0 E:\LocalServer\inventory\app\Views\administrator\master\master_list.php(158): CodeIgniter\Debug\Exceptions->errorHandler(8, 'Undefined prope...', 'E:\\LocalServer\\...', 158, Array)
#1 E:\LocalServer\inventory\system\View\View.php(220): include('E:\\LocalServer\\...')
#2 E:\LocalServer\inventory\system\View\View.php(222): CodeIgniter\View\View->CodeIgniter\View\{closure}()
#3 E:\LocalServer\inventory\system\Common.php(1217): CodeIgniter\View\View->render('administrator/m...', Array, true)
#4 E:\LocalServer\inventory\app\Controllers\administrator\Master.php(146): view('administrator/m...', Array)
#5 E:\LocalServer\inventory\system\CodeIgniter.php(936): App\Controllers\administrator\Master->index()
#6 E:\LocalServer\inventory\system\CodeIgniter.php(432): CodeIgniter\CodeIgniter->runController(Object(App\Controllers\administrator\Master))
#7 E:\LocalServer\inventory\system\CodeIgniter.php(333): CodeIgniter\CodeIgniter->handleRequest(NULL, Object(Config\Cache), false)
#8 E:\LocalServer\inventory\public\index.php(44): CodeIgniter\CodeIgniter->run()
#9 {main}
CRITICAL - 2021-04-18 03:26:32 --> Undefined property: stdClass::$id
#0 E:\LocalServer\inventory\app\Views\administrator\master\master_list.php(154): CodeIgniter\Debug\Exceptions->errorHandler(8, 'Undefined prope...', 'E:\\LocalServer\\...', 154, Array)
#1 E:\LocalServer\inventory\system\View\View.php(220): include('E:\\LocalServer\\...')
#2 E:\LocalServer\inventory\system\View\View.php(222): CodeIgniter\View\View->CodeIgniter\View\{closure}()
#3 E:\LocalServer\inventory\system\Common.php(1217): CodeIgniter\View\View->render('administrator/m...', Array, true)
#4 E:\LocalServer\inventory\app\Controllers\administrator\Master.php(146): view('administrator/m...', Array)
#5 E:\LocalServer\inventory\system\CodeIgniter.php(936): App\Controllers\administrator\Master->index()
#6 E:\LocalServer\inventory\system\CodeIgniter.php(432): CodeIgniter\CodeIgniter->runController(Object(App\Controllers\administrator\Master))
#7 E:\LocalServer\inventory\system\CodeIgniter.php(333): CodeIgniter\CodeIgniter->handleRequest(NULL, Object(Config\Cache), false)
#8 E:\LocalServer\inventory\public\index.php(44): CodeIgniter\CodeIgniter->run()
#9 {main}
CRITICAL - 2021-04-18 03:30:22 --> Undefined variable: value
#0 E:\LocalServer\inventory\app\Views\administrator\master\master_read.php(51): CodeIgniter\Debug\Exceptions->errorHandler(8, 'Undefined varia...', 'E:\\LocalServer\\...', 51, Array)
#1 E:\LocalServer\inventory\system\View\View.php(220): include('E:\\LocalServer\\...')
#2 E:\LocalServer\inventory\system\View\View.php(222): CodeIgniter\View\View->CodeIgniter\View\{closure}()
#3 E:\LocalServer\inventory\system\Common.php(1217): CodeIgniter\View\View->render('administrator/m...', Array, true)
#4 E:\LocalServer\inventory\app\Controllers\administrator\Master.php(172): view('administrator/m...', Array)
#5 E:\LocalServer\inventory\system\CodeIgniter.php(936): App\Controllers\administrator\Master->read('ASST1618685294')
#6 E:\LocalServer\inventory\system\CodeIgniter.php(432): CodeIgniter\CodeIgniter->runController(Object(App\Controllers\administrator\Master))
#7 E:\LocalServer\inventory\system\CodeIgniter.php(333): CodeIgniter\CodeIgniter->handleRequest(NULL, Object(Config\Cache), false)
#8 E:\LocalServer\inventory\public\index.php(44): CodeIgniter\CodeIgniter->run()
#9 {main}
CRITICAL - 2021-04-18 04:01:57 --> syntax error, unexpected 'generateId' (T_STRING), expecting ')'
#0 E:\LocalServer\inventory\system\Router\Router.php(170): CodeIgniter\Router\Router->autoRoute('administrator/P...')
#1 E:\LocalServer\inventory\system\CodeIgniter.php(816): CodeIgniter\Router\Router->handle('administrator/P...')
#2 E:\LocalServer\inventory\system\CodeIgniter.php(385): CodeIgniter\CodeIgniter->tryToRouteIt(Object(CodeIgniter\Router\RouteCollection))
#3 E:\LocalServer\inventory\system\CodeIgniter.php(333): CodeIgniter\CodeIgniter->handleRequest(NULL, Object(Config\Cache), false)
#4 E:\LocalServer\inventory\public\index.php(44): CodeIgniter\CodeIgniter->run()
#5 {main}
ERROR - 2021-04-18 04:41:26 --> mysqli_sql_exception: Unknown column 'ASST1618662741' in 'where clause' in E:\LocalServer\inventory\system\Database\MySQLi\Connection.php:314
Stack trace:
#0 E:\LocalServer\inventory\system\Database\MySQLi\Connection.php(314): mysqli->query('SELECT *\nFROM `...')
#1 E:\LocalServer\inventory\system\Database\BaseConnection.php(713): CodeIgniter\Database\MySQLi\Connection->execute('SELECT *\nFROM `...')
#2 E:\LocalServer\inventory\system\Database\BaseConnection.php(641): CodeIgniter\Database\BaseConnection->simpleQuery('SELECT *\nFROM `...')
#3 E:\LocalServer\inventory\system\Database\BaseBuilder.php(1866): CodeIgniter\Database\BaseConnection->query('SELECT *\nFROM `...', Array, false)
#4 E:\LocalServer\inventory\system\Model.php(247): CodeIgniter\Database\BaseBuilder->get()
#5 E:\LocalServer\inventory\system\BaseModel.php(624): CodeIgniter\Model->doFirst()
#6 E:\LocalServer\inventory\app\Controllers\administrator\Penjualan.php(225): CodeIgniter\BaseModel->first()
#7 E:\LocalServer\inventory\system\CodeIgniter.php(936): App\Controllers\administrator\Penjualan->create_action()
#8 E:\LocalServer\inventory\system\CodeIgniter.php(432): CodeIgniter\CodeIgniter->runController(Object(App\Controllers\administrator\Penjualan))
#9 E:\LocalServer\inventory\system\CodeIgniter.php(333): CodeIgniter\CodeIgniter->handleRequest(NULL, Object(Config\Cache), false)
#10 E:\LocalServer\inventory\public\index.php(44): CodeIgniter\CodeIgniter->run()
#11 {main}
CRITICAL - 2021-04-18 04:41:26 --> Unknown column 'ASST1618662741' in 'where clause'
#0 E:\LocalServer\inventory\system\Database\MySQLi\Connection.php(314): mysqli->query('SELECT *\nFROM `...')
#1 E:\LocalServer\inventory\system\Database\BaseConnection.php(713): CodeIgniter\Database\MySQLi\Connection->execute('SELECT *\nFROM `...')
#2 E:\LocalServer\inventory\system\Database\BaseConnection.php(641): CodeIgniter\Database\BaseConnection->simpleQuery('SELECT *\nFROM `...')
#3 E:\LocalServer\inventory\system\Database\BaseBuilder.php(1866): CodeIgniter\Database\BaseConnection->query('SELECT *\nFROM `...', Array, false)
#4 E:\LocalServer\inventory\system\Model.php(247): CodeIgniter\Database\BaseBuilder->get()
#5 E:\LocalServer\inventory\system\BaseModel.php(624): CodeIgniter\Model->doFirst()
#6 E:\LocalServer\inventory\app\Controllers\administrator\Penjualan.php(225): CodeIgniter\BaseModel->first()
#7 E:\LocalServer\inventory\system\CodeIgniter.php(936): App\Controllers\administrator\Penjualan->create_action()
#8 E:\LocalServer\inventory\system\CodeIgniter.php(432): CodeIgniter\CodeIgniter->runController(Object(App\Controllers\administrator\Penjualan))
#9 E:\LocalServer\inventory\system\CodeIgniter.php(333): CodeIgniter\CodeIgniter->handleRequest(NULL, Object(Config\Cache), false)
#10 E:\LocalServer\inventory\public\index.php(44): CodeIgniter\CodeIgniter->run()
#11 {main}
CRITICAL - 2021-04-18 15:44:15 --> Undefined property: stdClass::$id_suplier
#0 E:\LocalServer\inventory\app\Views\administrator\penjualan\penjualan_list.php(145): CodeIgniter\Debug\Exceptions->errorHandler(8, 'Undefined prope...', 'E:\\LocalServer\\...', 145, Array)
#1 E:\LocalServer\inventory\system\View\View.php(220): include('E:\\LocalServer\\...')
#2 E:\LocalServer\inventory\system\View\View.php(222): CodeIgniter\View\View->CodeIgniter\View\{closure}()
#3 E:\LocalServer\inventory\system\Common.php(1217): CodeIgniter\View\View->render('administrator/p...', Array, true)
#4 E:\LocalServer\inventory\app\Controllers\administrator\Penjualan.php(143): view('administrator/p...', Array)
#5 E:\LocalServer\inventory\system\CodeIgniter.php(936): App\Controllers\administrator\Penjualan->index()
#6 E:\LocalServer\inventory\system\CodeIgniter.php(432): CodeIgniter\CodeIgniter->runController(Object(App\Controllers\administrator\Penjualan))
#7 E:\LocalServer\inventory\system\CodeIgniter.php(333): CodeIgniter\CodeIgniter->handleRequest(NULL, Object(Config\Cache), false)
#8 E:\LocalServer\inventory\public\index.php(44): CodeIgniter\CodeIgniter->run()
#9 {main}
ERROR - 2021-04-18 15:44:52 --> mysqli_sql_exception: Unknown column 'pembelian.id_master' in 'on clause' in E:\LocalServer\inventory\system\Database\MySQLi\Connection.php:314
Stack trace:
#0 E:\LocalServer\inventory\system\Database\MySQLi\Connection.php(314): mysqli->query('SELECT COUNT(*)...')
#1 E:\LocalServer\inventory\system\Database\BaseConnection.php(713): CodeIgniter\Database\MySQLi\Connection->execute('SELECT COUNT(*)...')
#2 E:\LocalServer\inventory\system\Database\BaseConnection.php(641): CodeIgniter\Database\BaseConnection->simpleQuery('SELECT COUNT(*)...')
#3 E:\LocalServer\inventory\system\Database\BaseBuilder.php(1966): CodeIgniter\Database\BaseConnection->query('SELECT COUNT(*)...', Array, false)
#4 E:\LocalServer\inventory\system\Model.php(570): CodeIgniter\Database\BaseBuilder->countAllResults(false)
#5 E:\LocalServer\inventory\system\BaseModel.php(1140): CodeIgniter\Model->countAllResults(false)
#6 E:\LocalServer\inventory\app\Controllers\administrator\Penjualan.php(135): CodeIgniter\BaseModel->paginate(20)
#7 E:\LocalServer\inventory\system\CodeIgniter.php(936): App\Controllers\administrator\Penjualan->index()
#8 E:\LocalServer\inventory\system\CodeIgniter.php(432): CodeIgniter\CodeIgniter->runController(Object(App\Controllers\administrator\Penjualan))
#9 E:\LocalServer\inventory\system\CodeIgniter.php(333): CodeIgniter\CodeIgniter->handleRequest(NULL, Object(Config\Cache), false)
#10 E:\LocalServer\inventory\public\index.php(44): CodeIgniter\CodeIgniter->run()
#11 {main}
CRITICAL - 2021-04-18 15:44:52 --> Unknown column 'pembelian.id_master' in 'on clause'
#0 E:\LocalServer\inventory\system\Database\MySQLi\Connection.php(314): mysqli->query('SELECT COUNT(*)...')
#1 E:\LocalServer\inventory\system\Database\BaseConnection.php(713): CodeIgniter\Database\MySQLi\Connection->execute('SELECT COUNT(*)...')
#2 E:\LocalServer\inventory\system\Database\BaseConnection.php(641): CodeIgniter\Database\BaseConnection->simpleQuery('SELECT COUNT(*)...')
#3 E:\LocalServer\inventory\system\Database\BaseBuilder.php(1966): CodeIgniter\Database\BaseConnection->query('SELECT COUNT(*)...', Array, false)
#4 E:\LocalServer\inventory\system\Model.php(570): CodeIgniter\Database\BaseBuilder->countAllResults(false)
#5 E:\LocalServer\inventory\system\BaseModel.php(1140): CodeIgniter\Model->countAllResults(false)
#6 E:\LocalServer\inventory\app\Controllers\administrator\Penjualan.php(135): CodeIgniter\BaseModel->paginate(20)
#7 E:\LocalServer\inventory\system\CodeIgniter.php(936): App\Controllers\administrator\Penjualan->index()
#8 E:\LocalServer\inventory\system\CodeIgniter.php(432): CodeIgniter\CodeIgniter->runController(Object(App\Controllers\administrator\Penjualan))
#9 E:\LocalServer\inventory\system\CodeIgniter.php(333): CodeIgniter\CodeIgniter->handleRequest(NULL, Object(Config\Cache), false)
#10 E:\LocalServer\inventory\public\index.php(44): CodeIgniter\CodeIgniter->run()
#11 {main}
ERROR - 2021-04-18 16:29:56 --> mysqli_sql_exception: Unknown column 'master_view.master_history.timestamps' in 'order clause' in E:\LocalServer\inventory\system\Database\MySQLi\Connection.php:314
Stack trace:
#0 E:\LocalServer\inventory\system\Database\MySQLi\Connection.php(314): mysqli->query('SELECT *\nFROM `...')
#1 E:\LocalServer\inventory\system\Database\BaseConnection.php(713): CodeIgniter\Database\MySQLi\Connection->execute('SELECT *\nFROM `...')
#2 E:\LocalServer\inventory\system\Database\BaseConnection.php(641): CodeIgniter\Database\BaseConnection->simpleQuery('SELECT *\nFROM `...')
#3 E:\LocalServer\inventory\system\Database\BaseBuilder.php(1866): CodeIgniter\Database\BaseConnection->query('SELECT *\nFROM `...', Array, false)
#4 E:\LocalServer\inventory\system\Model.php(213): CodeIgniter\Database\BaseBuilder->get()
#5 E:\LocalServer\inventory\system\BaseModel.php(583): CodeIgniter\Model->doFindAll(20, 0)
#6 E:\LocalServer\inventory\system\BaseModel.php(1144): CodeIgniter\BaseModel->findAll(20, 0)
#7 E:\LocalServer\inventory\app\Controllers\administrator\Master.php(184): CodeIgniter\BaseModel->paginate(20)
#8 E:\LocalServer\inventory\system\CodeIgniter.php(936): App\Controllers\administrator\Master->history()
#9 E:\LocalServer\inventory\system\CodeIgniter.php(432): CodeIgniter\CodeIgniter->runController(Object(App\Controllers\administrator\Master))
#10 E:\LocalServer\inventory\system\CodeIgniter.php(333): CodeIgniter\CodeIgniter->handleRequest(NULL, Object(Config\Cache), false)
#11 E:\LocalServer\inventory\public\index.php(44): CodeIgniter\CodeIgniter->run()
#12 {main}
CRITICAL - 2021-04-18 16:29:56 --> Unknown column 'master_view.master_history.timestamps' in 'order clause'
#0 E:\LocalServer\inventory\system\Database\MySQLi\Connection.php(314): mysqli->query('SELECT *\nFROM `...')
#1 E:\LocalServer\inventory\system\Database\BaseConnection.php(713): CodeIgniter\Database\MySQLi\Connection->execute('SELECT *\nFROM `...')
#2 E:\LocalServer\inventory\system\Database\BaseConnection.php(641): CodeIgniter\Database\BaseConnection->simpleQuery('SELECT *\nFROM `...')
#3 E:\LocalServer\inventory\system\Database\BaseBuilder.php(1866): CodeIgniter\Database\BaseConnection->query('SELECT *\nFROM `...', Array, false)
#4 E:\LocalServer\inventory\system\Model.php(213): CodeIgniter\Database\BaseBuilder->get()
#5 E:\LocalServer\inventory\system\BaseModel.php(583): CodeIgniter\Model->doFindAll(20, 0)
#6 E:\LocalServer\inventory\system\BaseModel.php(1144): CodeIgniter\BaseModel->findAll(20, 0)
#7 E:\LocalServer\inventory\app\Controllers\administrator\Master.php(184): CodeIgniter\BaseModel->paginate(20)
#8 E:\LocalServer\inventory\system\CodeIgniter.php(936): App\Controllers\administrator\Master->history()
#9 E:\LocalServer\inventory\system\CodeIgniter.php(432): CodeIgniter\CodeIgniter->runController(Object(App\Controllers\administrator\Master))
#10 E:\LocalServer\inventory\system\CodeIgniter.php(333): CodeIgniter\CodeIgniter->handleRequest(NULL, Object(Config\Cache), false)
#11 E:\LocalServer\inventory\public\index.php(44): CodeIgniter\CodeIgniter->run()
#12 {main}
CRITICAL - 2021-04-18 16:34:38 --> Undefined variable: sortorder
#0 E:\LocalServer\inventory\app\Views\administrator\master\master_list.php(103): CodeIgniter\Debug\Exceptions->errorHandler(8, 'Undefined varia...', 'E:\\LocalServer\\...', 103, Array)
#1 E:\LocalServer\inventory\system\View\View.php(220): include('E:\\LocalServer\\...')
#2 E:\LocalServer\inventory\system\View\View.php(222): CodeIgniter\View\View->CodeIgniter\View\{closure}()
#3 E:\LocalServer\inventory\system\Common.php(1217): CodeIgniter\View\View->render('administrator/m...', Array, true)
#4 E:\LocalServer\inventory\app\Controllers\administrator\Master.php(194): view('administrator/m...', Array)
#5 E:\LocalServer\inventory\system\CodeIgniter.php(936): App\Controllers\administrator\Master->history()
#6 E:\LocalServer\inventory\system\CodeIgniter.php(432): CodeIgniter\CodeIgniter->runController(Object(App\Controllers\administrator\Master))
#7 E:\LocalServer\inventory\system\CodeIgniter.php(333): CodeIgniter\CodeIgniter->handleRequest(NULL, Object(Config\Cache), false)
#8 E:\LocalServer\inventory\public\index.php(44): CodeIgniter\CodeIgniter->run()
#9 {main}
CRITICAL - 2021-04-18 16:41:05 --> Undefined property: stdClass::$id_suplier
#0 E:\LocalServer\inventory\app\Views\administrator\master\master_history.php(137): CodeIgniter\Debug\Exceptions->errorHandler(8, 'Undefined prope...', 'E:\\LocalServer\\...', 137, Array)
#1 E:\LocalServer\inventory\system\View\View.php(220): include('E:\\LocalServer\\...')
#2 E:\LocalServer\inventory\system\View\View.php(222): CodeIgniter\View\View->CodeIgniter\View\{closure}()
#3 E:\LocalServer\inventory\system\Common.php(1217): CodeIgniter\View\View->render('administrator/m...', Array, true)
#4 E:\LocalServer\inventory\app\Controllers\administrator\Master.php(232): view('administrator/m...', Array)
#5 E:\LocalServer\inventory\system\CodeIgniter.php(936): App\Controllers\administrator\Master->history()
#6 E:\LocalServer\inventory\system\CodeIgniter.php(432): CodeIgniter\CodeIgniter->runController(Object(App\Controllers\administrator\Master))
#7 E:\LocalServer\inventory\system\CodeIgniter.php(333): CodeIgniter\CodeIgniter->handleRequest(NULL, Object(Config\Cache), false)
#8 E:\LocalServer\inventory\public\index.php(44): CodeIgniter\CodeIgniter->run()
#9 {main}
CRITICAL - 2021-04-18 16:42:13 --> Undefined property: stdClass::$suplier
#0 E:\LocalServer\inventory\app\Views\administrator\master\master_history.php(137): CodeIgniter\Debug\Exceptions->errorHandler(8, 'Undefined prope...', 'E:\\LocalServer\\...', 137, Array)
#1 E:\LocalServer\inventory\system\View\View.php(220): include('E:\\LocalServer\\...')
#2 E:\LocalServer\inventory\system\View\View.php(222): CodeIgniter\View\View->CodeIgniter\View\{closure}()
#3 E:\LocalServer\inventory\system\Common.php(1217): CodeIgniter\View\View->render('administrator/m...', Array, true)
#4 E:\LocalServer\inventory\app\Controllers\administrator\Master.php(232): view('administrator/m...', Array)
#5 E:\LocalServer\inventory\system\CodeIgniter.php(936): App\Controllers\administrator\Master->history()
#6 E:\LocalServer\inventory\system\CodeIgniter.php(432): CodeIgniter\CodeIgniter->runController(Object(App\Controllers\administrator\Master))
#7 E:\LocalServer\inventory\system\CodeIgniter.php(333): CodeIgniter\CodeIgniter->handleRequest(NULL, Object(Config\Cache), false)
#8 E:\LocalServer\inventory\public\index.php(44): CodeIgniter\CodeIgniter->run()
#9 {main}
CRITICAL - 2021-04-18 17:40:19 --> Division by zero
#0 E:\LocalServer\inventory\app\Views\administrator\dashboard.php(12): CodeIgniter\Debug\Exceptions->errorHandler(2, 'Division by zer...', 'E:\\LocalServer\\...', 12, Array)
#1 E:\LocalServer\inventory\system\View\View.php(220): include('E:\\LocalServer\\...')
#2 E:\LocalServer\inventory\system\View\View.php(222): CodeIgniter\View\View->CodeIgniter\View\{closure}()
#3 E:\LocalServer\inventory\system\Common.php(1217): CodeIgniter\View\View->render('administrator/d...', Array, true)
#4 E:\LocalServer\inventory\app\Controllers\administrator\Dashboard.php(84): view('administrator/d...', Array)
#5 E:\LocalServer\inventory\system\CodeIgniter.php(936): App\Controllers\administrator\Dashboard->index()
#6 E:\LocalServer\inventory\system\CodeIgniter.php(432): CodeIgniter\CodeIgniter->runController(Object(App\Controllers\administrator\Dashboard))
#7 E:\LocalServer\inventory\system\CodeIgniter.php(333): CodeIgniter\CodeIgniter->handleRequest(NULL, Object(Config\Cache), false)
#8 E:\LocalServer\inventory\public\index.php(44): CodeIgniter\CodeIgniter->run()
#9 {main}
