CRITICAL - 2021-05-14 08:05:48 --> Call to undefined function App\Controllers\imagecreate()
#0 C:\xampp\htdocs\inventory\system\CodeIgniter.php(936): App\Controllers\Api->barcode_image()
#1 C:\xampp\htdocs\inventory\system\CodeIgniter.php(432): CodeIgniter\CodeIgniter->runController(Object(App\Controllers\Api))
#2 C:\xampp\htdocs\inventory\system\CodeIgniter.php(333): CodeIgniter\CodeIgniter->handleRequest(NULL, Object(Config\Cache), false)
#3 C:\xampp\htdocs\inventory\public\index.php(44): CodeIgniter\CodeIgniter->run()
#4 {main}
CRITICAL - 2021-05-14 08:05:48 --> Call to undefined function App\Controllers\imagecreate()
#0 C:\xampp\htdocs\inventory\system\CodeIgniter.php(936): App\Controllers\Api->barcode_image()
#1 C:\xampp\htdocs\inventory\system\CodeIgniter.php(432): CodeIgniter\CodeIgniter->runController(Object(App\Controllers\Api))
#2 C:\xampp\htdocs\inventory\system\CodeIgniter.php(333): CodeIgniter\CodeIgniter->handleRequest(NULL, Object(Config\Cache), false)
#3 C:\xampp\htdocs\inventory\public\index.php(44): CodeIgniter\CodeIgniter->run()
#4 {main}
CRITICAL - 2021-05-14 08:05:48 --> Call to undefined function App\Controllers\imagecreate()
#0 C:\xampp\htdocs\inventory\system\CodeIgniter.php(936): App\Controllers\Api->barcode_image()
#1 C:\xampp\htdocs\inventory\system\CodeIgniter.php(432): CodeIgniter\CodeIgniter->runController(Object(App\Controllers\Api))
#2 C:\xampp\htdocs\inventory\system\CodeIgniter.php(333): CodeIgniter\CodeIgniter->handleRequest(NULL, Object(Config\Cache), false)
#3 C:\xampp\htdocs\inventory\public\index.php(44): CodeIgniter\CodeIgniter->run()
#4 {main}
CRITICAL - 2021-05-14 08:05:48 --> Call to undefined function App\Controllers\imagecreate()
#0 C:\xampp\htdocs\inventory\system\CodeIgniter.php(936): App\Controllers\Api->barcode_image()
#1 C:\xampp\htdocs\inventory\system\CodeIgniter.php(432): CodeIgniter\CodeIgniter->runController(Object(App\Controllers\Api))
#2 C:\xampp\htdocs\inventory\system\CodeIgniter.php(333): CodeIgniter\CodeIgniter->handleRequest(NULL, Object(Config\Cache), false)
#3 C:\xampp\htdocs\inventory\public\index.php(44): CodeIgniter\CodeIgniter->run()
#4 {main}
CRITICAL - 2021-05-14 08:05:48 --> Call to undefined function App\Controllers\imagecreate()
#0 C:\xampp\htdocs\inventory\system\CodeIgniter.php(936): App\Controllers\Api->barcode_image()
#1 C:\xampp\htdocs\inventory\system\CodeIgniter.php(432): CodeIgniter\CodeIgniter->runController(Object(App\Controllers\Api))
#2 C:\xampp\htdocs\inventory\system\CodeIgniter.php(333): CodeIgniter\CodeIgniter->handleRequest(NULL, Object(Config\Cache), false)
#3 C:\xampp\htdocs\inventory\public\index.php(44): CodeIgniter\CodeIgniter->run()
#4 {main}
CRITICAL - 2021-05-14 08:05:48 --> Call to undefined function App\Controllers\imagecreate()
#0 C:\xampp\htdocs\inventory\system\CodeIgniter.php(936): App\Controllers\Api->barcode_image()
#1 C:\xampp\htdocs\inventory\system\CodeIgniter.php(432): CodeIgniter\CodeIgniter->runController(Object(App\Controllers\Api))
#2 C:\xampp\htdocs\inventory\system\CodeIgniter.php(333): CodeIgniter\CodeIgniter->handleRequest(NULL, Object(Config\Cache), false)
#3 C:\xampp\htdocs\inventory\public\index.php(44): CodeIgniter\CodeIgniter->run()
#4 {main}
CRITICAL - 2021-05-14 08:05:48 --> Call to undefined function App\Controllers\imagecreate()
#0 C:\xampp\htdocs\inventory\system\CodeIgniter.php(936): App\Controllers\Api->barcode_image()
#1 C:\xampp\htdocs\inventory\system\CodeIgniter.php(432): CodeIgniter\CodeIgniter->runController(Object(App\Controllers\Api))
#2 C:\xampp\htdocs\inventory\system\CodeIgniter.php(333): CodeIgniter\CodeIgniter->handleRequest(NULL, Object(Config\Cache), false)
#3 C:\xampp\htdocs\inventory\public\index.php(44): CodeIgniter\CodeIgniter->run()
#4 {main}
CRITICAL - 2021-05-14 08:05:48 --> Call to undefined function App\Controllers\imagecreate()
#0 C:\xampp\htdocs\inventory\system\CodeIgniter.php(936): App\Controllers\Api->barcode_image()
#1 C:\xampp\htdocs\inventory\system\CodeIgniter.php(432): CodeIgniter\CodeIgniter->runController(Object(App\Controllers\Api))
#2 C:\xampp\htdocs\inventory\system\CodeIgniter.php(333): CodeIgniter\CodeIgniter->handleRequest(NULL, Object(Config\Cache), false)
#3 C:\xampp\htdocs\inventory\public\index.php(44): CodeIgniter\CodeIgniter->run()
#4 {main}
CRITICAL - 2021-05-14 08:05:48 --> Call to undefined function App\Controllers\imagecreate()
#0 C:\xampp\htdocs\inventory\system\CodeIgniter.php(936): App\Controllers\Api->barcode_image()
#1 C:\xampp\htdocs\inventory\system\CodeIgniter.php(432): CodeIgniter\CodeIgniter->runController(Object(App\Controllers\Api))
#2 C:\xampp\htdocs\inventory\system\CodeIgniter.php(333): CodeIgniter\CodeIgniter->handleRequest(NULL, Object(Config\Cache), false)
#3 C:\xampp\htdocs\inventory\public\index.php(44): CodeIgniter\CodeIgniter->run()
#4 {main}
CRITICAL - 2021-05-14 08:05:48 --> Call to undefined function App\Controllers\imagecreate()
#0 C:\xampp\htdocs\inventory\system\CodeIgniter.php(936): App\Controllers\Api->barcode_image()
#1 C:\xampp\htdocs\inventory\system\CodeIgniter.php(432): CodeIgniter\CodeIgniter->runController(Object(App\Controllers\Api))
#2 C:\xampp\htdocs\inventory\system\CodeIgniter.php(333): CodeIgniter\CodeIgniter->handleRequest(NULL, Object(Config\Cache), false)
#3 C:\xampp\htdocs\inventory\public\index.php(44): CodeIgniter\CodeIgniter->run()
#4 {main}
CRITICAL - 2021-05-14 08:05:56 --> Call to undefined function App\Controllers\imagecreate()
#0 C:\xampp\htdocs\inventory\system\CodeIgniter.php(936): App\Controllers\Api->barcode_image()
#1 C:\xampp\htdocs\inventory\system\CodeIgniter.php(432): CodeIgniter\CodeIgniter->runController(Object(App\Controllers\Api))
#2 C:\xampp\htdocs\inventory\system\CodeIgniter.php(333): CodeIgniter\CodeIgniter->handleRequest(NULL, Object(Config\Cache), false)
#3 C:\xampp\htdocs\inventory\public\index.php(44): CodeIgniter\CodeIgniter->run()
#4 {main}
CRITICAL - 2021-05-14 08:05:59 --> Call to undefined function App\Controllers\imagecreate()
#0 C:\xampp\htdocs\inventory\system\CodeIgniter.php(936): App\Controllers\Api->barcode_image()
#1 C:\xampp\htdocs\inventory\system\CodeIgniter.php(432): CodeIgniter\CodeIgniter->runController(Object(App\Controllers\Api))
#2 C:\xampp\htdocs\inventory\system\CodeIgniter.php(333): CodeIgniter\CodeIgniter->handleRequest(NULL, Object(Config\Cache), false)
#3 C:\xampp\htdocs\inventory\public\index.php(44): CodeIgniter\CodeIgniter->run()
#4 {main}
