CRITICAL - 2021-04-30 06:28:59 --> syntax error, unexpected '}'
#0 C:\wamp64\www\inventory\system\Router\Router.php(170): CodeIgniter\Router\Router->autoRoute('administrator/P...')
#1 C:\wamp64\www\inventory\system\CodeIgniter.php(816): CodeIgniter\Router\Router->handle('administrator/P...')
#2 C:\wamp64\www\inventory\system\CodeIgniter.php(385): CodeIgniter\CodeIgniter->tryToRouteIt(Object(CodeIgniter\Router\RouteCollection))
#3 C:\wamp64\www\inventory\system\CodeIgniter.php(333): CodeIgniter\CodeIgniter->handleRequest(NULL, Object(Config\Cache), false)
#4 C:\wamp64\www\inventory\public\index.php(44): CodeIgniter\CodeIgniter->run()
#5 {main}
ERROR - 2021-04-30 06:36:45 --> mysqli_sql_exception: Column 'id' in where clause is ambiguous in C:\wamp64\www\inventory\system\Database\MySQLi\Connection.php:314
Stack trace:
#0 C:\wamp64\www\inventory\system\Database\MySQLi\Connection.php(314): mysqli->query('SELECT `penjual...')
#1 C:\wamp64\www\inventory\system\Database\BaseConnection.php(713): CodeIgniter\Database\MySQLi\Connection->execute('SELECT `penjual...')
#2 C:\wamp64\www\inventory\system\Database\BaseConnection.php(641): CodeIgniter\Database\BaseConnection->simpleQuery('SELECT `penjual...')
#3 C:\wamp64\www\inventory\system\Database\BaseBuilder.php(1866): CodeIgniter\Database\BaseConnection->query('SELECT `penjual...', Array, false)
#4 C:\wamp64\www\inventory\system\Model.php(247): CodeIgniter\Database\BaseBuilder->get()
#5 C:\wamp64\www\inventory\system\BaseModel.php(624): CodeIgniter\Model->doFirst()
#6 C:\wamp64\www\inventory\app\Models\Penjualan_model.php(44): CodeIgniter\BaseModel->first()
#7 C:\wamp64\www\inventory\app\Controllers\administrator\Pengembalian.php(266): App\Models\Penjualan_model->get_by_id('SALS16197166642')
#8 C:\wamp64\www\inventory\system\CodeIgniter.php(936): App\Controllers\administrator\Pengembalian->create_action()
#9 C:\wamp64\www\inventory\system\CodeIgniter.php(432): CodeIgniter\CodeIgniter->runController(Object(App\Controllers\administrator\Pengembalian))
#10 C:\wamp64\www\inventory\system\CodeIgniter.php(333): CodeIgniter\CodeIgniter->handleRequest(NULL, Object(Config\Cache), false)
#11 C:\wamp64\www\inventory\public\index.php(44): CodeIgniter\CodeIgniter->run()
#12 {main}
CRITICAL - 2021-04-30 06:36:45 --> Column 'id' in where clause is ambiguous
#0 C:\wamp64\www\inventory\system\Database\MySQLi\Connection.php(314): mysqli->query('SELECT `penjual...')
#1 C:\wamp64\www\inventory\system\Database\BaseConnection.php(713): CodeIgniter\Database\MySQLi\Connection->execute('SELECT `penjual...')
#2 C:\wamp64\www\inventory\system\Database\BaseConnection.php(641): CodeIgniter\Database\BaseConnection->simpleQuery('SELECT `penjual...')
#3 C:\wamp64\www\inventory\system\Database\BaseBuilder.php(1866): CodeIgniter\Database\BaseConnection->query('SELECT `penjual...', Array, false)
#4 C:\wamp64\www\inventory\system\Model.php(247): CodeIgniter\Database\BaseBuilder->get()
#5 C:\wamp64\www\inventory\system\BaseModel.php(624): CodeIgniter\Model->doFirst()
#6 C:\wamp64\www\inventory\app\Models\Penjualan_model.php(44): CodeIgniter\BaseModel->first()
#7 C:\wamp64\www\inventory\app\Controllers\administrator\Pengembalian.php(266): App\Models\Penjualan_model->get_by_id('SALS16197166642')
#8 C:\wamp64\www\inventory\system\CodeIgniter.php(936): App\Controllers\administrator\Pengembalian->create_action()
#9 C:\wamp64\www\inventory\system\CodeIgniter.php(432): CodeIgniter\CodeIgniter->runController(Object(App\Controllers\administrator\Pengembalian))
#10 C:\wamp64\www\inventory\system\CodeIgniter.php(333): CodeIgniter\CodeIgniter->handleRequest(NULL, Object(Config\Cache), false)
#11 C:\wamp64\www\inventory\public\index.php(44): CodeIgniter\CodeIgniter->run()
#12 {main}
ERROR - 2021-04-30 06:36:56 --> mysqli_sql_exception: Column 'id' in where clause is ambiguous in C:\wamp64\www\inventory\system\Database\MySQLi\Connection.php:314
Stack trace:
#0 C:\wamp64\www\inventory\system\Database\MySQLi\Connection.php(314): mysqli->query('SELECT `penjual...')
#1 C:\wamp64\www\inventory\system\Database\BaseConnection.php(713): CodeIgniter\Database\MySQLi\Connection->execute('SELECT `penjual...')
#2 C:\wamp64\www\inventory\system\Database\BaseConnection.php(641): CodeIgniter\Database\BaseConnection->simpleQuery('SELECT `penjual...')
#3 C:\wamp64\www\inventory\system\Database\BaseBuilder.php(1866): CodeIgniter\Database\BaseConnection->query('SELECT `penjual...', Array, false)
#4 C:\wamp64\www\inventory\system\Model.php(247): CodeIgniter\Database\BaseBuilder->get()
#5 C:\wamp64\www\inventory\system\BaseModel.php(624): CodeIgniter\Model->doFirst()
#6 C:\wamp64\www\inventory\app\Models\Penjualan_model.php(44): CodeIgniter\BaseModel->first()
#7 C:\wamp64\www\inventory\app\Controllers\administrator\Pengembalian.php(266): App\Models\Penjualan_model->get_by_id('SALS16197166642')
#8 C:\wamp64\www\inventory\system\CodeIgniter.php(936): App\Controllers\administrator\Pengembalian->create_action()
#9 C:\wamp64\www\inventory\system\CodeIgniter.php(432): CodeIgniter\CodeIgniter->runController(Object(App\Controllers\administrator\Pengembalian))
#10 C:\wamp64\www\inventory\system\CodeIgniter.php(333): CodeIgniter\CodeIgniter->handleRequest(NULL, Object(Config\Cache), false)
#11 C:\wamp64\www\inventory\public\index.php(44): CodeIgniter\CodeIgniter->run()
#12 {main}
CRITICAL - 2021-04-30 06:36:56 --> Column 'id' in where clause is ambiguous
#0 C:\wamp64\www\inventory\system\Database\MySQLi\Connection.php(314): mysqli->query('SELECT `penjual...')
#1 C:\wamp64\www\inventory\system\Database\BaseConnection.php(713): CodeIgniter\Database\MySQLi\Connection->execute('SELECT `penjual...')
#2 C:\wamp64\www\inventory\system\Database\BaseConnection.php(641): CodeIgniter\Database\BaseConnection->simpleQuery('SELECT `penjual...')
#3 C:\wamp64\www\inventory\system\Database\BaseBuilder.php(1866): CodeIgniter\Database\BaseConnection->query('SELECT `penjual...', Array, false)
#4 C:\wamp64\www\inventory\system\Model.php(247): CodeIgniter\Database\BaseBuilder->get()
#5 C:\wamp64\www\inventory\system\BaseModel.php(624): CodeIgniter\Model->doFirst()
#6 C:\wamp64\www\inventory\app\Models\Penjualan_model.php(44): CodeIgniter\BaseModel->first()
#7 C:\wamp64\www\inventory\app\Controllers\administrator\Pengembalian.php(266): App\Models\Penjualan_model->get_by_id('SALS16197166642')
#8 C:\wamp64\www\inventory\system\CodeIgniter.php(936): App\Controllers\administrator\Pengembalian->create_action()
#9 C:\wamp64\www\inventory\system\CodeIgniter.php(432): CodeIgniter\CodeIgniter->runController(Object(App\Controllers\administrator\Pengembalian))
#10 C:\wamp64\www\inventory\system\CodeIgniter.php(333): CodeIgniter\CodeIgniter->handleRequest(NULL, Object(Config\Cache), false)
#11 C:\wamp64\www\inventory\public\index.php(44): CodeIgniter\CodeIgniter->run()
#12 {main}
ERROR - 2021-04-30 06:38:49 --> mysqli_sql_exception: Column 'id' in where clause is ambiguous in C:\wamp64\www\inventory\system\Database\MySQLi\Connection.php:314
Stack trace:
#0 C:\wamp64\www\inventory\system\Database\MySQLi\Connection.php(314): mysqli->query('SELECT `penjual...')
#1 C:\wamp64\www\inventory\system\Database\BaseConnection.php(713): CodeIgniter\Database\MySQLi\Connection->execute('SELECT `penjual...')
#2 C:\wamp64\www\inventory\system\Database\BaseConnection.php(641): CodeIgniter\Database\BaseConnection->simpleQuery('SELECT `penjual...')
#3 C:\wamp64\www\inventory\system\Database\BaseBuilder.php(1866): CodeIgniter\Database\BaseConnection->query('SELECT `penjual...', Array, false)
#4 C:\wamp64\www\inventory\system\Model.php(247): CodeIgniter\Database\BaseBuilder->get()
#5 C:\wamp64\www\inventory\system\BaseModel.php(624): CodeIgniter\Model->doFirst()
#6 C:\wamp64\www\inventory\app\Models\Penjualan_model.php(44): CodeIgniter\BaseModel->first()
#7 C:\wamp64\www\inventory\app\Controllers\administrator\Pengembalian.php(266): App\Models\Penjualan_model->get_by_id('SALS16197166642')
#8 C:\wamp64\www\inventory\system\CodeIgniter.php(936): App\Controllers\administrator\Pengembalian->create_action()
#9 C:\wamp64\www\inventory\system\CodeIgniter.php(432): CodeIgniter\CodeIgniter->runController(Object(App\Controllers\administrator\Pengembalian))
#10 C:\wamp64\www\inventory\system\CodeIgniter.php(333): CodeIgniter\CodeIgniter->handleRequest(NULL, Object(Config\Cache), false)
#11 C:\wamp64\www\inventory\public\index.php(44): CodeIgniter\CodeIgniter->run()
#12 {main}
CRITICAL - 2021-04-30 06:38:49 --> Column 'id' in where clause is ambiguous
#0 C:\wamp64\www\inventory\system\Database\MySQLi\Connection.php(314): mysqli->query('SELECT `penjual...')
#1 C:\wamp64\www\inventory\system\Database\BaseConnection.php(713): CodeIgniter\Database\MySQLi\Connection->execute('SELECT `penjual...')
#2 C:\wamp64\www\inventory\system\Database\BaseConnection.php(641): CodeIgniter\Database\BaseConnection->simpleQuery('SELECT `penjual...')
#3 C:\wamp64\www\inventory\system\Database\BaseBuilder.php(1866): CodeIgniter\Database\BaseConnection->query('SELECT `penjual...', Array, false)
#4 C:\wamp64\www\inventory\system\Model.php(247): CodeIgniter\Database\BaseBuilder->get()
#5 C:\wamp64\www\inventory\system\BaseModel.php(624): CodeIgniter\Model->doFirst()
#6 C:\wamp64\www\inventory\app\Models\Penjualan_model.php(44): CodeIgniter\BaseModel->first()
#7 C:\wamp64\www\inventory\app\Controllers\administrator\Pengembalian.php(266): App\Models\Penjualan_model->get_by_id('SALS16197166642')
#8 C:\wamp64\www\inventory\system\CodeIgniter.php(936): App\Controllers\administrator\Pengembalian->create_action()
#9 C:\wamp64\www\inventory\system\CodeIgniter.php(432): CodeIgniter\CodeIgniter->runController(Object(App\Controllers\administrator\Pengembalian))
#10 C:\wamp64\www\inventory\system\CodeIgniter.php(333): CodeIgniter\CodeIgniter->handleRequest(NULL, Object(Config\Cache), false)
#11 C:\wamp64\www\inventory\public\index.php(44): CodeIgniter\CodeIgniter->run()
#12 {main}
ERROR - 2021-04-30 06:39:04 --> mysqli_sql_exception: Column 'id' in where clause is ambiguous in C:\wamp64\www\inventory\system\Database\MySQLi\Connection.php:314
Stack trace:
#0 C:\wamp64\www\inventory\system\Database\MySQLi\Connection.php(314): mysqli->query('SELECT `penjual...')
#1 C:\wamp64\www\inventory\system\Database\BaseConnection.php(713): CodeIgniter\Database\MySQLi\Connection->execute('SELECT `penjual...')
#2 C:\wamp64\www\inventory\system\Database\BaseConnection.php(641): CodeIgniter\Database\BaseConnection->simpleQuery('SELECT `penjual...')
#3 C:\wamp64\www\inventory\system\Database\BaseBuilder.php(1866): CodeIgniter\Database\BaseConnection->query('SELECT `penjual...', Array, false)
#4 C:\wamp64\www\inventory\system\Model.php(247): CodeIgniter\Database\BaseBuilder->get()
#5 C:\wamp64\www\inventory\system\BaseModel.php(624): CodeIgniter\Model->doFirst()
#6 C:\wamp64\www\inventory\app\Models\Penjualan_model.php(44): CodeIgniter\BaseModel->first()
#7 C:\wamp64\www\inventory\app\Controllers\administrator\Pengembalian.php(266): App\Models\Penjualan_model->get_by_id('SALS16197166642')
#8 C:\wamp64\www\inventory\system\CodeIgniter.php(936): App\Controllers\administrator\Pengembalian->create_action()
#9 C:\wamp64\www\inventory\system\CodeIgniter.php(432): CodeIgniter\CodeIgniter->runController(Object(App\Controllers\administrator\Pengembalian))
#10 C:\wamp64\www\inventory\system\CodeIgniter.php(333): CodeIgniter\CodeIgniter->handleRequest(NULL, Object(Config\Cache), false)
#11 C:\wamp64\www\inventory\public\index.php(44): CodeIgniter\CodeIgniter->run()
#12 {main}
CRITICAL - 2021-04-30 06:39:04 --> Column 'id' in where clause is ambiguous
#0 C:\wamp64\www\inventory\system\Database\MySQLi\Connection.php(314): mysqli->query('SELECT `penjual...')
#1 C:\wamp64\www\inventory\system\Database\BaseConnection.php(713): CodeIgniter\Database\MySQLi\Connection->execute('SELECT `penjual...')
#2 C:\wamp64\www\inventory\system\Database\BaseConnection.php(641): CodeIgniter\Database\BaseConnection->simpleQuery('SELECT `penjual...')
#3 C:\wamp64\www\inventory\system\Database\BaseBuilder.php(1866): CodeIgniter\Database\BaseConnection->query('SELECT `penjual...', Array, false)
#4 C:\wamp64\www\inventory\system\Model.php(247): CodeIgniter\Database\BaseBuilder->get()
#5 C:\wamp64\www\inventory\system\BaseModel.php(624): CodeIgniter\Model->doFirst()
#6 C:\wamp64\www\inventory\app\Models\Penjualan_model.php(44): CodeIgniter\BaseModel->first()
#7 C:\wamp64\www\inventory\app\Controllers\administrator\Pengembalian.php(266): App\Models\Penjualan_model->get_by_id('SALS16197166642')
#8 C:\wamp64\www\inventory\system\CodeIgniter.php(936): App\Controllers\administrator\Pengembalian->create_action()
#9 C:\wamp64\www\inventory\system\CodeIgniter.php(432): CodeIgniter\CodeIgniter->runController(Object(App\Controllers\administrator\Pengembalian))
#10 C:\wamp64\www\inventory\system\CodeIgniter.php(333): CodeIgniter\CodeIgniter->handleRequest(NULL, Object(Config\Cache), false)
#11 C:\wamp64\www\inventory\public\index.php(44): CodeIgniter\CodeIgniter->run()
#12 {main}
CRITICAL - 2021-04-30 06:41:00 --> Call to undefined method App\Models\Penjualan_model::getById
#0 C:\wamp64\www\inventory\app\Controllers\administrator\Pengembalian.php(266): CodeIgniter\Model->__call('getById', Array)
#1 C:\wamp64\www\inventory\system\CodeIgniter.php(936): App\Controllers\administrator\Pengembalian->create_action()
#2 C:\wamp64\www\inventory\system\CodeIgniter.php(432): CodeIgniter\CodeIgniter->runController(Object(App\Controllers\administrator\Pengembalian))
#3 C:\wamp64\www\inventory\system\CodeIgniter.php(333): CodeIgniter\CodeIgniter->handleRequest(NULL, Object(Config\Cache), false)
#4 C:\wamp64\www\inventory\public\index.php(44): CodeIgniter\CodeIgniter->run()
#5 {main}
ERROR - 2021-04-30 06:42:41 --> mysqli_sql_exception: Column 'id_penjualan' cannot be null in C:\wamp64\www\inventory\system\Database\MySQLi\Connection.php:314
Stack trace:
#0 C:\wamp64\www\inventory\system\Database\MySQLi\Connection.php(314): mysqli->query('INSERT INTO `pe...')
#1 C:\wamp64\www\inventory\system\Database\BaseConnection.php(713): CodeIgniter\Database\MySQLi\Connection->execute('INSERT INTO `pe...')
#2 C:\wamp64\www\inventory\system\Database\BaseConnection.php(641): CodeIgniter\Database\BaseConnection->simpleQuery('INSERT INTO `pe...')
#3 C:\wamp64\www\inventory\system\Database\BaseBuilder.php(2263): CodeIgniter\Database\BaseConnection->query('INSERT INTO `pe...', Array, false)
#4 C:\wamp64\www\inventory\system\Model.php(278): CodeIgniter\Database\BaseBuilder->insert()
#5 C:\wamp64\www\inventory\system\BaseModel.php(758): CodeIgniter\Model->doInsert(Array)
#6 C:\wamp64\www\inventory\system\Model.php(705): CodeIgniter\BaseModel->insert(Array, true)
#7 C:\wamp64\www\inventory\app\Controllers\administrator\Pengembalian.php(279): CodeIgniter\Model->insert(Array)
#8 C:\wamp64\www\inventory\system\CodeIgniter.php(936): App\Controllers\administrator\Pengembalian->create_action()
#9 C:\wamp64\www\inventory\system\CodeIgniter.php(432): CodeIgniter\CodeIgniter->runController(Object(App\Controllers\administrator\Pengembalian))
#10 C:\wamp64\www\inventory\system\CodeIgniter.php(333): CodeIgniter\CodeIgniter->handleRequest(NULL, Object(Config\Cache), false)
#11 C:\wamp64\www\inventory\public\index.php(44): CodeIgniter\CodeIgniter->run()
#12 {main}
CRITICAL - 2021-04-30 06:42:41 --> Column 'id_penjualan' cannot be null
#0 C:\wamp64\www\inventory\system\Database\MySQLi\Connection.php(314): mysqli->query('INSERT INTO `pe...')
#1 C:\wamp64\www\inventory\system\Database\BaseConnection.php(713): CodeIgniter\Database\MySQLi\Connection->execute('INSERT INTO `pe...')
#2 C:\wamp64\www\inventory\system\Database\BaseConnection.php(641): CodeIgniter\Database\BaseConnection->simpleQuery('INSERT INTO `pe...')
#3 C:\wamp64\www\inventory\system\Database\BaseBuilder.php(2263): CodeIgniter\Database\BaseConnection->query('INSERT INTO `pe...', Array, false)
#4 C:\wamp64\www\inventory\system\Model.php(278): CodeIgniter\Database\BaseBuilder->insert()
#5 C:\wamp64\www\inventory\system\BaseModel.php(758): CodeIgniter\Model->doInsert(Array)
#6 C:\wamp64\www\inventory\system\Model.php(705): CodeIgniter\BaseModel->insert(Array, true)
#7 C:\wamp64\www\inventory\app\Controllers\administrator\Pengembalian.php(279): CodeIgniter\Model->insert(Array)
#8 C:\wamp64\www\inventory\system\CodeIgniter.php(936): App\Controllers\administrator\Pengembalian->create_action()
#9 C:\wamp64\www\inventory\system\CodeIgniter.php(432): CodeIgniter\CodeIgniter->runController(Object(App\Controllers\administrator\Pengembalian))
#10 C:\wamp64\www\inventory\system\CodeIgniter.php(333): CodeIgniter\CodeIgniter->handleRequest(NULL, Object(Config\Cache), false)
#11 C:\wamp64\www\inventory\public\index.php(44): CodeIgniter\CodeIgniter->run()
#12 {main}
ERROR - 2021-04-30 06:42:45 --> mysqli_sql_exception: Column 'id_penjualan' cannot be null in C:\wamp64\www\inventory\system\Database\MySQLi\Connection.php:314
Stack trace:
#0 C:\wamp64\www\inventory\system\Database\MySQLi\Connection.php(314): mysqli->query('INSERT INTO `pe...')
#1 C:\wamp64\www\inventory\system\Database\BaseConnection.php(713): CodeIgniter\Database\MySQLi\Connection->execute('INSERT INTO `pe...')
#2 C:\wamp64\www\inventory\system\Database\BaseConnection.php(641): CodeIgniter\Database\BaseConnection->simpleQuery('INSERT INTO `pe...')
#3 C:\wamp64\www\inventory\system\Database\BaseBuilder.php(2263): CodeIgniter\Database\BaseConnection->query('INSERT INTO `pe...', Array, false)
#4 C:\wamp64\www\inventory\system\Model.php(278): CodeIgniter\Database\BaseBuilder->insert()
#5 C:\wamp64\www\inventory\system\BaseModel.php(758): CodeIgniter\Model->doInsert(Array)
#6 C:\wamp64\www\inventory\system\Model.php(705): CodeIgniter\BaseModel->insert(Array, true)
#7 C:\wamp64\www\inventory\app\Controllers\administrator\Pengembalian.php(279): CodeIgniter\Model->insert(Array)
#8 C:\wamp64\www\inventory\system\CodeIgniter.php(936): App\Controllers\administrator\Pengembalian->create_action()
#9 C:\wamp64\www\inventory\system\CodeIgniter.php(432): CodeIgniter\CodeIgniter->runController(Object(App\Controllers\administrator\Pengembalian))
#10 C:\wamp64\www\inventory\system\CodeIgniter.php(333): CodeIgniter\CodeIgniter->handleRequest(NULL, Object(Config\Cache), false)
#11 C:\wamp64\www\inventory\public\index.php(44): CodeIgniter\CodeIgniter->run()
#12 {main}
CRITICAL - 2021-04-30 06:42:45 --> Column 'id_penjualan' cannot be null
#0 C:\wamp64\www\inventory\system\Database\MySQLi\Connection.php(314): mysqli->query('INSERT INTO `pe...')
#1 C:\wamp64\www\inventory\system\Database\BaseConnection.php(713): CodeIgniter\Database\MySQLi\Connection->execute('INSERT INTO `pe...')
#2 C:\wamp64\www\inventory\system\Database\BaseConnection.php(641): CodeIgniter\Database\BaseConnection->simpleQuery('INSERT INTO `pe...')
#3 C:\wamp64\www\inventory\system\Database\BaseBuilder.php(2263): CodeIgniter\Database\BaseConnection->query('INSERT INTO `pe...', Array, false)
#4 C:\wamp64\www\inventory\system\Model.php(278): CodeIgniter\Database\BaseBuilder->insert()
#5 C:\wamp64\www\inventory\system\BaseModel.php(758): CodeIgniter\Model->doInsert(Array)
#6 C:\wamp64\www\inventory\system\Model.php(705): CodeIgniter\BaseModel->insert(Array, true)
#7 C:\wamp64\www\inventory\app\Controllers\administrator\Pengembalian.php(279): CodeIgniter\Model->insert(Array)
#8 C:\wamp64\www\inventory\system\CodeIgniter.php(936): App\Controllers\administrator\Pengembalian->create_action()
#9 C:\wamp64\www\inventory\system\CodeIgniter.php(432): CodeIgniter\CodeIgniter->runController(Object(App\Controllers\administrator\Pengembalian))
#10 C:\wamp64\www\inventory\system\CodeIgniter.php(333): CodeIgniter\CodeIgniter->handleRequest(NULL, Object(Config\Cache), false)
#11 C:\wamp64\www\inventory\public\index.php(44): CodeIgniter\CodeIgniter->run()
#12 {main}
CRITICAL - 2021-04-30 07:16:21 --> Class 'App\Models\Berita_excel' not found
#0 C:\wamp64\www\inventory\system\CodeIgniter.php(936): App\Controllers\administrator\Pengembalian->to_excel()
#1 C:\wamp64\www\inventory\system\CodeIgniter.php(432): CodeIgniter\CodeIgniter->runController(Object(App\Controllers\administrator\Pengembalian))
#2 C:\wamp64\www\inventory\system\CodeIgniter.php(333): CodeIgniter\CodeIgniter->handleRequest(NULL, Object(Config\Cache), false)
#3 C:\wamp64\www\inventory\public\index.php(44): CodeIgniter\CodeIgniter->run()
#4 {main}
CRITICAL - 2021-04-30 07:35:19 --> Undefined property: stdClass::$divisi
#0 C:\wamp64\www\inventory\app\Views\administrator\pengembalian\pengembalian_list.php(160): CodeIgniter\Debug\Exceptions->errorHandler(8, 'Undefined prope...', 'C:\\wamp64\\www\\i...', 160, Array)
#1 C:\wamp64\www\inventory\system\View\View.php(220): include('C:\\wamp64\\www\\i...')
#2 C:\wamp64\www\inventory\system\View\View.php(222): CodeIgniter\View\View->CodeIgniter\View\{closure}()
#3 C:\wamp64\www\inventory\system\Common.php(1217): CodeIgniter\View\View->render('administrator/p...', Array, true)
#4 C:\wamp64\www\inventory\app\Controllers\administrator\Pengembalian.php(145): view('administrator/p...', Array)
#5 C:\wamp64\www\inventory\system\CodeIgniter.php(936): App\Controllers\administrator\Pengembalian->index()
#6 C:\wamp64\www\inventory\system\CodeIgniter.php(432): CodeIgniter\CodeIgniter->runController(Object(App\Controllers\administrator\Pengembalian))
#7 C:\wamp64\www\inventory\system\CodeIgniter.php(333): CodeIgniter\CodeIgniter->handleRequest(NULL, Object(Config\Cache), false)
#8 C:\wamp64\www\inventory\public\index.php(44): CodeIgniter\CodeIgniter->run()
#9 {main}
ERROR - 2021-04-30 07:36:05 --> mysqli_sql_exception: Unknown column 'penjualan.id_master' in 'on clause' in C:\wamp64\www\inventory\system\Database\MySQLi\Connection.php:314
Stack trace:
#0 C:\wamp64\www\inventory\system\Database\MySQLi\Connection.php(314): mysqli->query('SELECT COUNT(*)...')
#1 C:\wamp64\www\inventory\system\Database\BaseConnection.php(713): CodeIgniter\Database\MySQLi\Connection->execute('SELECT COUNT(*)...')
#2 C:\wamp64\www\inventory\system\Database\BaseConnection.php(641): CodeIgniter\Database\BaseConnection->simpleQuery('SELECT COUNT(*)...')
#3 C:\wamp64\www\inventory\system\Database\BaseBuilder.php(1966): CodeIgniter\Database\BaseConnection->query('SELECT COUNT(*)...', Array, false)
#4 C:\wamp64\www\inventory\system\Model.php(570): CodeIgniter\Database\BaseBuilder->countAllResults(false)
#5 C:\wamp64\www\inventory\system\BaseModel.php(1140): CodeIgniter\Model->countAllResults(false)
#6 C:\wamp64\www\inventory\app\Controllers\administrator\Pengembalian.php(138): CodeIgniter\BaseModel->paginate(20)
#7 C:\wamp64\www\inventory\system\CodeIgniter.php(936): App\Controllers\administrator\Pengembalian->index()
#8 C:\wamp64\www\inventory\system\CodeIgniter.php(432): CodeIgniter\CodeIgniter->runController(Object(App\Controllers\administrator\Pengembalian))
#9 C:\wamp64\www\inventory\system\CodeIgniter.php(333): CodeIgniter\CodeIgniter->handleRequest(NULL, Object(Config\Cache), false)
#10 C:\wamp64\www\inventory\public\index.php(44): CodeIgniter\CodeIgniter->run()
#11 {main}
CRITICAL - 2021-04-30 07:36:05 --> Unknown column 'penjualan.id_master' in 'on clause'
#0 C:\wamp64\www\inventory\system\Database\MySQLi\Connection.php(314): mysqli->query('SELECT COUNT(*)...')
#1 C:\wamp64\www\inventory\system\Database\BaseConnection.php(713): CodeIgniter\Database\MySQLi\Connection->execute('SELECT COUNT(*)...')
#2 C:\wamp64\www\inventory\system\Database\BaseConnection.php(641): CodeIgniter\Database\BaseConnection->simpleQuery('SELECT COUNT(*)...')
#3 C:\wamp64\www\inventory\system\Database\BaseBuilder.php(1966): CodeIgniter\Database\BaseConnection->query('SELECT COUNT(*)...', Array, false)
#4 C:\wamp64\www\inventory\system\Model.php(570): CodeIgniter\Database\BaseBuilder->countAllResults(false)
#5 C:\wamp64\www\inventory\system\BaseModel.php(1140): CodeIgniter\Model->countAllResults(false)
#6 C:\wamp64\www\inventory\app\Controllers\administrator\Pengembalian.php(138): CodeIgniter\BaseModel->paginate(20)
#7 C:\wamp64\www\inventory\system\CodeIgniter.php(936): App\Controllers\administrator\Pengembalian->index()
#8 C:\wamp64\www\inventory\system\CodeIgniter.php(432): CodeIgniter\CodeIgniter->runController(Object(App\Controllers\administrator\Pengembalian))
#9 C:\wamp64\www\inventory\system\CodeIgniter.php(333): CodeIgniter\CodeIgniter->handleRequest(NULL, Object(Config\Cache), false)
#10 C:\wamp64\www\inventory\public\index.php(44): CodeIgniter\CodeIgniter->run()
#11 {main}
CRITICAL - 2021-04-30 07:38:42 --> Undefined property: stdClass::$id_transaksi
#0 C:\wamp64\www\inventory\app\Views\administrator\pengembalian\pengembalian_list.php(152): CodeIgniter\Debug\Exceptions->errorHandler(8, 'Undefined prope...', 'C:\\wamp64\\www\\i...', 152, Array)
#1 C:\wamp64\www\inventory\system\View\View.php(220): include('C:\\wamp64\\www\\i...')
#2 C:\wamp64\www\inventory\system\View\View.php(222): CodeIgniter\View\View->CodeIgniter\View\{closure}()
#3 C:\wamp64\www\inventory\system\Common.php(1217): CodeIgniter\View\View->render('administrator/p...', Array, true)
#4 C:\wamp64\www\inventory\app\Controllers\administrator\Pengembalian.php(147): view('administrator/p...', Array)
#5 C:\wamp64\www\inventory\system\CodeIgniter.php(936): App\Controllers\administrator\Pengembalian->index()
#6 C:\wamp64\www\inventory\system\CodeIgniter.php(432): CodeIgniter\CodeIgniter->runController(Object(App\Controllers\administrator\Pengembalian))
#7 C:\wamp64\www\inventory\system\CodeIgniter.php(333): CodeIgniter\CodeIgniter->handleRequest(NULL, Object(Config\Cache), false)
#8 C:\wamp64\www\inventory\public\index.php(44): CodeIgniter\CodeIgniter->run()
#9 {main}
ERROR - 2021-04-30 07:44:09 --> mysqli_sql_exception: Column 'id' in where clause is ambiguous in C:\wamp64\www\inventory\system\Database\MySQLi\Connection.php:314
Stack trace:
#0 C:\wamp64\www\inventory\system\Database\MySQLi\Connection.php(314): mysqli->query('SELECT COUNT(*)...')
#1 C:\wamp64\www\inventory\system\Database\BaseConnection.php(713): CodeIgniter\Database\MySQLi\Connection->execute('SELECT COUNT(*)...')
#2 C:\wamp64\www\inventory\system\Database\BaseConnection.php(641): CodeIgniter\Database\BaseConnection->simpleQuery('SELECT COUNT(*)...')
#3 C:\wamp64\www\inventory\system\Database\BaseBuilder.php(1966): CodeIgniter\Database\BaseConnection->query('SELECT COUNT(*)...', Array, false)
#4 C:\wamp64\www\inventory\system\Model.php(570): CodeIgniter\Database\BaseBuilder->countAllResults(false)
#5 C:\wamp64\www\inventory\system\BaseModel.php(1140): CodeIgniter\Model->countAllResults(false)
#6 C:\wamp64\www\inventory\app\Controllers\administrator\Penjualan.php(139): CodeIgniter\BaseModel->paginate(20)
#7 C:\wamp64\www\inventory\system\CodeIgniter.php(936): App\Controllers\administrator\Penjualan->index()
#8 C:\wamp64\www\inventory\system\CodeIgniter.php(432): CodeIgniter\CodeIgniter->runController(Object(App\Controllers\administrator\Penjualan))
#9 C:\wamp64\www\inventory\system\CodeIgniter.php(333): CodeIgniter\CodeIgniter->handleRequest(NULL, Object(Config\Cache), false)
#10 C:\wamp64\www\inventory\public\index.php(44): CodeIgniter\CodeIgniter->run()
#11 {main}
CRITICAL - 2021-04-30 07:44:09 --> Column 'id' in where clause is ambiguous
#0 C:\wamp64\www\inventory\system\Database\MySQLi\Connection.php(314): mysqli->query('SELECT COUNT(*)...')
#1 C:\wamp64\www\inventory\system\Database\BaseConnection.php(713): CodeIgniter\Database\MySQLi\Connection->execute('SELECT COUNT(*)...')
#2 C:\wamp64\www\inventory\system\Database\BaseConnection.php(641): CodeIgniter\Database\BaseConnection->simpleQuery('SELECT COUNT(*)...')
#3 C:\wamp64\www\inventory\system\Database\BaseBuilder.php(1966): CodeIgniter\Database\BaseConnection->query('SELECT COUNT(*)...', Array, false)
#4 C:\wamp64\www\inventory\system\Model.php(570): CodeIgniter\Database\BaseBuilder->countAllResults(false)
#5 C:\wamp64\www\inventory\system\BaseModel.php(1140): CodeIgniter\Model->countAllResults(false)
#6 C:\wamp64\www\inventory\app\Controllers\administrator\Penjualan.php(139): CodeIgniter\BaseModel->paginate(20)
#7 C:\wamp64\www\inventory\system\CodeIgniter.php(936): App\Controllers\administrator\Penjualan->index()
#8 C:\wamp64\www\inventory\system\CodeIgniter.php(432): CodeIgniter\CodeIgniter->runController(Object(App\Controllers\administrator\Penjualan))
#9 C:\wamp64\www\inventory\system\CodeIgniter.php(333): CodeIgniter\CodeIgniter->handleRequest(NULL, Object(Config\Cache), false)
#10 C:\wamp64\www\inventory\public\index.php(44): CodeIgniter\CodeIgniter->run()
#11 {main}
ERROR - 2021-04-30 07:45:30 --> mysqli_sql_exception: Column 'harga' in where clause is ambiguous in C:\wamp64\www\inventory\system\Database\MySQLi\Connection.php:314
Stack trace:
#0 C:\wamp64\www\inventory\system\Database\MySQLi\Connection.php(314): mysqli->query('SELECT COUNT(*)...')
#1 C:\wamp64\www\inventory\system\Database\BaseConnection.php(713): CodeIgniter\Database\MySQLi\Connection->execute('SELECT COUNT(*)...')
#2 C:\wamp64\www\inventory\system\Database\BaseConnection.php(641): CodeIgniter\Database\BaseConnection->simpleQuery('SELECT COUNT(*)...')
#3 C:\wamp64\www\inventory\system\Database\BaseBuilder.php(1966): CodeIgniter\Database\BaseConnection->query('SELECT COUNT(*)...', Array, false)
#4 C:\wamp64\www\inventory\system\Model.php(570): CodeIgniter\Database\BaseBuilder->countAllResults(false)
#5 C:\wamp64\www\inventory\system\BaseModel.php(1140): CodeIgniter\Model->countAllResults(false)
#6 C:\wamp64\www\inventory\app\Controllers\administrator\Penjualan.php(139): CodeIgniter\BaseModel->paginate(20)
#7 C:\wamp64\www\inventory\system\CodeIgniter.php(936): App\Controllers\administrator\Penjualan->index()
#8 C:\wamp64\www\inventory\system\CodeIgniter.php(432): CodeIgniter\CodeIgniter->runController(Object(App\Controllers\administrator\Penjualan))
#9 C:\wamp64\www\inventory\system\CodeIgniter.php(333): CodeIgniter\CodeIgniter->handleRequest(NULL, Object(Config\Cache), false)
#10 C:\wamp64\www\inventory\public\index.php(44): CodeIgniter\CodeIgniter->run()
#11 {main}
CRITICAL - 2021-04-30 07:45:30 --> Column 'harga' in where clause is ambiguous
#0 C:\wamp64\www\inventory\system\Database\MySQLi\Connection.php(314): mysqli->query('SELECT COUNT(*)...')
#1 C:\wamp64\www\inventory\system\Database\BaseConnection.php(713): CodeIgniter\Database\MySQLi\Connection->execute('SELECT COUNT(*)...')
#2 C:\wamp64\www\inventory\system\Database\BaseConnection.php(641): CodeIgniter\Database\BaseConnection->simpleQuery('SELECT COUNT(*)...')
#3 C:\wamp64\www\inventory\system\Database\BaseBuilder.php(1966): CodeIgniter\Database\BaseConnection->query('SELECT COUNT(*)...', Array, false)
#4 C:\wamp64\www\inventory\system\Model.php(570): CodeIgniter\Database\BaseBuilder->countAllResults(false)
#5 C:\wamp64\www\inventory\system\BaseModel.php(1140): CodeIgniter\Model->countAllResults(false)
#6 C:\wamp64\www\inventory\app\Controllers\administrator\Penjualan.php(139): CodeIgniter\BaseModel->paginate(20)
#7 C:\wamp64\www\inventory\system\CodeIgniter.php(936): App\Controllers\administrator\Penjualan->index()
#8 C:\wamp64\www\inventory\system\CodeIgniter.php(432): CodeIgniter\CodeIgniter->runController(Object(App\Controllers\administrator\Penjualan))
#9 C:\wamp64\www\inventory\system\CodeIgniter.php(333): CodeIgniter\CodeIgniter->handleRequest(NULL, Object(Config\Cache), false)
#10 C:\wamp64\www\inventory\public\index.php(44): CodeIgniter\CodeIgniter->run()
#11 {main}
CRITICAL - 2021-04-30 09:09:16 --> str_repeat(): Second argument has to be greater than or equal to 0
#0 [internal function]: CodeIgniter\Debug\Exceptions->errorHandler(2, 'str_repeat(): S...', 'C:\\wamp64\\www\\i...', 168, Array)
#1 C:\wamp64\www\inventory\app\Controllers\administrator\Invoice.php(168): str_repeat('0', -2)
#2 C:\wamp64\www\inventory\system\CodeIgniter.php(936): App\Controllers\administrator\Invoice->read('assets', 'vendors', 'bootstrap', 'dist', 'css', 'bootstrap.min.c...')
#3 C:\wamp64\www\inventory\system\CodeIgniter.php(432): CodeIgniter\CodeIgniter->runController(Object(App\Controllers\administrator\Invoice))
#4 C:\wamp64\www\inventory\system\CodeIgniter.php(333): CodeIgniter\CodeIgniter->handleRequest(NULL, Object(Config\Cache), false)
#5 C:\wamp64\www\inventory\public\index.php(44): CodeIgniter\CodeIgniter->run()
#6 {main}
CRITICAL - 2021-04-30 09:09:53 --> str_repeat(): Second argument has to be greater than or equal to 0
#0 [internal function]: CodeIgniter\Debug\Exceptions->errorHandler(2, 'str_repeat(): S...', 'C:\\wamp64\\www\\i...', 168, Array)
#1 C:\wamp64\www\inventory\app\Controllers\administrator\Invoice.php(168): str_repeat('0', -2)
#2 C:\wamp64\www\inventory\system\CodeIgniter.php(936): App\Controllers\administrator\Invoice->read('assets', 'vendors', 'bootstrap', 'dist', 'css', 'bootstrap.min.c...')
#3 C:\wamp64\www\inventory\system\CodeIgniter.php(432): CodeIgniter\CodeIgniter->runController(Object(App\Controllers\administrator\Invoice))
#4 C:\wamp64\www\inventory\system\CodeIgniter.php(333): CodeIgniter\CodeIgniter->handleRequest(NULL, Object(Config\Cache), false)
#5 C:\wamp64\www\inventory\public\index.php(44): CodeIgniter\CodeIgniter->run()
#6 {main}
CRITICAL - 2021-04-30 09:11:10 --> str_repeat(): Second argument has to be greater than or equal to 0
#0 [internal function]: CodeIgniter\Debug\Exceptions->errorHandler(2, 'str_repeat(): S...', 'C:\\wamp64\\www\\i...', 168, Array)
#1 C:\wamp64\www\inventory\app\Controllers\administrator\Invoice.php(168): str_repeat('0', -2)
#2 C:\wamp64\www\inventory\system\CodeIgniter.php(936): App\Controllers\administrator\Invoice->read('assets', 'vendors', 'bootstrap', 'dist', 'css', 'bootstrap.min.c...')
#3 C:\wamp64\www\inventory\system\CodeIgniter.php(432): CodeIgniter\CodeIgniter->runController(Object(App\Controllers\administrator\Invoice))
#4 C:\wamp64\www\inventory\system\CodeIgniter.php(333): CodeIgniter\CodeIgniter->handleRequest(NULL, Object(Config\Cache), false)
#5 C:\wamp64\www\inventory\public\index.php(44): CodeIgniter\CodeIgniter->run()
#6 {main}
