CRITICAL - 2021-04-17 02:21:44 --> Undefined index: locale
#0 E:\LocalServer\inventory\app\Views\login.php(51): CodeIgniter\Debug\Exceptions->errorHandler(8, 'Undefined index...', 'E:\\LocalServer\\...', 51, Array)
#1 E:\LocalServer\inventory\system\View\View.php(220): include('E:\\LocalServer\\...')
#2 E:\LocalServer\inventory\system\View\View.php(222): CodeIgniter\View\View->CodeIgniter\View\{closure}()
#3 E:\LocalServer\inventory\system\Common.php(1217): CodeIgniter\View\View->render('login', Array, true)
#4 E:\LocalServer\inventory\app\Controllers\Home.php(41): view('login', Array)
#5 E:\LocalServer\inventory\app\Controllers\Home.php(36): App\Controllers\Home->login()
#6 E:\LocalServer\inventory\system\CodeIgniter.php(936): App\Controllers\Home->index()
#7 E:\LocalServer\inventory\system\CodeIgniter.php(432): CodeIgniter\CodeIgniter->runController(Object(App\Controllers\Home))
#8 E:\LocalServer\inventory\system\CodeIgniter.php(333): CodeIgniter\CodeIgniter->handleRequest(NULL, Object(Config\Cache), false)
#9 E:\LocalServer\inventory\public\index.php(44): CodeIgniter\CodeIgniter->run()
#10 {main}
CRITICAL - 2021-04-17 02:21:54 --> Undefined index: locale
#0 E:\LocalServer\inventory\app\Views\login.php(51): CodeIgniter\Debug\Exceptions->errorHandler(8, 'Undefined index...', 'E:\\LocalServer\\...', 51, Array)
#1 E:\LocalServer\inventory\system\View\View.php(220): include('E:\\LocalServer\\...')
#2 E:\LocalServer\inventory\system\View\View.php(222): CodeIgniter\View\View->CodeIgniter\View\{closure}()
#3 E:\LocalServer\inventory\system\Common.php(1217): CodeIgniter\View\View->render('login', Array, true)
#4 E:\LocalServer\inventory\app\Controllers\Home.php(41): view('login', Array)
#5 E:\LocalServer\inventory\app\Controllers\Home.php(36): App\Controllers\Home->login()
#6 E:\LocalServer\inventory\system\CodeIgniter.php(936): App\Controllers\Home->index()
#7 E:\LocalServer\inventory\system\CodeIgniter.php(432): CodeIgniter\CodeIgniter->runController(Object(App\Controllers\Home))
#8 E:\LocalServer\inventory\system\CodeIgniter.php(333): CodeIgniter\CodeIgniter->handleRequest(NULL, Object(Config\Cache), false)
#9 E:\LocalServer\inventory\public\index.php(44): CodeIgniter\CodeIgniter->run()
#10 {main}
CRITICAL - 2021-04-17 03:27:31 --> syntax error, unexpected ';', expecting ']'
#0 E:\LocalServer\inventory\system\Language\Language.php(275): CodeIgniter\Language\Language->requireFile('Language/en/Val...')
#1 E:\LocalServer\inventory\system\Language\Language.php(198): CodeIgniter\Language\Language->load('Validation', 'en')
#2 E:\LocalServer\inventory\system\Language\Language.php(118): CodeIgniter\Language\Language->parseLine('required', 'en')
#3 E:\LocalServer\inventory\system\Common.php(789): CodeIgniter\Language\Language->getLine('Validation.requ...', Array)
#4 E:\LocalServer\inventory\system\Validation\Validation.php(800): lang('Validation.requ...')
#5 E:\LocalServer\inventory\system\Validation\Validation.php(327): CodeIgniter\Validation\Validation->getErrorMessage('required', 'level', 'level', '', '')
#6 E:\LocalServer\inventory\system\Validation\Validation.php(164): CodeIgniter\Validation\Validation->processRules('level', 'level', '', Array, Array)
#7 E:\LocalServer\inventory\app\Controllers\administrator\Users.php(330): CodeIgniter\Validation\Validation->run()
#8 E:\LocalServer\inventory\app\Controllers\administrator\Users.php(193): App\Controllers\administrator\Users->is_request_valid()
#9 E:\LocalServer\inventory\system\CodeIgniter.php(936): App\Controllers\administrator\Users->create_action()
#10 E:\LocalServer\inventory\system\CodeIgniter.php(432): CodeIgniter\CodeIgniter->runController(Object(App\Controllers\administrator\Users))
#11 E:\LocalServer\inventory\system\CodeIgniter.php(333): CodeIgniter\CodeIgniter->handleRequest(NULL, Object(Config\Cache), false)
#12 E:\LocalServer\inventory\public\index.php(44): CodeIgniter\CodeIgniter->run()
#13 {main}
CRITICAL - 2021-04-17 03:30:05 --> Undefined variable: var
#0 E:\LocalServer\inventory\app\Views\administrator\users\users_form.php(35): CodeIgniter\Debug\Exceptions->errorHandler(8, 'Undefined varia...', 'E:\\LocalServer\\...', 35, Array)
#1 E:\LocalServer\inventory\system\View\View.php(220): include('E:\\LocalServer\\...')
#2 E:\LocalServer\inventory\system\View\View.php(222): CodeIgniter\View\View->CodeIgniter\View\{closure}()
#3 E:\LocalServer\inventory\system\Common.php(1217): CodeIgniter\View\View->render('administrator/u...', Array, true)
#4 E:\LocalServer\inventory\app\Controllers\administrator\Users.php(187): view('administrator/u...', Array)
#5 E:\LocalServer\inventory\app\Controllers\administrator\Users.php(194): App\Controllers\administrator\Users->create()
#6 E:\LocalServer\inventory\system\CodeIgniter.php(936): App\Controllers\administrator\Users->create_action()
#7 E:\LocalServer\inventory\system\CodeIgniter.php(432): CodeIgniter\CodeIgniter->runController(Object(App\Controllers\administrator\Users))
#8 E:\LocalServer\inventory\system\CodeIgniter.php(333): CodeIgniter\CodeIgniter->handleRequest(NULL, Object(Config\Cache), false)
#9 E:\LocalServer\inventory\public\index.php(44): CodeIgniter\CodeIgniter->run()
#10 {main}
CRITICAL - 2021-04-17 03:31:43 --> Call to undefined function inputSelect()
#0 E:\LocalServer\inventory\system\View\View.php(220): include()
#1 E:\LocalServer\inventory\system\View\View.php(222): CodeIgniter\View\View->CodeIgniter\View\{closure}()
#2 E:\LocalServer\inventory\system\Common.php(1217): CodeIgniter\View\View->render('administrator/u...', Array, true)
#3 E:\LocalServer\inventory\app\Controllers\administrator\Users.php(187): view('administrator/u...', Array)
#4 E:\LocalServer\inventory\system\CodeIgniter.php(936): App\Controllers\administrator\Users->create()
#5 E:\LocalServer\inventory\system\CodeIgniter.php(432): CodeIgniter\CodeIgniter->runController(Object(App\Controllers\administrator\Users))
#6 E:\LocalServer\inventory\system\CodeIgniter.php(333): CodeIgniter\CodeIgniter->handleRequest(NULL, Object(Config\Cache), false)
#7 E:\LocalServer\inventory\public\index.php(44): CodeIgniter\CodeIgniter->run()
#8 {main}
CRITICAL - 2021-04-17 03:41:47 --> syntax error, unexpected '==' (T_IS_EQUAL), expecting ')'
#0 E:\LocalServer\inventory\system\Router\Router.php(170): CodeIgniter\Router\Router->autoRoute('administrator/U...')
#1 E:\LocalServer\inventory\system\CodeIgniter.php(816): CodeIgniter\Router\Router->handle('administrator/U...')
#2 E:\LocalServer\inventory\system\CodeIgniter.php(385): CodeIgniter\CodeIgniter->tryToRouteIt(Object(CodeIgniter\Router\RouteCollection))
#3 E:\LocalServer\inventory\system\CodeIgniter.php(333): CodeIgniter\CodeIgniter->handleRequest(NULL, Object(Config\Cache), false)
#4 E:\LocalServer\inventory\public\index.php(44): CodeIgniter\CodeIgniter->run()
#5 {main}
CRITICAL - 2021-04-17 03:41:47 --> syntax error, unexpected '==' (T_IS_EQUAL), expecting ')'
#0 E:\LocalServer\inventory\system\Router\Router.php(170): CodeIgniter\Router\Router->autoRoute('administrator/U...')
#1 E:\LocalServer\inventory\system\CodeIgniter.php(816): CodeIgniter\Router\Router->handle('administrator/U...')
#2 E:\LocalServer\inventory\system\CodeIgniter.php(385): CodeIgniter\CodeIgniter->tryToRouteIt(Object(CodeIgniter\Router\RouteCollection))
#3 E:\LocalServer\inventory\system\CodeIgniter.php(333): CodeIgniter\CodeIgniter->handleRequest(NULL, Object(Config\Cache), false)
#4 E:\LocalServer\inventory\public\index.php(44): CodeIgniter\CodeIgniter->run()
#5 {main}
ERROR - 2021-04-17 03:45:21 --> mysqli_sql_exception: Duplicate entry 'admin' for key 'PRIMARY' in E:\LocalServer\inventory\system\Database\MySQLi\Connection.php:314
Stack trace:
#0 E:\LocalServer\inventory\system\Database\MySQLi\Connection.php(314): mysqli->query('INSERT INTO `us...')
#1 E:\LocalServer\inventory\system\Database\BaseConnection.php(713): CodeIgniter\Database\MySQLi\Connection->execute('INSERT INTO `us...')
#2 E:\LocalServer\inventory\system\Database\BaseConnection.php(641): CodeIgniter\Database\BaseConnection->simpleQuery('INSERT INTO `us...')
#3 E:\LocalServer\inventory\system\Database\BaseBuilder.php(2263): CodeIgniter\Database\BaseConnection->query('INSERT INTO `us...', Array, false)
#4 E:\LocalServer\inventory\system\Model.php(278): CodeIgniter\Database\BaseBuilder->insert()
#5 E:\LocalServer\inventory\system\BaseModel.php(758): CodeIgniter\Model->doInsert(Array)
#6 E:\LocalServer\inventory\system\Model.php(705): CodeIgniter\BaseModel->insert(Array, true)
#7 E:\LocalServer\inventory\app\Controllers\administrator\Users.php(212): CodeIgniter\Model->insert(Array)
#8 E:\LocalServer\inventory\system\CodeIgniter.php(936): App\Controllers\administrator\Users->create_action()
#9 E:\LocalServer\inventory\system\CodeIgniter.php(432): CodeIgniter\CodeIgniter->runController(Object(App\Controllers\administrator\Users))
#10 E:\LocalServer\inventory\system\CodeIgniter.php(333): CodeIgniter\CodeIgniter->handleRequest(NULL, Object(Config\Cache), false)
#11 E:\LocalServer\inventory\public\index.php(44): CodeIgniter\CodeIgniter->run()
#12 {main}
CRITICAL - 2021-04-17 03:45:21 --> Duplicate entry 'admin' for key 'PRIMARY'
#0 E:\LocalServer\inventory\system\Database\MySQLi\Connection.php(314): mysqli->query('INSERT INTO `us...')
#1 E:\LocalServer\inventory\system\Database\BaseConnection.php(713): CodeIgniter\Database\MySQLi\Connection->execute('INSERT INTO `us...')
#2 E:\LocalServer\inventory\system\Database\BaseConnection.php(641): CodeIgniter\Database\BaseConnection->simpleQuery('INSERT INTO `us...')
#3 E:\LocalServer\inventory\system\Database\BaseBuilder.php(2263): CodeIgniter\Database\BaseConnection->query('INSERT INTO `us...', Array, false)
#4 E:\LocalServer\inventory\system\Model.php(278): CodeIgniter\Database\BaseBuilder->insert()
#5 E:\LocalServer\inventory\system\BaseModel.php(758): CodeIgniter\Model->doInsert(Array)
#6 E:\LocalServer\inventory\system\Model.php(705): CodeIgniter\BaseModel->insert(Array, true)
#7 E:\LocalServer\inventory\app\Controllers\administrator\Users.php(212): CodeIgniter\Model->insert(Array)
#8 E:\LocalServer\inventory\system\CodeIgniter.php(936): App\Controllers\administrator\Users->create_action()
#9 E:\LocalServer\inventory\system\CodeIgniter.php(432): CodeIgniter\CodeIgniter->runController(Object(App\Controllers\administrator\Users))
#10 E:\LocalServer\inventory\system\CodeIgniter.php(333): CodeIgniter\CodeIgniter->handleRequest(NULL, Object(Config\Cache), false)
#11 E:\LocalServer\inventory\public\index.php(44): CodeIgniter\CodeIgniter->run()
#12 {main}
CRITICAL - 2021-04-17 03:49:46 --> Undefined variable: username
#0 E:\LocalServer\inventory\app\Controllers\administrator\Users.php(214): CodeIgniter\Debug\Exceptions->errorHandler(8, 'Undefined varia...', 'E:\\LocalServer\\...', 214, Array)
#1 E:\LocalServer\inventory\system\CodeIgniter.php(936): App\Controllers\administrator\Users->create_action()
#2 E:\LocalServer\inventory\system\CodeIgniter.php(432): CodeIgniter\CodeIgniter->runController(Object(App\Controllers\administrator\Users))
#3 E:\LocalServer\inventory\system\CodeIgniter.php(333): CodeIgniter\CodeIgniter->handleRequest(NULL, Object(Config\Cache), false)
#4 E:\LocalServer\inventory\public\index.php(44): CodeIgniter\CodeIgniter->run()
#5 {main}
CRITICAL - 2021-04-17 14:34:57 --> syntax error, unexpected 'endforeach' (T_ENDFOREACH), expecting ';' or ','
#0 E:\LocalServer\inventory\system\View\View.php(222): CodeIgniter\View\View->CodeIgniter\View\{closure}()
#1 E:\LocalServer\inventory\system\Common.php(1217): CodeIgniter\View\View->render('administrator/u...', Array, true)
#2 E:\LocalServer\inventory\app\Controllers\administrator\Users.php(141): view('administrator/u...', Array)
#3 E:\LocalServer\inventory\system\CodeIgniter.php(936): App\Controllers\administrator\Users->index()
#4 E:\LocalServer\inventory\system\CodeIgniter.php(432): CodeIgniter\CodeIgniter->runController(Object(App\Controllers\administrator\Users))
#5 E:\LocalServer\inventory\system\CodeIgniter.php(333): CodeIgniter\CodeIgniter->handleRequest(NULL, Object(Config\Cache), false)
#6 E:\LocalServer\inventory\public\index.php(44): CodeIgniter\CodeIgniter->run()
#7 {main}
CRITICAL - 2021-04-17 14:38:37 --> Undefined variable: keyword
#0 E:\LocalServer\inventory\app\Views\administrator\users\users_form.php(22): CodeIgniter\Debug\Exceptions->errorHandler(8, 'Undefined varia...', 'E:\\LocalServer\\...', 22, Array)
#1 E:\LocalServer\inventory\system\View\View.php(220): include('E:\\LocalServer\\...')
#2 E:\LocalServer\inventory\system\View\View.php(222): CodeIgniter\View\View->CodeIgniter\View\{closure}()
#3 E:\LocalServer\inventory\system\Common.php(1217): CodeIgniter\View\View->render('administrator/u...', Array, true)
#4 E:\LocalServer\inventory\app\Controllers\administrator\Users.php(188): view('administrator/u...', Array)
#5 E:\LocalServer\inventory\system\CodeIgniter.php(936): App\Controllers\administrator\Users->create()
#6 E:\LocalServer\inventory\system\CodeIgniter.php(432): CodeIgniter\CodeIgniter->runController(Object(App\Controllers\administrator\Users))
#7 E:\LocalServer\inventory\system\CodeIgniter.php(333): CodeIgniter\CodeIgniter->handleRequest(NULL, Object(Config\Cache), false)
#8 E:\LocalServer\inventory\public\index.php(44): CodeIgniter\CodeIgniter->run()
#9 {main}
CRITICAL - 2021-04-17 14:39:05 --> Undefined variable: perPage
#0 E:\LocalServer\inventory\app\Views\administrator\users\users_form.php(21): CodeIgniter\Debug\Exceptions->errorHandler(8, 'Undefined varia...', 'E:\\LocalServer\\...', 21, Array)
#1 E:\LocalServer\inventory\system\View\View.php(220): include('E:\\LocalServer\\...')
#2 E:\LocalServer\inventory\system\View\View.php(222): CodeIgniter\View\View->CodeIgniter\View\{closure}()
#3 E:\LocalServer\inventory\system\Common.php(1217): CodeIgniter\View\View->render('administrator/u...', Array, true)
#4 E:\LocalServer\inventory\app\Controllers\administrator\Users.php(188): view('administrator/u...', Array)
#5 E:\LocalServer\inventory\system\CodeIgniter.php(936): App\Controllers\administrator\Users->create()
#6 E:\LocalServer\inventory\system\CodeIgniter.php(432): CodeIgniter\CodeIgniter->runController(Object(App\Controllers\administrator\Users))
#7 E:\LocalServer\inventory\system\CodeIgniter.php(333): CodeIgniter\CodeIgniter->handleRequest(NULL, Object(Config\Cache), false)
#8 E:\LocalServer\inventory\public\index.php(44): CodeIgniter\CodeIgniter->run()
#9 {main}
ERROR - 2021-04-17 15:30:11 --> mysqli_sql_exception: Column 'id' in order clause is ambiguous in E:\LocalServer\inventory\system\Database\MySQLi\Connection.php:314
Stack trace:
#0 E:\LocalServer\inventory\system\Database\MySQLi\Connection.php(314): mysqli->query('SELECT *\nFROM `...')
#1 E:\LocalServer\inventory\system\Database\BaseConnection.php(713): CodeIgniter\Database\MySQLi\Connection->execute('SELECT *\nFROM `...')
#2 E:\LocalServer\inventory\system\Database\BaseConnection.php(641): CodeIgniter\Database\BaseConnection->simpleQuery('SELECT *\nFROM `...')
#3 E:\LocalServer\inventory\system\Database\BaseBuilder.php(1866): CodeIgniter\Database\BaseConnection->query('SELECT *\nFROM `...', Array, false)
#4 E:\LocalServer\inventory\system\Model.php(213): CodeIgniter\Database\BaseBuilder->get()
#5 E:\LocalServer\inventory\system\BaseModel.php(583): CodeIgniter\Model->doFindAll(20, 0)
#6 E:\LocalServer\inventory\system\BaseModel.php(1144): CodeIgniter\BaseModel->findAll(20, 0)
#7 E:\LocalServer\inventory\app\Controllers\administrator\Master.php(131): CodeIgniter\BaseModel->paginate(20)
#8 E:\LocalServer\inventory\system\CodeIgniter.php(936): App\Controllers\administrator\Master->index()
#9 E:\LocalServer\inventory\system\CodeIgniter.php(432): CodeIgniter\CodeIgniter->runController(Object(App\Controllers\administrator\Master))
#10 E:\LocalServer\inventory\system\CodeIgniter.php(333): CodeIgniter\CodeIgniter->handleRequest(NULL, Object(Config\Cache), false)
#11 E:\LocalServer\inventory\public\index.php(44): CodeIgniter\CodeIgniter->run()
#12 {main}
CRITICAL - 2021-04-17 15:30:11 --> Column 'id' in order clause is ambiguous
#0 E:\LocalServer\inventory\system\Database\MySQLi\Connection.php(314): mysqli->query('SELECT *\nFROM `...')
#1 E:\LocalServer\inventory\system\Database\BaseConnection.php(713): CodeIgniter\Database\MySQLi\Connection->execute('SELECT *\nFROM `...')
#2 E:\LocalServer\inventory\system\Database\BaseConnection.php(641): CodeIgniter\Database\BaseConnection->simpleQuery('SELECT *\nFROM `...')
#3 E:\LocalServer\inventory\system\Database\BaseBuilder.php(1866): CodeIgniter\Database\BaseConnection->query('SELECT *\nFROM `...', Array, false)
#4 E:\LocalServer\inventory\system\Model.php(213): CodeIgniter\Database\BaseBuilder->get()
#5 E:\LocalServer\inventory\system\BaseModel.php(583): CodeIgniter\Model->doFindAll(20, 0)
#6 E:\LocalServer\inventory\system\BaseModel.php(1144): CodeIgniter\BaseModel->findAll(20, 0)
#7 E:\LocalServer\inventory\app\Controllers\administrator\Master.php(131): CodeIgniter\BaseModel->paginate(20)
#8 E:\LocalServer\inventory\system\CodeIgniter.php(936): App\Controllers\administrator\Master->index()
#9 E:\LocalServer\inventory\system\CodeIgniter.php(432): CodeIgniter\CodeIgniter->runController(Object(App\Controllers\administrator\Master))
#10 E:\LocalServer\inventory\system\CodeIgniter.php(333): CodeIgniter\CodeIgniter->handleRequest(NULL, Object(Config\Cache), false)
#11 E:\LocalServer\inventory\public\index.php(44): CodeIgniter\CodeIgniter->run()
#12 {main}
ERROR - 2021-04-17 15:31:09 --> mysqli_sql_exception: Column 'id' in order clause is ambiguous in E:\LocalServer\inventory\system\Database\MySQLi\Connection.php:314
Stack trace:
#0 E:\LocalServer\inventory\system\Database\MySQLi\Connection.php(314): mysqli->query('SELECT *\nFROM `...')
#1 E:\LocalServer\inventory\system\Database\BaseConnection.php(713): CodeIgniter\Database\MySQLi\Connection->execute('SELECT *\nFROM `...')
#2 E:\LocalServer\inventory\system\Database\BaseConnection.php(641): CodeIgniter\Database\BaseConnection->simpleQuery('SELECT *\nFROM `...')
#3 E:\LocalServer\inventory\system\Database\BaseBuilder.php(1866): CodeIgniter\Database\BaseConnection->query('SELECT *\nFROM `...', Array, false)
#4 E:\LocalServer\inventory\system\Model.php(213): CodeIgniter\Database\BaseBuilder->get()
#5 E:\LocalServer\inventory\system\BaseModel.php(583): CodeIgniter\Model->doFindAll(20, 0)
#6 E:\LocalServer\inventory\system\BaseModel.php(1144): CodeIgniter\BaseModel->findAll(20, 0)
#7 E:\LocalServer\inventory\app\Controllers\administrator\Master.php(131): CodeIgniter\BaseModel->paginate(20)
#8 E:\LocalServer\inventory\system\CodeIgniter.php(936): App\Controllers\administrator\Master->index()
#9 E:\LocalServer\inventory\system\CodeIgniter.php(432): CodeIgniter\CodeIgniter->runController(Object(App\Controllers\administrator\Master))
#10 E:\LocalServer\inventory\system\CodeIgniter.php(333): CodeIgniter\CodeIgniter->handleRequest(NULL, Object(Config\Cache), false)
#11 E:\LocalServer\inventory\public\index.php(44): CodeIgniter\CodeIgniter->run()
#12 {main}
CRITICAL - 2021-04-17 15:31:09 --> Column 'id' in order clause is ambiguous
#0 E:\LocalServer\inventory\system\Database\MySQLi\Connection.php(314): mysqli->query('SELECT *\nFROM `...')
#1 E:\LocalServer\inventory\system\Database\BaseConnection.php(713): CodeIgniter\Database\MySQLi\Connection->execute('SELECT *\nFROM `...')
#2 E:\LocalServer\inventory\system\Database\BaseConnection.php(641): CodeIgniter\Database\BaseConnection->simpleQuery('SELECT *\nFROM `...')
#3 E:\LocalServer\inventory\system\Database\BaseBuilder.php(1866): CodeIgniter\Database\BaseConnection->query('SELECT *\nFROM `...', Array, false)
#4 E:\LocalServer\inventory\system\Model.php(213): CodeIgniter\Database\BaseBuilder->get()
#5 E:\LocalServer\inventory\system\BaseModel.php(583): CodeIgniter\Model->doFindAll(20, 0)
#6 E:\LocalServer\inventory\system\BaseModel.php(1144): CodeIgniter\BaseModel->findAll(20, 0)
#7 E:\LocalServer\inventory\app\Controllers\administrator\Master.php(131): CodeIgniter\BaseModel->paginate(20)
#8 E:\LocalServer\inventory\system\CodeIgniter.php(936): App\Controllers\administrator\Master->index()
#9 E:\LocalServer\inventory\system\CodeIgniter.php(432): CodeIgniter\CodeIgniter->runController(Object(App\Controllers\administrator\Master))
#10 E:\LocalServer\inventory\system\CodeIgniter.php(333): CodeIgniter\CodeIgniter->handleRequest(NULL, Object(Config\Cache), false)
#11 E:\LocalServer\inventory\public\index.php(44): CodeIgniter\CodeIgniter->run()
#12 {main}
CRITICAL - 2021-04-17 16:12:51 --> Call to undefined function App\Controllers\administrator\gengerateId()
#0 E:\LocalServer\inventory\system\CodeIgniter.php(936): App\Controllers\administrator\Pembelian->create()
#1 E:\LocalServer\inventory\system\CodeIgniter.php(432): CodeIgniter\CodeIgniter->runController(Object(App\Controllers\administrator\Pembelian))
#2 E:\LocalServer\inventory\system\CodeIgniter.php(333): CodeIgniter\CodeIgniter->handleRequest(NULL, Object(Config\Cache), false)
#3 E:\LocalServer\inventory\public\index.php(44): CodeIgniter\CodeIgniter->run()
#4 {main}
CRITICAL - 2021-04-17 16:23:15 --> Undefined variable: masterbarang
#0 E:\LocalServer\inventory\app\Views\administrator\pembelian\pembelian_form.php(37): CodeIgniter\Debug\Exceptions->errorHandler(8, 'Undefined varia...', 'E:\\LocalServer\\...', 37, Array)
#1 E:\LocalServer\inventory\system\View\View.php(220): include('E:\\LocalServer\\...')
#2 E:\LocalServer\inventory\system\View\View.php(222): CodeIgniter\View\View->CodeIgniter\View\{closure}()
#3 E:\LocalServer\inventory\system\Common.php(1217): CodeIgniter\View\View->render('administrator/p...', Array, true)
#4 E:\LocalServer\inventory\app\Controllers\administrator\Pembelian.php(192): view('administrator/p...', Array)
#5 E:\LocalServer\inventory\system\CodeIgniter.php(936): App\Controllers\administrator\Pembelian->create()
#6 E:\LocalServer\inventory\system\CodeIgniter.php(432): CodeIgniter\CodeIgniter->runController(Object(App\Controllers\administrator\Pembelian))
#7 E:\LocalServer\inventory\system\CodeIgniter.php(333): CodeIgniter\CodeIgniter->handleRequest(NULL, Object(Config\Cache), false)
#8 E:\LocalServer\inventory\public\index.php(44): CodeIgniter\CodeIgniter->run()
#9 {main}
CRITICAL - 2021-04-17 17:11:44 --> Undefined index: locale
#0 E:\LocalServer\inventory\app\Controllers\Api.php(24): CodeIgniter\Debug\Exceptions->errorHandler(8, 'Undefined index...', 'E:\\LocalServer\\...', 24, Array)
#1 E:\LocalServer\inventory\system\CodeIgniter.php(936): App\Controllers\Api->getAsset()
#2 E:\LocalServer\inventory\system\CodeIgniter.php(432): CodeIgniter\CodeIgniter->runController(Object(App\Controllers\Api))
#3 E:\LocalServer\inventory\system\CodeIgniter.php(333): CodeIgniter\CodeIgniter->handleRequest(NULL, Object(Config\Cache), false)
#4 E:\LocalServer\inventory\public\index.php(44): CodeIgniter\CodeIgniter->run()
#5 {main}
CRITICAL - 2021-04-17 17:45:59 --> Trying to get property 'id' of non-object
#0 E:\LocalServer\inventory\app\Views\public\assets_empty.php(8): CodeIgniter\Debug\Exceptions->errorHandler(8, 'Trying to get p...', 'E:\\LocalServer\\...', 8, Array)
#1 E:\LocalServer\inventory\system\View\View.php(220): include('E:\\LocalServer\\...')
#2 E:\LocalServer\inventory\system\View\View.php(222): CodeIgniter\View\View->CodeIgniter\View\{closure}()
#3 E:\LocalServer\inventory\system\Common.php(1217): CodeIgniter\View\View->render('public/assets_e...', Array, true)
#4 E:\LocalServer\inventory\app\Controllers\Api.php(33): view('public/assets_e...', Array)
#5 E:\LocalServer\inventory\system\CodeIgniter.php(936): App\Controllers\Api->getAssetViewEmpty()
#6 E:\LocalServer\inventory\system\CodeIgniter.php(432): CodeIgniter\CodeIgniter->runController(Object(App\Controllers\Api))
#7 E:\LocalServer\inventory\system\CodeIgniter.php(333): CodeIgniter\CodeIgniter->handleRequest(NULL, Object(Config\Cache), false)
#8 E:\LocalServer\inventory\public\index.php(44): CodeIgniter\CodeIgniter->run()
#9 {main}
CRITICAL - 2021-04-17 17:47:22 --> Undefined property: stdClass::$nama_vendor
#0 E:\LocalServer\inventory\app\Views\public\assets_empty.php(52): CodeIgniter\Debug\Exceptions->errorHandler(8, 'Undefined prope...', 'E:\\LocalServer\\...', 52, Array)
#1 E:\LocalServer\inventory\system\View\View.php(220): include('E:\\LocalServer\\...')
#2 E:\LocalServer\inventory\system\View\View.php(222): CodeIgniter\View\View->CodeIgniter\View\{closure}()
#3 E:\LocalServer\inventory\system\Common.php(1217): CodeIgniter\View\View->render('public/assets_e...', Array, true)
#4 E:\LocalServer\inventory\app\Controllers\Api.php(33): view('public/assets_e...', Array)
#5 E:\LocalServer\inventory\system\CodeIgniter.php(936): App\Controllers\Api->getAssetViewEmpty()
#6 E:\LocalServer\inventory\system\CodeIgniter.php(432): CodeIgniter\CodeIgniter->runController(Object(App\Controllers\Api))
#7 E:\LocalServer\inventory\system\CodeIgniter.php(333): CodeIgniter\CodeIgniter->handleRequest(NULL, Object(Config\Cache), false)
#8 E:\LocalServer\inventory\public\index.php(44): CodeIgniter\CodeIgniter->run()
#9 {main}
ERROR - 2021-04-17 19:03:59 --> mysqli_sql_exception: Cannot add or update a child row: a foreign key constraint fails (`inventory`.`pembelian`, CONSTRAINT `fkMasterBeli` FOREIGN KEY (`id_master`) REFERENCES `master` (`id`) ON DELETE NO ACTION ON UPDATE CASCADE) in E:\LocalServer\inventory\system\Database\MySQLi\Connection.php:314
Stack trace:
#0 E:\LocalServer\inventory\system\Database\MySQLi\Connection.php(314): mysqli->query('INSERT INTO `pe...')
#1 E:\LocalServer\inventory\system\Database\BaseConnection.php(713): CodeIgniter\Database\MySQLi\Connection->execute('INSERT INTO `pe...')
#2 E:\LocalServer\inventory\system\Database\BaseConnection.php(641): CodeIgniter\Database\BaseConnection->simpleQuery('INSERT INTO `pe...')
#3 E:\LocalServer\inventory\system\Database\BaseBuilder.php(2263): CodeIgniter\Database\BaseConnection->query('INSERT INTO `pe...', Array, false)
#4 E:\LocalServer\inventory\system\Model.php(278): CodeIgniter\Database\BaseBuilder->insert()
#5 E:\LocalServer\inventory\system\BaseModel.php(758): CodeIgniter\Model->doInsert(Array)
#6 E:\LocalServer\inventory\system\Model.php(705): CodeIgniter\BaseModel->insert(Array, true)
#7 E:\LocalServer\inventory\app\Controllers\administrator\Pembelian.php(226): CodeIgniter\Model->insert(Array)
#8 E:\LocalServer\inventory\system\CodeIgniter.php(936): App\Controllers\administrator\Pembelian->create_action()
#9 E:\LocalServer\inventory\system\CodeIgniter.php(432): CodeIgniter\CodeIgniter->runController(Object(App\Controllers\administrator\Pembelian))
#10 E:\LocalServer\inventory\system\CodeIgniter.php(333): CodeIgniter\CodeIgniter->handleRequest(NULL, Object(Config\Cache), false)
#11 E:\LocalServer\inventory\public\index.php(44): CodeIgniter\CodeIgniter->run()
#12 {main}
CRITICAL - 2021-04-17 19:03:59 --> Cannot add or update a child row: a foreign key constraint fails (`inventory`.`pembelian`, CONSTRAINT `fkMasterBeli` FOREIGN KEY (`id_master`) REFERENCES `master` (`id`) ON DELETE NO ACTION ON UPDATE CASCADE)
#0 E:\LocalServer\inventory\system\Database\MySQLi\Connection.php(314): mysqli->query('INSERT INTO `pe...')
#1 E:\LocalServer\inventory\system\Database\BaseConnection.php(713): CodeIgniter\Database\MySQLi\Connection->execute('INSERT INTO `pe...')
#2 E:\LocalServer\inventory\system\Database\BaseConnection.php(641): CodeIgniter\Database\BaseConnection->simpleQuery('INSERT INTO `pe...')
#3 E:\LocalServer\inventory\system\Database\BaseBuilder.php(2263): CodeIgniter\Database\BaseConnection->query('INSERT INTO `pe...', Array, false)
#4 E:\LocalServer\inventory\system\Model.php(278): CodeIgniter\Database\BaseBuilder->insert()
#5 E:\LocalServer\inventory\system\BaseModel.php(758): CodeIgniter\Model->doInsert(Array)
#6 E:\LocalServer\inventory\system\Model.php(705): CodeIgniter\BaseModel->insert(Array, true)
#7 E:\LocalServer\inventory\app\Controllers\administrator\Pembelian.php(226): CodeIgniter\Model->insert(Array)
#8 E:\LocalServer\inventory\system\CodeIgniter.php(936): App\Controllers\administrator\Pembelian->create_action()
#9 E:\LocalServer\inventory\system\CodeIgniter.php(432): CodeIgniter\CodeIgniter->runController(Object(App\Controllers\administrator\Pembelian))
#10 E:\LocalServer\inventory\system\CodeIgniter.php(333): CodeIgniter\CodeIgniter->handleRequest(NULL, Object(Config\Cache), false)
#11 E:\LocalServer\inventory\public\index.php(44): CodeIgniter\CodeIgniter->run()
#12 {main}
CRITICAL - 2021-04-17 19:05:15 --> A non well formed numeric value encountered
#0 [internal function]: CodeIgniter\Debug\Exceptions->errorHandler(8, 'A non well form...', 'E:\\LocalServer\\...', 421, Array)
#1 E:\LocalServer\inventory\app\Helpers\Default_Helper.php(421): number_format('2022-04-17')
#2 E:\LocalServer\inventory\app\Controllers\administrator\Pembelian.php(226): formatNumber('2022-04-17')
#3 E:\LocalServer\inventory\system\CodeIgniter.php(936): App\Controllers\administrator\Pembelian->create_action()
#4 E:\LocalServer\inventory\system\CodeIgniter.php(432): CodeIgniter\CodeIgniter->runController(Object(App\Controllers\administrator\Pembelian))
#5 E:\LocalServer\inventory\system\CodeIgniter.php(333): CodeIgniter\CodeIgniter->handleRequest(NULL, Object(Config\Cache), false)
#6 E:\LocalServer\inventory\public\index.php(44): CodeIgniter\CodeIgniter->run()
#7 {main}
CRITICAL - 2021-04-17 19:06:18 --> A non well formed numeric value encountered
#0 [internal function]: CodeIgniter\Debug\Exceptions->errorHandler(8, 'A non well form...', 'E:\\LocalServer\\...', 421, Array)
#1 E:\LocalServer\inventory\app\Helpers\Default_Helper.php(421): number_format('2022-04-17')
#2 E:\LocalServer\inventory\app\Controllers\administrator\Pembelian.php(226): formatNumber('2022-04-17')
#3 E:\LocalServer\inventory\system\CodeIgniter.php(936): App\Controllers\administrator\Pembelian->create_action()
#4 E:\LocalServer\inventory\system\CodeIgniter.php(432): CodeIgniter\CodeIgniter->runController(Object(App\Controllers\administrator\Pembelian))
#5 E:\LocalServer\inventory\system\CodeIgniter.php(333): CodeIgniter\CodeIgniter->handleRequest(NULL, Object(Config\Cache), false)
#6 E:\LocalServer\inventory\public\index.php(44): CodeIgniter\CodeIgniter->run()
#7 {main}
ERROR - 2021-04-17 19:07:11 --> mysqli_sql_exception: Cannot add or update a child row: a foreign key constraint fails (`inventory`.`master`, CONSTRAINT `fkKategoriMaster` FOREIGN KEY (`kategori`) REFERENCES `kategori_master` (`id`) ON DELETE CASCADE ON UPDATE CASCADE) in E:\LocalServer\inventory\system\Database\MySQLi\Connection.php:314
Stack trace:
#0 E:\LocalServer\inventory\system\Database\MySQLi\Connection.php(314): mysqli->query('INSERT INTO `ma...')
#1 E:\LocalServer\inventory\system\Database\BaseConnection.php(713): CodeIgniter\Database\MySQLi\Connection->execute('INSERT INTO `ma...')
#2 E:\LocalServer\inventory\system\Database\BaseConnection.php(641): CodeIgniter\Database\BaseConnection->simpleQuery('INSERT INTO `ma...')
#3 E:\LocalServer\inventory\system\Database\BaseBuilder.php(2263): CodeIgniter\Database\BaseConnection->query('INSERT INTO `ma...', Array, false)
#4 E:\LocalServer\inventory\system\Model.php(278): CodeIgniter\Database\BaseBuilder->insert()
#5 E:\LocalServer\inventory\system\BaseModel.php(758): CodeIgniter\Model->doInsert(Array)
#6 E:\LocalServer\inventory\system\Model.php(705): CodeIgniter\BaseModel->insert(Array, true)
#7 E:\LocalServer\inventory\app\Controllers\administrator\Pembelian.php(229): CodeIgniter\Model->insert(Array)
#8 E:\LocalServer\inventory\system\CodeIgniter.php(936): App\Controllers\administrator\Pembelian->create_action()
#9 E:\LocalServer\inventory\system\CodeIgniter.php(432): CodeIgniter\CodeIgniter->runController(Object(App\Controllers\administrator\Pembelian))
#10 E:\LocalServer\inventory\system\CodeIgniter.php(333): CodeIgniter\CodeIgniter->handleRequest(NULL, Object(Config\Cache), false)
#11 E:\LocalServer\inventory\public\index.php(44): CodeIgniter\CodeIgniter->run()
#12 {main}
CRITICAL - 2021-04-17 19:07:11 --> Cannot add or update a child row: a foreign key constraint fails (`inventory`.`master`, CONSTRAINT `fkKategoriMaster` FOREIGN KEY (`kategori`) REFERENCES `kategori_master` (`id`) ON DELETE CASCADE ON UPDATE CASCADE)
#0 E:\LocalServer\inventory\system\Database\MySQLi\Connection.php(314): mysqli->query('INSERT INTO `ma...')
#1 E:\LocalServer\inventory\system\Database\BaseConnection.php(713): CodeIgniter\Database\MySQLi\Connection->execute('INSERT INTO `ma...')
#2 E:\LocalServer\inventory\system\Database\BaseConnection.php(641): CodeIgniter\Database\BaseConnection->simpleQuery('INSERT INTO `ma...')
#3 E:\LocalServer\inventory\system\Database\BaseBuilder.php(2263): CodeIgniter\Database\BaseConnection->query('INSERT INTO `ma...', Array, false)
#4 E:\LocalServer\inventory\system\Model.php(278): CodeIgniter\Database\BaseBuilder->insert()
#5 E:\LocalServer\inventory\system\BaseModel.php(758): CodeIgniter\Model->doInsert(Array)
#6 E:\LocalServer\inventory\system\Model.php(705): CodeIgniter\BaseModel->insert(Array, true)
#7 E:\LocalServer\inventory\app\Controllers\administrator\Pembelian.php(229): CodeIgniter\Model->insert(Array)
#8 E:\LocalServer\inventory\system\CodeIgniter.php(936): App\Controllers\administrator\Pembelian->create_action()
#9 E:\LocalServer\inventory\system\CodeIgniter.php(432): CodeIgniter\CodeIgniter->runController(Object(App\Controllers\administrator\Pembelian))
#10 E:\LocalServer\inventory\system\CodeIgniter.php(333): CodeIgniter\CodeIgniter->handleRequest(NULL, Object(Config\Cache), false)
#11 E:\LocalServer\inventory\public\index.php(44): CodeIgniter\CodeIgniter->run()
#12 {main}
ERROR - 2021-04-17 19:19:48 --> mysqli_sql_exception: You have an error in your SQL syntax; check the manual that corresponds to your MariaDB server version for the right syntax to use near '`vendor`.`nama_vendor`
FROM `master`
LEFT JOIN `vendor` ON `master`.`id_vendor` ' at line 1 in E:\LocalServer\inventory\system\Database\MySQLi\Connection.php:314
Stack trace:
#0 E:\LocalServer\inventory\system\Database\MySQLi\Connection.php(314): mysqli->query('SELECT `master`...')
#1 E:\LocalServer\inventory\system\Database\BaseConnection.php(713): CodeIgniter\Database\MySQLi\Connection->execute('SELECT `master`...')
#2 E:\LocalServer\inventory\system\Database\BaseConnection.php(641): CodeIgniter\Database\BaseConnection->simpleQuery('SELECT `master`...')
#3 E:\LocalServer\inventory\system\Database\BaseBuilder.php(1866): CodeIgniter\Database\BaseConnection->query('SELECT `master`...', Array, false)
#4 E:\LocalServer\inventory\system\Model.php(213): CodeIgniter\Database\BaseBuilder->get()
#5 E:\LocalServer\inventory\system\BaseModel.php(583): CodeIgniter\Model->doFindAll(20, 0)
#6 E:\LocalServer\inventory\system\BaseModel.php(1144): CodeIgniter\BaseModel->findAll(20, 0)
#7 E:\LocalServer\inventory\app\Controllers\administrator\Master.php(132): CodeIgniter\BaseModel->paginate(20)
#8 E:\LocalServer\inventory\system\CodeIgniter.php(936): App\Controllers\administrator\Master->index()
#9 E:\LocalServer\inventory\system\CodeIgniter.php(432): CodeIgniter\CodeIgniter->runController(Object(App\Controllers\administrator\Master))
#10 E:\LocalServer\inventory\system\CodeIgniter.php(333): CodeIgniter\CodeIgniter->handleRequest(NULL, Object(Config\Cache), false)
#11 E:\LocalServer\inventory\public\index.php(44): CodeIgniter\CodeIgniter->run()
#12 {main}
CRITICAL - 2021-04-17 19:19:48 --> You have an error in your SQL syntax; check the manual that corresponds to your MariaDB server version for the right syntax to use near '`vendor`.`nama_vendor`
FROM `master`
LEFT JOIN `vendor` ON `master`.`id_vendor` ' at line 1
#0 E:\LocalServer\inventory\system\Database\MySQLi\Connection.php(314): mysqli->query('SELECT `master`...')
#1 E:\LocalServer\inventory\system\Database\BaseConnection.php(713): CodeIgniter\Database\MySQLi\Connection->execute('SELECT `master`...')
#2 E:\LocalServer\inventory\system\Database\BaseConnection.php(641): CodeIgniter\Database\BaseConnection->simpleQuery('SELECT `master`...')
#3 E:\LocalServer\inventory\system\Database\BaseBuilder.php(1866): CodeIgniter\Database\BaseConnection->query('SELECT `master`...', Array, false)
#4 E:\LocalServer\inventory\system\Model.php(213): CodeIgniter\Database\BaseBuilder->get()
#5 E:\LocalServer\inventory\system\BaseModel.php(583): CodeIgniter\Model->doFindAll(20, 0)
#6 E:\LocalServer\inventory\system\BaseModel.php(1144): CodeIgniter\BaseModel->findAll(20, 0)
#7 E:\LocalServer\inventory\app\Controllers\administrator\Master.php(132): CodeIgniter\BaseModel->paginate(20)
#8 E:\LocalServer\inventory\system\CodeIgniter.php(936): App\Controllers\administrator\Master->index()
#9 E:\LocalServer\inventory\system\CodeIgniter.php(432): CodeIgniter\CodeIgniter->runController(Object(App\Controllers\administrator\Master))
#10 E:\LocalServer\inventory\system\CodeIgniter.php(333): CodeIgniter\CodeIgniter->handleRequest(NULL, Object(Config\Cache), false)
#11 E:\LocalServer\inventory\public\index.php(44): CodeIgniter\CodeIgniter->run()
#12 {main}
ERROR - 2021-04-17 19:22:37 --> mysqli_sql_exception: Column 'id' in where clause is ambiguous in E:\LocalServer\inventory\system\Database\MySQLi\Connection.php:314
Stack trace:
#0 E:\LocalServer\inventory\system\Database\MySQLi\Connection.php(314): mysqli->query('SELECT `master`...')
#1 E:\LocalServer\inventory\system\Database\BaseConnection.php(713): CodeIgniter\Database\MySQLi\Connection->execute('SELECT `master`...')
#2 E:\LocalServer\inventory\system\Database\BaseConnection.php(641): CodeIgniter\Database\BaseConnection->simpleQuery('SELECT `master`...')
#3 E:\LocalServer\inventory\system\Database\BaseBuilder.php(1866): CodeIgniter\Database\BaseConnection->query('SELECT `master`...', Array, false)
#4 E:\LocalServer\inventory\system\Model.php(247): CodeIgniter\Database\BaseBuilder->get()
#5 E:\LocalServer\inventory\system\BaseModel.php(624): CodeIgniter\Model->doFirst()
#6 E:\LocalServer\inventory\app\Models\Master_model.php(44): CodeIgniter\BaseModel->first()
#7 E:\LocalServer\inventory\app\Controllers\administrator\Master.php(165): App\Models\Master_model->get_by_id('ASST1618661472')
#8 E:\LocalServer\inventory\system\CodeIgniter.php(936): App\Controllers\administrator\Master->read('ASST1618661472')
#9 E:\LocalServer\inventory\system\CodeIgniter.php(432): CodeIgniter\CodeIgniter->runController(Object(App\Controllers\administrator\Master))
#10 E:\LocalServer\inventory\system\CodeIgniter.php(333): CodeIgniter\CodeIgniter->handleRequest(NULL, Object(Config\Cache), false)
#11 E:\LocalServer\inventory\public\index.php(44): CodeIgniter\CodeIgniter->run()
#12 {main}
CRITICAL - 2021-04-17 19:22:37 --> Column 'id' in where clause is ambiguous
#0 E:\LocalServer\inventory\system\Database\MySQLi\Connection.php(314): mysqli->query('SELECT `master`...')
#1 E:\LocalServer\inventory\system\Database\BaseConnection.php(713): CodeIgniter\Database\MySQLi\Connection->execute('SELECT `master`...')
#2 E:\LocalServer\inventory\system\Database\BaseConnection.php(641): CodeIgniter\Database\BaseConnection->simpleQuery('SELECT `master`...')
#3 E:\LocalServer\inventory\system\Database\BaseBuilder.php(1866): CodeIgniter\Database\BaseConnection->query('SELECT `master`...', Array, false)
#4 E:\LocalServer\inventory\system\Model.php(247): CodeIgniter\Database\BaseBuilder->get()
#5 E:\LocalServer\inventory\system\BaseModel.php(624): CodeIgniter\Model->doFirst()
#6 E:\LocalServer\inventory\app\Models\Master_model.php(44): CodeIgniter\BaseModel->first()
#7 E:\LocalServer\inventory\app\Controllers\administrator\Master.php(165): App\Models\Master_model->get_by_id('ASST1618661472')
#8 E:\LocalServer\inventory\system\CodeIgniter.php(936): App\Controllers\administrator\Master->read('ASST1618661472')
#9 E:\LocalServer\inventory\system\CodeIgniter.php(432): CodeIgniter\CodeIgniter->runController(Object(App\Controllers\administrator\Master))
#10 E:\LocalServer\inventory\system\CodeIgniter.php(333): CodeIgniter\CodeIgniter->handleRequest(NULL, Object(Config\Cache), false)
#11 E:\LocalServer\inventory\public\index.php(44): CodeIgniter\CodeIgniter->run()
#12 {main}
ERROR - 2021-04-17 19:23:36 --> mysqli_sql_exception: Column 'id' in where clause is ambiguous in E:\LocalServer\inventory\system\Database\MySQLi\Connection.php:314
Stack trace:
#0 E:\LocalServer\inventory\system\Database\MySQLi\Connection.php(314): mysqli->query('SELECT `master`...')
#1 E:\LocalServer\inventory\system\Database\BaseConnection.php(713): CodeIgniter\Database\MySQLi\Connection->execute('SELECT `master`...')
#2 E:\LocalServer\inventory\system\Database\BaseConnection.php(641): CodeIgniter\Database\BaseConnection->simpleQuery('SELECT `master`...')
#3 E:\LocalServer\inventory\system\Database\BaseBuilder.php(1866): CodeIgniter\Database\BaseConnection->query('SELECT `master`...', Array, false)
#4 E:\LocalServer\inventory\system\Model.php(247): CodeIgniter\Database\BaseBuilder->get()
#5 E:\LocalServer\inventory\system\BaseModel.php(624): CodeIgniter\Model->doFirst()
#6 E:\LocalServer\inventory\app\Models\Master_model.php(44): CodeIgniter\BaseModel->first()
#7 E:\LocalServer\inventory\app\Controllers\administrator\Master.php(165): App\Models\Master_model->get_by_id('ASST1618661472')
#8 E:\LocalServer\inventory\system\CodeIgniter.php(936): App\Controllers\administrator\Master->read('ASST1618661472')
#9 E:\LocalServer\inventory\system\CodeIgniter.php(432): CodeIgniter\CodeIgniter->runController(Object(App\Controllers\administrator\Master))
#10 E:\LocalServer\inventory\system\CodeIgniter.php(333): CodeIgniter\CodeIgniter->handleRequest(NULL, Object(Config\Cache), false)
#11 E:\LocalServer\inventory\public\index.php(44): CodeIgniter\CodeIgniter->run()
#12 {main}
CRITICAL - 2021-04-17 19:23:36 --> Column 'id' in where clause is ambiguous
#0 E:\LocalServer\inventory\system\Database\MySQLi\Connection.php(314): mysqli->query('SELECT `master`...')
#1 E:\LocalServer\inventory\system\Database\BaseConnection.php(713): CodeIgniter\Database\MySQLi\Connection->execute('SELECT `master`...')
#2 E:\LocalServer\inventory\system\Database\BaseConnection.php(641): CodeIgniter\Database\BaseConnection->simpleQuery('SELECT `master`...')
#3 E:\LocalServer\inventory\system\Database\BaseBuilder.php(1866): CodeIgniter\Database\BaseConnection->query('SELECT `master`...', Array, false)
#4 E:\LocalServer\inventory\system\Model.php(247): CodeIgniter\Database\BaseBuilder->get()
#5 E:\LocalServer\inventory\system\BaseModel.php(624): CodeIgniter\Model->doFirst()
#6 E:\LocalServer\inventory\app\Models\Master_model.php(44): CodeIgniter\BaseModel->first()
#7 E:\LocalServer\inventory\app\Controllers\administrator\Master.php(165): App\Models\Master_model->get_by_id('ASST1618661472')
#8 E:\LocalServer\inventory\system\CodeIgniter.php(936): App\Controllers\administrator\Master->read('ASST1618661472')
#9 E:\LocalServer\inventory\system\CodeIgniter.php(432): CodeIgniter\CodeIgniter->runController(Object(App\Controllers\administrator\Master))
#10 E:\LocalServer\inventory\system\CodeIgniter.php(333): CodeIgniter\CodeIgniter->handleRequest(NULL, Object(Config\Cache), false)
#11 E:\LocalServer\inventory\public\index.php(44): CodeIgniter\CodeIgniter->run()
#12 {main}
ERROR - 2021-04-17 19:24:22 --> mysqli_sql_exception: Cannot delete or update a parent row: a foreign key constraint fails (`inventory`.`pembelian`, CONSTRAINT `fkMasterBeli` FOREIGN KEY (`id_master`) REFERENCES `master` (`id`) ON DELETE NO ACTION ON UPDATE CASCADE) in E:\LocalServer\inventory\system\Database\MySQLi\Connection.php:314
Stack trace:
#0 E:\LocalServer\inventory\system\Database\MySQLi\Connection.php(314): mysqli->query('DELETE FROM `ma...')
#1 E:\LocalServer\inventory\system\Database\BaseConnection.php(713): CodeIgniter\Database\MySQLi\Connection->execute('DELETE FROM `ma...')
#2 E:\LocalServer\inventory\system\Database\BaseConnection.php(641): CodeIgniter\Database\BaseConnection->simpleQuery('DELETE FROM `ma...')
#3 E:\LocalServer\inventory\system\Database\BaseBuilder.php(2864): CodeIgniter\Database\BaseConnection->query('DELETE FROM `ma...', Array, false)
#4 E:\LocalServer\inventory\system\Model.php(422): CodeIgniter\Database\BaseBuilder->delete()
#5 E:\LocalServer\inventory\system\BaseModel.php(1009): CodeIgniter\Model->doDelete(Array, false)
#6 E:\LocalServer\inventory\app\Controllers\administrator\Master.php(300): CodeIgniter\BaseModel->delete(Array)
#7 E:\LocalServer\inventory\system\CodeIgniter.php(936): App\Controllers\administrator\Master->delete('ASST1618661472')
#8 E:\LocalServer\inventory\system\CodeIgniter.php(432): CodeIgniter\CodeIgniter->runController(Object(App\Controllers\administrator\Master))
#9 E:\LocalServer\inventory\system\CodeIgniter.php(333): CodeIgniter\CodeIgniter->handleRequest(NULL, Object(Config\Cache), false)
#10 E:\LocalServer\inventory\public\index.php(44): CodeIgniter\CodeIgniter->run()
#11 {main}
CRITICAL - 2021-04-17 19:24:22 --> Cannot delete or update a parent row: a foreign key constraint fails (`inventory`.`pembelian`, CONSTRAINT `fkMasterBeli` FOREIGN KEY (`id_master`) REFERENCES `master` (`id`) ON DELETE NO ACTION ON UPDATE CASCADE)
#0 E:\LocalServer\inventory\system\Database\MySQLi\Connection.php(314): mysqli->query('DELETE FROM `ma...')
#1 E:\LocalServer\inventory\system\Database\BaseConnection.php(713): CodeIgniter\Database\MySQLi\Connection->execute('DELETE FROM `ma...')
#2 E:\LocalServer\inventory\system\Database\BaseConnection.php(641): CodeIgniter\Database\BaseConnection->simpleQuery('DELETE FROM `ma...')
#3 E:\LocalServer\inventory\system\Database\BaseBuilder.php(2864): CodeIgniter\Database\BaseConnection->query('DELETE FROM `ma...', Array, false)
#4 E:\LocalServer\inventory\system\Model.php(422): CodeIgniter\Database\BaseBuilder->delete()
#5 E:\LocalServer\inventory\system\BaseModel.php(1009): CodeIgniter\Model->doDelete(Array, false)
#6 E:\LocalServer\inventory\app\Controllers\administrator\Master.php(300): CodeIgniter\BaseModel->delete(Array)
#7 E:\LocalServer\inventory\system\CodeIgniter.php(936): App\Controllers\administrator\Master->delete('ASST1618661472')
#8 E:\LocalServer\inventory\system\CodeIgniter.php(432): CodeIgniter\CodeIgniter->runController(Object(App\Controllers\administrator\Master))
#9 E:\LocalServer\inventory\system\CodeIgniter.php(333): CodeIgniter\CodeIgniter->handleRequest(NULL, Object(Config\Cache), false)
#10 E:\LocalServer\inventory\public\index.php(44): CodeIgniter\CodeIgniter->run()
#11 {main}
CRITICAL - 2021-04-17 19:35:04 --> Undefined variable: data
#0 E:\LocalServer\inventory\app\Views\_partials\assets.php(4): CodeIgniter\Debug\Exceptions->errorHandler(8, 'Undefined varia...', 'E:\\LocalServer\\...', 4, Array)
#1 E:\LocalServer\inventory\system\View\View.php(220): include('E:\\LocalServer\\...')
#2 E:\LocalServer\inventory\system\View\View.php(222): CodeIgniter\View\View->CodeIgniter\View\{closure}()
#3 E:\LocalServer\inventory\system\Common.php(1217): CodeIgniter\View\View->render('_partials/asset...', Array, true)
#4 E:\LocalServer\inventory\app\Controllers\Api.php(46): view('_partials/asset...', Array)
#5 E:\LocalServer\inventory\system\CodeIgniter.php(936): App\Controllers\Api->getAssetView()
#6 E:\LocalServer\inventory\system\CodeIgniter.php(432): CodeIgniter\CodeIgniter->runController(Object(App\Controllers\Api))
#7 E:\LocalServer\inventory\system\CodeIgniter.php(333): CodeIgniter\CodeIgniter->handleRequest(NULL, Object(Config\Cache), false)
#8 E:\LocalServer\inventory\public\index.php(44): CodeIgniter\CodeIgniter->run()
#9 {main}
ERROR - 2021-04-17 19:37:58 --> mysqli_sql_exception: Column 'id' in order clause is ambiguous in E:\LocalServer\inventory\system\Database\MySQLi\Connection.php:314
Stack trace:
#0 E:\LocalServer\inventory\system\Database\MySQLi\Connection.php(314): mysqli->query('SELECT *\nFROM `...')
#1 E:\LocalServer\inventory\system\Database\BaseConnection.php(713): CodeIgniter\Database\MySQLi\Connection->execute('SELECT *\nFROM `...')
#2 E:\LocalServer\inventory\system\Database\BaseConnection.php(641): CodeIgniter\Database\BaseConnection->simpleQuery('SELECT *\nFROM `...')
#3 E:\LocalServer\inventory\system\Database\BaseBuilder.php(1866): CodeIgniter\Database\BaseConnection->query('SELECT *\nFROM `...', Array, false)
#4 E:\LocalServer\inventory\system\Model.php(247): CodeIgniter\Database\BaseBuilder->get()
#5 E:\LocalServer\inventory\system\BaseModel.php(624): CodeIgniter\Model->doFirst()
#6 E:\LocalServer\inventory\app\Models\Master_model.php(49): CodeIgniter\BaseModel->first()
#7 E:\LocalServer\inventory\app\Controllers\Api.php(44): App\Models\Master_model->get_row_by('barcode', '123123')
#8 E:\LocalServer\inventory\system\CodeIgniter.php(936): App\Controllers\Api->getAssetViewBarcode('123123')
#9 E:\LocalServer\inventory\system\CodeIgniter.php(432): CodeIgniter\CodeIgniter->runController(Object(App\Controllers\Api))
#10 E:\LocalServer\inventory\system\CodeIgniter.php(333): CodeIgniter\CodeIgniter->handleRequest(NULL, Object(Config\Cache), false)
#11 E:\LocalServer\inventory\public\index.php(44): CodeIgniter\CodeIgniter->run()
#12 {main}
CRITICAL - 2021-04-17 19:37:58 --> Column 'id' in order clause is ambiguous
#0 E:\LocalServer\inventory\system\Database\MySQLi\Connection.php(314): mysqli->query('SELECT *\nFROM `...')
#1 E:\LocalServer\inventory\system\Database\BaseConnection.php(713): CodeIgniter\Database\MySQLi\Connection->execute('SELECT *\nFROM `...')
#2 E:\LocalServer\inventory\system\Database\BaseConnection.php(641): CodeIgniter\Database\BaseConnection->simpleQuery('SELECT *\nFROM `...')
#3 E:\LocalServer\inventory\system\Database\BaseBuilder.php(1866): CodeIgniter\Database\BaseConnection->query('SELECT *\nFROM `...', Array, false)
#4 E:\LocalServer\inventory\system\Model.php(247): CodeIgniter\Database\BaseBuilder->get()
#5 E:\LocalServer\inventory\system\BaseModel.php(624): CodeIgniter\Model->doFirst()
#6 E:\LocalServer\inventory\app\Models\Master_model.php(49): CodeIgniter\BaseModel->first()
#7 E:\LocalServer\inventory\app\Controllers\Api.php(44): App\Models\Master_model->get_row_by('barcode', '123123')
#8 E:\LocalServer\inventory\system\CodeIgniter.php(936): App\Controllers\Api->getAssetViewBarcode('123123')
#9 E:\LocalServer\inventory\system\CodeIgniter.php(432): CodeIgniter\CodeIgniter->runController(Object(App\Controllers\Api))
#10 E:\LocalServer\inventory\system\CodeIgniter.php(333): CodeIgniter\CodeIgniter->handleRequest(NULL, Object(Config\Cache), false)
#11 E:\LocalServer\inventory\public\index.php(44): CodeIgniter\CodeIgniter->run()
#12 {main}
CRITICAL - 2021-04-17 19:38:22 --> Undefined variable: data
#0 E:\LocalServer\inventory\app\Views\_partials\assets.php(4): CodeIgniter\Debug\Exceptions->errorHandler(8, 'Undefined varia...', 'E:\\LocalServer\\...', 4, Array)
#1 E:\LocalServer\inventory\system\View\View.php(220): include('E:\\LocalServer\\...')
#2 E:\LocalServer\inventory\system\View\View.php(222): CodeIgniter\View\View->CodeIgniter\View\{closure}()
#3 E:\LocalServer\inventory\system\Common.php(1217): CodeIgniter\View\View->render('_partials/asset...', Array, true)
#4 E:\LocalServer\inventory\app\Controllers\Api.php(46): view('_partials/asset...', Array)
#5 E:\LocalServer\inventory\system\CodeIgniter.php(936): App\Controllers\Api->getAssetViewBarcode('123123')
#6 E:\LocalServer\inventory\system\CodeIgniter.php(432): CodeIgniter\CodeIgniter->runController(Object(App\Controllers\Api))
#7 E:\LocalServer\inventory\system\CodeIgniter.php(333): CodeIgniter\CodeIgniter->handleRequest(NULL, Object(Config\Cache), false)
#8 E:\LocalServer\inventory\public\index.php(44): CodeIgniter\CodeIgniter->run()
#9 {main}
CRITICAL - 2021-04-17 19:38:48 --> Too few arguments to function App\Controllers\Api::getAssetViewBarcode(), 0 passed in E:\LocalServer\inventory\system\CodeIgniter.php on line 936 and exactly 1 expected
#0 E:\LocalServer\inventory\system\CodeIgniter.php(936): App\Controllers\Api->getAssetViewBarcode()
#1 E:\LocalServer\inventory\system\CodeIgniter.php(432): CodeIgniter\CodeIgniter->runController(Object(App\Controllers\Api))
#2 E:\LocalServer\inventory\system\CodeIgniter.php(333): CodeIgniter\CodeIgniter->handleRequest(NULL, Object(Config\Cache), false)
#3 E:\LocalServer\inventory\public\index.php(44): CodeIgniter\CodeIgniter->run()
#4 {main}
ERROR - 2021-04-17 19:39:53 --> mysqli_sql_exception: Unknown column 'satuan_master.satuan' in 'field list' in E:\LocalServer\inventory\system\Database\MySQLi\Connection.php:314
Stack trace:
#0 E:\LocalServer\inventory\system\Database\MySQLi\Connection.php(314): mysqli->query('SELECT `master`...')
#1 E:\LocalServer\inventory\system\Database\BaseConnection.php(713): CodeIgniter\Database\MySQLi\Connection->execute('SELECT `master`...')
#2 E:\LocalServer\inventory\system\Database\BaseConnection.php(641): CodeIgniter\Database\BaseConnection->simpleQuery('SELECT `master`...')
#3 E:\LocalServer\inventory\system\Database\BaseBuilder.php(1866): CodeIgniter\Database\BaseConnection->query('SELECT `master`...', Array, false)
#4 E:\LocalServer\inventory\system\Model.php(247): CodeIgniter\Database\BaseBuilder->get()
#5 E:\LocalServer\inventory\system\BaseModel.php(624): CodeIgniter\Model->doFirst()
#6 E:\LocalServer\inventory\app\Models\Master_model.php(49): CodeIgniter\BaseModel->first()
#7 E:\LocalServer\inventory\app\Controllers\Api.php(44): App\Models\Master_model->get_row_by('barcode', '123123')
#8 E:\LocalServer\inventory\system\CodeIgniter.php(936): App\Controllers\Api->getAssetViewBarcode()
#9 E:\LocalServer\inventory\system\CodeIgniter.php(432): CodeIgniter\CodeIgniter->runController(Object(App\Controllers\Api))
#10 E:\LocalServer\inventory\system\CodeIgniter.php(333): CodeIgniter\CodeIgniter->handleRequest(NULL, Object(Config\Cache), false)
#11 E:\LocalServer\inventory\public\index.php(44): CodeIgniter\CodeIgniter->run()
#12 {main}
CRITICAL - 2021-04-17 19:39:53 --> Unknown column 'satuan_master.satuan' in 'field list'
#0 E:\LocalServer\inventory\system\Database\MySQLi\Connection.php(314): mysqli->query('SELECT `master`...')
#1 E:\LocalServer\inventory\system\Database\BaseConnection.php(713): CodeIgniter\Database\MySQLi\Connection->execute('SELECT `master`...')
#2 E:\LocalServer\inventory\system\Database\BaseConnection.php(641): CodeIgniter\Database\BaseConnection->simpleQuery('SELECT `master`...')
#3 E:\LocalServer\inventory\system\Database\BaseBuilder.php(1866): CodeIgniter\Database\BaseConnection->query('SELECT `master`...', Array, false)
#4 E:\LocalServer\inventory\system\Model.php(247): CodeIgniter\Database\BaseBuilder->get()
#5 E:\LocalServer\inventory\system\BaseModel.php(624): CodeIgniter\Model->doFirst()
#6 E:\LocalServer\inventory\app\Models\Master_model.php(49): CodeIgniter\BaseModel->first()
#7 E:\LocalServer\inventory\app\Controllers\Api.php(44): App\Models\Master_model->get_row_by('barcode', '123123')
#8 E:\LocalServer\inventory\system\CodeIgniter.php(936): App\Controllers\Api->getAssetViewBarcode()
#9 E:\LocalServer\inventory\system\CodeIgniter.php(432): CodeIgniter\CodeIgniter->runController(Object(App\Controllers\Api))
#10 E:\LocalServer\inventory\system\CodeIgniter.php(333): CodeIgniter\CodeIgniter->handleRequest(NULL, Object(Config\Cache), false)
#11 E:\LocalServer\inventory\public\index.php(44): CodeIgniter\CodeIgniter->run()
#12 {main}
CRITICAL - 2021-04-17 19:49:27 --> Undefined property: stdClass::$nama_satuan
#0 E:\LocalServer\inventory\app\Views\administrator\master\master_list.php(157): CodeIgniter\Debug\Exceptions->errorHandler(8, 'Undefined prope...', 'E:\\LocalServer\\...', 157, Array)
#1 E:\LocalServer\inventory\system\View\View.php(220): include('E:\\LocalServer\\...')
#2 E:\LocalServer\inventory\system\View\View.php(222): CodeIgniter\View\View->CodeIgniter\View\{closure}()
#3 E:\LocalServer\inventory\system\Common.php(1217): CodeIgniter\View\View->render('administrator/m...', Array, true)
#4 E:\LocalServer\inventory\app\Controllers\administrator\Master.php(142): view('administrator/m...', Array)
#5 E:\LocalServer\inventory\system\CodeIgniter.php(936): App\Controllers\administrator\Master->index()
#6 E:\LocalServer\inventory\system\CodeIgniter.php(432): CodeIgniter\CodeIgniter->runController(Object(App\Controllers\administrator\Master))
#7 E:\LocalServer\inventory\system\CodeIgniter.php(333): CodeIgniter\CodeIgniter->handleRequest(NULL, Object(Config\Cache), false)
#8 E:\LocalServer\inventory\public\index.php(44): CodeIgniter\CodeIgniter->run()
#9 {main}
ERROR - 2021-04-17 19:50:13 --> mysqli_sql_exception: Table 'inventory.satuan' doesn't exist in E:\LocalServer\inventory\system\Database\MySQLi\Connection.php:314
Stack trace:
#0 E:\LocalServer\inventory\system\Database\MySQLi\Connection.php(314): mysqli->query('SELECT COUNT(*)...')
#1 E:\LocalServer\inventory\system\Database\BaseConnection.php(713): CodeIgniter\Database\MySQLi\Connection->execute('SELECT COUNT(*)...')
#2 E:\LocalServer\inventory\system\Database\BaseConnection.php(641): CodeIgniter\Database\BaseConnection->simpleQuery('SELECT COUNT(*)...')
#3 E:\LocalServer\inventory\system\Database\BaseBuilder.php(1966): CodeIgniter\Database\BaseConnection->query('SELECT COUNT(*)...', Array, false)
#4 E:\LocalServer\inventory\system\Model.php(570): CodeIgniter\Database\BaseBuilder->countAllResults(false)
#5 E:\LocalServer\inventory\system\BaseModel.php(1140): CodeIgniter\Model->countAllResults(false)
#6 E:\LocalServer\inventory\app\Controllers\administrator\Master.php(133): CodeIgniter\BaseModel->paginate(20)
#7 E:\LocalServer\inventory\system\CodeIgniter.php(936): App\Controllers\administrator\Master->index()
#8 E:\LocalServer\inventory\system\CodeIgniter.php(432): CodeIgniter\CodeIgniter->runController(Object(App\Controllers\administrator\Master))
#9 E:\LocalServer\inventory\system\CodeIgniter.php(333): CodeIgniter\CodeIgniter->handleRequest(NULL, Object(Config\Cache), false)
#10 E:\LocalServer\inventory\public\index.php(44): CodeIgniter\CodeIgniter->run()
#11 {main}
CRITICAL - 2021-04-17 19:50:13 --> Table 'inventory.satuan' doesn't exist
#0 E:\LocalServer\inventory\system\Database\MySQLi\Connection.php(314): mysqli->query('SELECT COUNT(*)...')
#1 E:\LocalServer\inventory\system\Database\BaseConnection.php(713): CodeIgniter\Database\MySQLi\Connection->execute('SELECT COUNT(*)...')
#2 E:\LocalServer\inventory\system\Database\BaseConnection.php(641): CodeIgniter\Database\BaseConnection->simpleQuery('SELECT COUNT(*)...')
#3 E:\LocalServer\inventory\system\Database\BaseBuilder.php(1966): CodeIgniter\Database\BaseConnection->query('SELECT COUNT(*)...', Array, false)
#4 E:\LocalServer\inventory\system\Model.php(570): CodeIgniter\Database\BaseBuilder->countAllResults(false)
#5 E:\LocalServer\inventory\system\BaseModel.php(1140): CodeIgniter\Model->countAllResults(false)
#6 E:\LocalServer\inventory\app\Controllers\administrator\Master.php(133): CodeIgniter\BaseModel->paginate(20)
#7 E:\LocalServer\inventory\system\CodeIgniter.php(936): App\Controllers\administrator\Master->index()
#8 E:\LocalServer\inventory\system\CodeIgniter.php(432): CodeIgniter\CodeIgniter->runController(Object(App\Controllers\administrator\Master))
#9 E:\LocalServer\inventory\system\CodeIgniter.php(333): CodeIgniter\CodeIgniter->handleRequest(NULL, Object(Config\Cache), false)
#10 E:\LocalServer\inventory\public\index.php(44): CodeIgniter\CodeIgniter->run()
#11 {main}
ERROR - 2021-04-17 19:50:22 --> mysqli_sql_exception: Unknown column 'satuan.id' in 'on clause' in E:\LocalServer\inventory\system\Database\MySQLi\Connection.php:314
Stack trace:
#0 E:\LocalServer\inventory\system\Database\MySQLi\Connection.php(314): mysqli->query('SELECT COUNT(*)...')
#1 E:\LocalServer\inventory\system\Database\BaseConnection.php(713): CodeIgniter\Database\MySQLi\Connection->execute('SELECT COUNT(*)...')
#2 E:\LocalServer\inventory\system\Database\BaseConnection.php(641): CodeIgniter\Database\BaseConnection->simpleQuery('SELECT COUNT(*)...')
#3 E:\LocalServer\inventory\system\Database\BaseBuilder.php(1966): CodeIgniter\Database\BaseConnection->query('SELECT COUNT(*)...', Array, false)
#4 E:\LocalServer\inventory\system\Model.php(570): CodeIgniter\Database\BaseBuilder->countAllResults(false)
#5 E:\LocalServer\inventory\system\BaseModel.php(1140): CodeIgniter\Model->countAllResults(false)
#6 E:\LocalServer\inventory\app\Controllers\administrator\Master.php(133): CodeIgniter\BaseModel->paginate(20)
#7 E:\LocalServer\inventory\system\CodeIgniter.php(936): App\Controllers\administrator\Master->index()
#8 E:\LocalServer\inventory\system\CodeIgniter.php(432): CodeIgniter\CodeIgniter->runController(Object(App\Controllers\administrator\Master))
#9 E:\LocalServer\inventory\system\CodeIgniter.php(333): CodeIgniter\CodeIgniter->handleRequest(NULL, Object(Config\Cache), false)
#10 E:\LocalServer\inventory\public\index.php(44): CodeIgniter\CodeIgniter->run()
#11 {main}
CRITICAL - 2021-04-17 19:50:22 --> Unknown column 'satuan.id' in 'on clause'
#0 E:\LocalServer\inventory\system\Database\MySQLi\Connection.php(314): mysqli->query('SELECT COUNT(*)...')
#1 E:\LocalServer\inventory\system\Database\BaseConnection.php(713): CodeIgniter\Database\MySQLi\Connection->execute('SELECT COUNT(*)...')
#2 E:\LocalServer\inventory\system\Database\BaseConnection.php(641): CodeIgniter\Database\BaseConnection->simpleQuery('SELECT COUNT(*)...')
#3 E:\LocalServer\inventory\system\Database\BaseBuilder.php(1966): CodeIgniter\Database\BaseConnection->query('SELECT COUNT(*)...', Array, false)
#4 E:\LocalServer\inventory\system\Model.php(570): CodeIgniter\Database\BaseBuilder->countAllResults(false)
#5 E:\LocalServer\inventory\system\BaseModel.php(1140): CodeIgniter\Model->countAllResults(false)
#6 E:\LocalServer\inventory\app\Controllers\administrator\Master.php(133): CodeIgniter\BaseModel->paginate(20)
#7 E:\LocalServer\inventory\system\CodeIgniter.php(936): App\Controllers\administrator\Master->index()
#8 E:\LocalServer\inventory\system\CodeIgniter.php(432): CodeIgniter\CodeIgniter->runController(Object(App\Controllers\administrator\Master))
#9 E:\LocalServer\inventory\system\CodeIgniter.php(333): CodeIgniter\CodeIgniter->handleRequest(NULL, Object(Config\Cache), false)
#10 E:\LocalServer\inventory\public\index.php(44): CodeIgniter\CodeIgniter->run()
#11 {main}
CRITICAL - 2021-04-17 19:50:28 --> Undefined property: stdClass::$nama_satuan
#0 E:\LocalServer\inventory\app\Views\administrator\master\master_list.php(157): CodeIgniter\Debug\Exceptions->errorHandler(8, 'Undefined prope...', 'E:\\LocalServer\\...', 157, Array)
#1 E:\LocalServer\inventory\system\View\View.php(220): include('E:\\LocalServer\\...')
#2 E:\LocalServer\inventory\system\View\View.php(222): CodeIgniter\View\View->CodeIgniter\View\{closure}()
#3 E:\LocalServer\inventory\system\Common.php(1217): CodeIgniter\View\View->render('administrator/m...', Array, true)
#4 E:\LocalServer\inventory\app\Controllers\administrator\Master.php(143): view('administrator/m...', Array)
#5 E:\LocalServer\inventory\system\CodeIgniter.php(936): App\Controllers\administrator\Master->index()
#6 E:\LocalServer\inventory\system\CodeIgniter.php(432): CodeIgniter\CodeIgniter->runController(Object(App\Controllers\administrator\Master))
#7 E:\LocalServer\inventory\system\CodeIgniter.php(333): CodeIgniter\CodeIgniter->handleRequest(NULL, Object(Config\Cache), false)
#8 E:\LocalServer\inventory\public\index.php(44): CodeIgniter\CodeIgniter->run()
#9 {main}
CRITICAL - 2021-04-17 20:02:34 --> Undefined property: stdClass::$nama_vendor
#0 E:\LocalServer\inventory\app\Views\administrator\pembelian\pembelian_list.php(143): CodeIgniter\Debug\Exceptions->errorHandler(8, 'Undefined prope...', 'E:\\LocalServer\\...', 143, Array)
#1 E:\LocalServer\inventory\system\View\View.php(220): include('E:\\LocalServer\\...')
#2 E:\LocalServer\inventory\system\View\View.php(222): CodeIgniter\View\View->CodeIgniter\View\{closure}()
#3 E:\LocalServer\inventory\system\Common.php(1217): CodeIgniter\View\View->render('administrator/p...', Array, true)
#4 E:\LocalServer\inventory\app\Controllers\administrator\Pembelian.php(143): view('administrator/p...', Array)
#5 E:\LocalServer\inventory\system\CodeIgniter.php(936): App\Controllers\administrator\Pembelian->index()
#6 E:\LocalServer\inventory\system\CodeIgniter.php(432): CodeIgniter\CodeIgniter->runController(Object(App\Controllers\administrator\Pembelian))
#7 E:\LocalServer\inventory\system\CodeIgniter.php(333): CodeIgniter\CodeIgniter->handleRequest(NULL, Object(Config\Cache), false)
#8 E:\LocalServer\inventory\public\index.php(44): CodeIgniter\CodeIgniter->run()
#9 {main}
ERROR - 2021-04-17 20:03:43 --> mysqli_sql_exception: Column 'id' in order clause is ambiguous in E:\LocalServer\inventory\system\Database\MySQLi\Connection.php:314
Stack trace:
#0 E:\LocalServer\inventory\system\Database\MySQLi\Connection.php(314): mysqli->query('SELECT *\nFROM `...')
#1 E:\LocalServer\inventory\system\Database\BaseConnection.php(713): CodeIgniter\Database\MySQLi\Connection->execute('SELECT *\nFROM `...')
#2 E:\LocalServer\inventory\system\Database\BaseConnection.php(641): CodeIgniter\Database\BaseConnection->simpleQuery('SELECT *\nFROM `...')
#3 E:\LocalServer\inventory\system\Database\BaseBuilder.php(1866): CodeIgniter\Database\BaseConnection->query('SELECT *\nFROM `...', Array, false)
#4 E:\LocalServer\inventory\system\Model.php(213): CodeIgniter\Database\BaseBuilder->get()
#5 E:\LocalServer\inventory\system\BaseModel.php(583): CodeIgniter\Model->doFindAll(20, 0)
#6 E:\LocalServer\inventory\system\BaseModel.php(1144): CodeIgniter\BaseModel->findAll(20, 0)
#7 E:\LocalServer\inventory\app\Controllers\administrator\Pembelian.php(133): CodeIgniter\BaseModel->paginate(20)
#8 E:\LocalServer\inventory\system\CodeIgniter.php(936): App\Controllers\administrator\Pembelian->index()
#9 E:\LocalServer\inventory\system\CodeIgniter.php(432): CodeIgniter\CodeIgniter->runController(Object(App\Controllers\administrator\Pembelian))
#10 E:\LocalServer\inventory\system\CodeIgniter.php(333): CodeIgniter\CodeIgniter->handleRequest(NULL, Object(Config\Cache), false)
#11 E:\LocalServer\inventory\public\index.php(44): CodeIgniter\CodeIgniter->run()
#12 {main}
CRITICAL - 2021-04-17 20:03:43 --> Column 'id' in order clause is ambiguous
#0 E:\LocalServer\inventory\system\Database\MySQLi\Connection.php(314): mysqli->query('SELECT *\nFROM `...')
#1 E:\LocalServer\inventory\system\Database\BaseConnection.php(713): CodeIgniter\Database\MySQLi\Connection->execute('SELECT *\nFROM `...')
#2 E:\LocalServer\inventory\system\Database\BaseConnection.php(641): CodeIgniter\Database\BaseConnection->simpleQuery('SELECT *\nFROM `...')
#3 E:\LocalServer\inventory\system\Database\BaseBuilder.php(1866): CodeIgniter\Database\BaseConnection->query('SELECT *\nFROM `...', Array, false)
#4 E:\LocalServer\inventory\system\Model.php(213): CodeIgniter\Database\BaseBuilder->get()
#5 E:\LocalServer\inventory\system\BaseModel.php(583): CodeIgniter\Model->doFindAll(20, 0)
#6 E:\LocalServer\inventory\system\BaseModel.php(1144): CodeIgniter\BaseModel->findAll(20, 0)
#7 E:\LocalServer\inventory\app\Controllers\administrator\Pembelian.php(133): CodeIgniter\BaseModel->paginate(20)
#8 E:\LocalServer\inventory\system\CodeIgniter.php(936): App\Controllers\administrator\Pembelian->index()
#9 E:\LocalServer\inventory\system\CodeIgniter.php(432): CodeIgniter\CodeIgniter->runController(Object(App\Controllers\administrator\Pembelian))
#10 E:\LocalServer\inventory\system\CodeIgniter.php(333): CodeIgniter\CodeIgniter->handleRequest(NULL, Object(Config\Cache), false)
#11 E:\LocalServer\inventory\public\index.php(44): CodeIgniter\CodeIgniter->run()
#12 {main}
