CRITICAL - 2021-04-29 11:04:46 --> Tidak ada kunci utama yang ditentukan saat mencoba membuat insert.
#0 C:\wamp64\www\inventory\system\Model.php(267): CodeIgniter\Database\Exceptions\DataException::forEmptyPrimaryKey('insert')
#1 C:\wamp64\www\inventory\system\BaseModel.php(758): CodeIgniter\Model->doInsert(Array)
#2 C:\wamp64\www\inventory\system\Model.php(705): CodeIgniter\BaseModel->insert(Array, true)
#3 C:\wamp64\www\inventory\app\Controllers\administrator\Operation.php(357): CodeIgniter\Model->insert(Array)
#4 C:\wamp64\www\inventory\system\CodeIgniter.php(936): App\Controllers\administrator\Operation->barcode()
#5 C:\wamp64\www\inventory\system\CodeIgniter.php(432): CodeIgniter\CodeIgniter->runController(Object(App\Controllers\administrator\Operation))
#6 C:\wamp64\www\inventory\system\CodeIgniter.php(333): CodeIgniter\CodeIgniter->handleRequest(NULL, Object(Config\Cache), false)
#7 C:\wamp64\www\inventory\public\index.php(44): CodeIgniter\CodeIgniter->run()
#8 {main}
ERROR - 2021-04-29 13:20:44 --> mysqli_sql_exception: Unknown column 'penjualan.id_vendor' in 'on clause' in C:\wamp64\www\inventory\system\Database\MySQLi\Connection.php:314
Stack trace:
#0 C:\wamp64\www\inventory\system\Database\MySQLi\Connection.php(314): mysqli->query('SELECT COUNT(*)...')
#1 C:\wamp64\www\inventory\system\Database\BaseConnection.php(713): CodeIgniter\Database\MySQLi\Connection->execute('SELECT COUNT(*)...')
#2 C:\wamp64\www\inventory\system\Database\BaseConnection.php(641): CodeIgniter\Database\BaseConnection->simpleQuery('SELECT COUNT(*)...')
#3 C:\wamp64\www\inventory\system\Database\BaseBuilder.php(1966): CodeIgniter\Database\BaseConnection->query('SELECT COUNT(*)...', Array, false)
#4 C:\wamp64\www\inventory\system\Model.php(570): CodeIgniter\Database\BaseBuilder->countAllResults(false)
#5 C:\wamp64\www\inventory\system\BaseModel.php(1140): CodeIgniter\Model->countAllResults(false)
#6 C:\wamp64\www\inventory\app\Controllers\administrator\Penjualan.php(137): CodeIgniter\BaseModel->paginate(20)
#7 C:\wamp64\www\inventory\system\CodeIgniter.php(936): App\Controllers\administrator\Penjualan->index()
#8 C:\wamp64\www\inventory\system\CodeIgniter.php(432): CodeIgniter\CodeIgniter->runController(Object(App\Controllers\administrator\Penjualan))
#9 C:\wamp64\www\inventory\system\CodeIgniter.php(333): CodeIgniter\CodeIgniter->handleRequest(NULL, Object(Config\Cache), false)
#10 C:\wamp64\www\inventory\public\index.php(44): CodeIgniter\CodeIgniter->run()
#11 {main}
CRITICAL - 2021-04-29 13:20:44 --> Unknown column 'penjualan.id_vendor' in 'on clause'
#0 C:\wamp64\www\inventory\system\Database\MySQLi\Connection.php(314): mysqli->query('SELECT COUNT(*)...')
#1 C:\wamp64\www\inventory\system\Database\BaseConnection.php(713): CodeIgniter\Database\MySQLi\Connection->execute('SELECT COUNT(*)...')
#2 C:\wamp64\www\inventory\system\Database\BaseConnection.php(641): CodeIgniter\Database\BaseConnection->simpleQuery('SELECT COUNT(*)...')
#3 C:\wamp64\www\inventory\system\Database\BaseBuilder.php(1966): CodeIgniter\Database\BaseConnection->query('SELECT COUNT(*)...', Array, false)
#4 C:\wamp64\www\inventory\system\Model.php(570): CodeIgniter\Database\BaseBuilder->countAllResults(false)
#5 C:\wamp64\www\inventory\system\BaseModel.php(1140): CodeIgniter\Model->countAllResults(false)
#6 C:\wamp64\www\inventory\app\Controllers\administrator\Penjualan.php(137): CodeIgniter\BaseModel->paginate(20)
#7 C:\wamp64\www\inventory\system\CodeIgniter.php(936): App\Controllers\administrator\Penjualan->index()
#8 C:\wamp64\www\inventory\system\CodeIgniter.php(432): CodeIgniter\CodeIgniter->runController(Object(App\Controllers\administrator\Penjualan))
#9 C:\wamp64\www\inventory\system\CodeIgniter.php(333): CodeIgniter\CodeIgniter->handleRequest(NULL, Object(Config\Cache), false)
#10 C:\wamp64\www\inventory\public\index.php(44): CodeIgniter\CodeIgniter->run()
#11 {main}
ERROR - 2021-04-29 13:23:11 --> mysqli_sql_exception: Unknown column 'penjualan.id_vendor' in 'on clause' in C:\wamp64\www\inventory\system\Database\MySQLi\Connection.php:314
Stack trace:
#0 C:\wamp64\www\inventory\system\Database\MySQLi\Connection.php(314): mysqli->query('SELECT COUNT(*)...')
#1 C:\wamp64\www\inventory\system\Database\BaseConnection.php(713): CodeIgniter\Database\MySQLi\Connection->execute('SELECT COUNT(*)...')
#2 C:\wamp64\www\inventory\system\Database\BaseConnection.php(641): CodeIgniter\Database\BaseConnection->simpleQuery('SELECT COUNT(*)...')
#3 C:\wamp64\www\inventory\system\Database\BaseBuilder.php(1966): CodeIgniter\Database\BaseConnection->query('SELECT COUNT(*)...', Array, false)
#4 C:\wamp64\www\inventory\system\Model.php(570): CodeIgniter\Database\BaseBuilder->countAllResults(false)
#5 C:\wamp64\www\inventory\system\BaseModel.php(1140): CodeIgniter\Model->countAllResults(false)
#6 C:\wamp64\www\inventory\app\Controllers\administrator\Penjualan.php(137): CodeIgniter\BaseModel->paginate(20)
#7 C:\wamp64\www\inventory\system\CodeIgniter.php(936): App\Controllers\administrator\Penjualan->index()
#8 C:\wamp64\www\inventory\system\CodeIgniter.php(432): CodeIgniter\CodeIgniter->runController(Object(App\Controllers\administrator\Penjualan))
#9 C:\wamp64\www\inventory\system\CodeIgniter.php(333): CodeIgniter\CodeIgniter->handleRequest(NULL, Object(Config\Cache), false)
#10 C:\wamp64\www\inventory\public\index.php(44): CodeIgniter\CodeIgniter->run()
#11 {main}
CRITICAL - 2021-04-29 13:23:11 --> Unknown column 'penjualan.id_vendor' in 'on clause'
#0 C:\wamp64\www\inventory\system\Database\MySQLi\Connection.php(314): mysqli->query('SELECT COUNT(*)...')
#1 C:\wamp64\www\inventory\system\Database\BaseConnection.php(713): CodeIgniter\Database\MySQLi\Connection->execute('SELECT COUNT(*)...')
#2 C:\wamp64\www\inventory\system\Database\BaseConnection.php(641): CodeIgniter\Database\BaseConnection->simpleQuery('SELECT COUNT(*)...')
#3 C:\wamp64\www\inventory\system\Database\BaseBuilder.php(1966): CodeIgniter\Database\BaseConnection->query('SELECT COUNT(*)...', Array, false)
#4 C:\wamp64\www\inventory\system\Model.php(570): CodeIgniter\Database\BaseBuilder->countAllResults(false)
#5 C:\wamp64\www\inventory\system\BaseModel.php(1140): CodeIgniter\Model->countAllResults(false)
#6 C:\wamp64\www\inventory\app\Controllers\administrator\Penjualan.php(137): CodeIgniter\BaseModel->paginate(20)
#7 C:\wamp64\www\inventory\system\CodeIgniter.php(936): App\Controllers\administrator\Penjualan->index()
#8 C:\wamp64\www\inventory\system\CodeIgniter.php(432): CodeIgniter\CodeIgniter->runController(Object(App\Controllers\administrator\Penjualan))
#9 C:\wamp64\www\inventory\system\CodeIgniter.php(333): CodeIgniter\CodeIgniter->handleRequest(NULL, Object(Config\Cache), false)
#10 C:\wamp64\www\inventory\public\index.php(44): CodeIgniter\CodeIgniter->run()
#11 {main}
ERROR - 2021-04-29 13:23:18 --> mysqli_sql_exception: Unknown column 'penjualan.id_vendor' in 'on clause' in C:\wamp64\www\inventory\system\Database\MySQLi\Connection.php:314
Stack trace:
#0 C:\wamp64\www\inventory\system\Database\MySQLi\Connection.php(314): mysqli->query('SELECT COUNT(*)...')
#1 C:\wamp64\www\inventory\system\Database\BaseConnection.php(713): CodeIgniter\Database\MySQLi\Connection->execute('SELECT COUNT(*)...')
#2 C:\wamp64\www\inventory\system\Database\BaseConnection.php(641): CodeIgniter\Database\BaseConnection->simpleQuery('SELECT COUNT(*)...')
#3 C:\wamp64\www\inventory\system\Database\BaseBuilder.php(1966): CodeIgniter\Database\BaseConnection->query('SELECT COUNT(*)...', Array, false)
#4 C:\wamp64\www\inventory\system\Model.php(570): CodeIgniter\Database\BaseBuilder->countAllResults(false)
#5 C:\wamp64\www\inventory\system\BaseModel.php(1140): CodeIgniter\Model->countAllResults(false)
#6 C:\wamp64\www\inventory\app\Controllers\administrator\Penjualan.php(137): CodeIgniter\BaseModel->paginate(20)
#7 C:\wamp64\www\inventory\system\CodeIgniter.php(936): App\Controllers\administrator\Penjualan->index()
#8 C:\wamp64\www\inventory\system\CodeIgniter.php(432): CodeIgniter\CodeIgniter->runController(Object(App\Controllers\administrator\Penjualan))
#9 C:\wamp64\www\inventory\system\CodeIgniter.php(333): CodeIgniter\CodeIgniter->handleRequest(NULL, Object(Config\Cache), false)
#10 C:\wamp64\www\inventory\public\index.php(44): CodeIgniter\CodeIgniter->run()
#11 {main}
CRITICAL - 2021-04-29 13:23:18 --> Unknown column 'penjualan.id_vendor' in 'on clause'
#0 C:\wamp64\www\inventory\system\Database\MySQLi\Connection.php(314): mysqli->query('SELECT COUNT(*)...')
#1 C:\wamp64\www\inventory\system\Database\BaseConnection.php(713): CodeIgniter\Database\MySQLi\Connection->execute('SELECT COUNT(*)...')
#2 C:\wamp64\www\inventory\system\Database\BaseConnection.php(641): CodeIgniter\Database\BaseConnection->simpleQuery('SELECT COUNT(*)...')
#3 C:\wamp64\www\inventory\system\Database\BaseBuilder.php(1966): CodeIgniter\Database\BaseConnection->query('SELECT COUNT(*)...', Array, false)
#4 C:\wamp64\www\inventory\system\Model.php(570): CodeIgniter\Database\BaseBuilder->countAllResults(false)
#5 C:\wamp64\www\inventory\system\BaseModel.php(1140): CodeIgniter\Model->countAllResults(false)
#6 C:\wamp64\www\inventory\app\Controllers\administrator\Penjualan.php(137): CodeIgniter\BaseModel->paginate(20)
#7 C:\wamp64\www\inventory\system\CodeIgniter.php(936): App\Controllers\administrator\Penjualan->index()
#8 C:\wamp64\www\inventory\system\CodeIgniter.php(432): CodeIgniter\CodeIgniter->runController(Object(App\Controllers\administrator\Penjualan))
#9 C:\wamp64\www\inventory\system\CodeIgniter.php(333): CodeIgniter\CodeIgniter->handleRequest(NULL, Object(Config\Cache), false)
#10 C:\wamp64\www\inventory\public\index.php(44): CodeIgniter\CodeIgniter->run()
#11 {main}
CRITICAL - 2021-04-29 13:31:18 --> Undefined property: stdClass::$nama_divisi
#0 C:\wamp64\www\inventory\app\Views\administrator\penjualan\penjualan_form.php(75): CodeIgniter\Debug\Exceptions->errorHandler(8, 'Undefined prope...', 'C:\\wamp64\\www\\i...', 75, Array)
#1 C:\wamp64\www\inventory\system\View\View.php(220): include('C:\\wamp64\\www\\i...')
#2 C:\wamp64\www\inventory\system\View\View.php(222): CodeIgniter\View\View->CodeIgniter\View\{closure}()
#3 C:\wamp64\www\inventory\system\Common.php(1217): CodeIgniter\View\View->render('administrator/p...', Array, true)
#4 C:\wamp64\www\inventory\app\Controllers\administrator\Penjualan.php(232): view('administrator/p...', Array)
#5 C:\wamp64\www\inventory\system\CodeIgniter.php(936): App\Controllers\administrator\Penjualan->create()
#6 C:\wamp64\www\inventory\system\CodeIgniter.php(432): CodeIgniter\CodeIgniter->runController(Object(App\Controllers\administrator\Penjualan))
#7 C:\wamp64\www\inventory\system\CodeIgniter.php(333): CodeIgniter\CodeIgniter->handleRequest(NULL, Object(Config\Cache), false)
#8 C:\wamp64\www\inventory\public\index.php(44): CodeIgniter\CodeIgniter->run()
#9 {main}
CRITICAL - 2021-04-29 13:34:36 --> Undefined property: stdClass::$nama_vendor
#0 C:\wamp64\www\inventory\app\Views\administrator\divisi\divisi_list.php(147): CodeIgniter\Debug\Exceptions->errorHandler(8, 'Undefined prope...', 'C:\\wamp64\\www\\i...', 147, Array)
#1 C:\wamp64\www\inventory\system\View\View.php(220): include('C:\\wamp64\\www\\i...')
#2 C:\wamp64\www\inventory\system\View\View.php(222): CodeIgniter\View\View->CodeIgniter\View\{closure}()
#3 C:\wamp64\www\inventory\system\Common.php(1217): CodeIgniter\View\View->render('administrator/d...', Array, true)
#4 C:\wamp64\www\inventory\app\Controllers\administrator\Divisi.php(141): view('administrator/d...', Array)
#5 C:\wamp64\www\inventory\system\CodeIgniter.php(936): App\Controllers\administrator\Divisi->index()
#6 C:\wamp64\www\inventory\system\CodeIgniter.php(432): CodeIgniter\CodeIgniter->runController(Object(App\Controllers\administrator\Divisi))
#7 C:\wamp64\www\inventory\system\CodeIgniter.php(333): CodeIgniter\CodeIgniter->handleRequest(NULL, Object(Config\Cache), false)
#8 C:\wamp64\www\inventory\public\index.php(44): CodeIgniter\CodeIgniter->run()
#9 {main}
CRITICAL - 2021-04-29 16:28:47 --> Undefined property: stdClass::$nama_divisi
#0 C:\wamp64\www\inventory\app\Views\administrator\divisi\divisi_form.php(30): CodeIgniter\Debug\Exceptions->errorHandler(8, 'Undefined prope...', 'C:\\wamp64\\www\\i...', 30, Array)
#1 C:\wamp64\www\inventory\system\View\View.php(220): include('C:\\wamp64\\www\\i...')
#2 C:\wamp64\www\inventory\system\View\View.php(222): CodeIgniter\View\View->CodeIgniter\View\{closure}()
#3 C:\wamp64\www\inventory\system\Common.php(1217): CodeIgniter\View\View->render('administrator/d...', Array, true)
#4 C:\wamp64\www\inventory\app\Controllers\administrator\Divisi.php(189): view('administrator/d...', Array)
#5 C:\wamp64\www\inventory\system\CodeIgniter.php(936): App\Controllers\administrator\Divisi->create()
#6 C:\wamp64\www\inventory\system\CodeIgniter.php(432): CodeIgniter\CodeIgniter->runController(Object(App\Controllers\administrator\Divisi))
#7 C:\wamp64\www\inventory\system\CodeIgniter.php(333): CodeIgniter\CodeIgniter->handleRequest(NULL, Object(Config\Cache), false)
#8 C:\wamp64\www\inventory\public\index.php(44): CodeIgniter\CodeIgniter->run()
#9 {main}
CRITICAL - 2021-04-29 17:00:35 --> Undefined variable: divisi
#0 C:\wamp64\www\inventory\app\Views\administrator\penjualan\penjualan_form.php(76): CodeIgniter\Debug\Exceptions->errorHandler(8, 'Undefined varia...', 'C:\\wamp64\\www\\i...', 76, Array)
#1 C:\wamp64\www\inventory\system\View\View.php(220): include('C:\\wamp64\\www\\i...')
#2 C:\wamp64\www\inventory\system\View\View.php(222): CodeIgniter\View\View->CodeIgniter\View\{closure}()
#3 C:\wamp64\www\inventory\system\Common.php(1217): CodeIgniter\View\View->render('administrator/p...', Array, true)
#4 C:\wamp64\www\inventory\app\Controllers\administrator\Penjualan.php(291): view('administrator/p...', Array)
#5 C:\wamp64\www\inventory\system\CodeIgniter.php(936): App\Controllers\administrator\Penjualan->batch()
#6 C:\wamp64\www\inventory\system\CodeIgniter.php(432): CodeIgniter\CodeIgniter->runController(Object(App\Controllers\administrator\Penjualan))
#7 C:\wamp64\www\inventory\system\CodeIgniter.php(333): CodeIgniter\CodeIgniter->handleRequest(NULL, Object(Config\Cache), false)
#8 C:\wamp64\www\inventory\public\index.php(44): CodeIgniter\CodeIgniter->run()
#9 {main}
CRITICAL - 2021-04-29 17:03:35 --> Undefined variable: divisi
#0 C:\wamp64\www\inventory\app\Views\administrator\penjualan\penjualan_form_batch.php(76): CodeIgniter\Debug\Exceptions->errorHandler(8, 'Undefined varia...', 'C:\\wamp64\\www\\i...', 76, Array)
#1 C:\wamp64\www\inventory\system\View\View.php(220): include('C:\\wamp64\\www\\i...')
#2 C:\wamp64\www\inventory\system\View\View.php(222): CodeIgniter\View\View->CodeIgniter\View\{closure}()
#3 C:\wamp64\www\inventory\system\Common.php(1217): CodeIgniter\View\View->render('administrator/p...', Array, true)
#4 C:\wamp64\www\inventory\app\Controllers\administrator\Penjualan.php(291): view('administrator/p...', Array)
#5 C:\wamp64\www\inventory\system\CodeIgniter.php(936): App\Controllers\administrator\Penjualan->batch()
#6 C:\wamp64\www\inventory\system\CodeIgniter.php(432): CodeIgniter\CodeIgniter->runController(Object(App\Controllers\administrator\Penjualan))
#7 C:\wamp64\www\inventory\system\CodeIgniter.php(333): CodeIgniter\CodeIgniter->handleRequest(NULL, Object(Config\Cache), false)
#8 C:\wamp64\www\inventory\public\index.php(44): CodeIgniter\CodeIgniter->run()
#9 {main}
CRITICAL - 2021-04-29 17:03:54 --> Undefined variable: divisi
#0 C:\wamp64\www\inventory\app\Controllers\administrator\Penjualan.php(287): CodeIgniter\Debug\Exceptions->errorHandler(8, 'Undefined varia...', 'C:\\wamp64\\www\\i...', 287, Array)
#1 C:\wamp64\www\inventory\system\CodeIgniter.php(936): App\Controllers\administrator\Penjualan->batch()
#2 C:\wamp64\www\inventory\system\CodeIgniter.php(432): CodeIgniter\CodeIgniter->runController(Object(App\Controllers\administrator\Penjualan))
#3 C:\wamp64\www\inventory\system\CodeIgniter.php(333): CodeIgniter\CodeIgniter->handleRequest(NULL, Object(Config\Cache), false)
#4 C:\wamp64\www\inventory\public\index.php(44): CodeIgniter\CodeIgniter->run()
#5 {main}
CRITICAL - 2021-04-29 18:20:15 --> count(): Parameter must be an array or an object that implements Countable
#0 [internal function]: CodeIgniter\Debug\Exceptions->errorHandler(2, 'count(): Parame...', 'C:\\wamp64\\www\\i...', 297, Array)
#1 C:\wamp64\www\inventory\app\Controllers\administrator\Penjualan.php(297): count(NULL)
#2 C:\wamp64\www\inventory\system\CodeIgniter.php(936): App\Controllers\administrator\Penjualan->batch_action()
#3 C:\wamp64\www\inventory\system\CodeIgniter.php(432): CodeIgniter\CodeIgniter->runController(Object(App\Controllers\administrator\Penjualan))
#4 C:\wamp64\www\inventory\system\CodeIgniter.php(333): CodeIgniter\CodeIgniter->handleRequest(NULL, Object(Config\Cache), false)
#5 C:\wamp64\www\inventory\public\index.php(44): CodeIgniter\CodeIgniter->run()
#6 {main}
CRITICAL - 2021-04-29 18:34:46 --> Unsupported operand types
#0 C:\wamp64\www\inventory\system\CodeIgniter.php(936): App\Controllers\administrator\Penjualan->batch_action()
#1 C:\wamp64\www\inventory\system\CodeIgniter.php(432): CodeIgniter\CodeIgniter->runController(Object(App\Controllers\administrator\Penjualan))
#2 C:\wamp64\www\inventory\system\CodeIgniter.php(333): CodeIgniter\CodeIgniter->handleRequest(NULL, Object(Config\Cache), false)
#3 C:\wamp64\www\inventory\public\index.php(44): CodeIgniter\CodeIgniter->run()
#4 {main}
ERROR - 2021-04-29 18:45:56 --> mysqli_sql_exception: Illegal parameter data types varchar and row for operation '=' in C:\wamp64\www\inventory\system\Database\MySQLi\Connection.php:314
Stack trace:
#0 C:\wamp64\www\inventory\system\Database\MySQLi\Connection.php(314): mysqli->query('SELECT *\nFROM `...')
#1 C:\wamp64\www\inventory\system\Database\BaseConnection.php(713): CodeIgniter\Database\MySQLi\Connection->execute('SELECT *\nFROM `...')
#2 C:\wamp64\www\inventory\system\Database\BaseConnection.php(641): CodeIgniter\Database\BaseConnection->simpleQuery('SELECT *\nFROM `...')
#3 C:\wamp64\www\inventory\system\Database\BaseBuilder.php(1866): CodeIgniter\Database\BaseConnection->query('SELECT *\nFROM `...', Array, false)
#4 C:\wamp64\www\inventory\system\Model.php(247): CodeIgniter\Database\BaseBuilder->get()
#5 C:\wamp64\www\inventory\system\BaseModel.php(624): CodeIgniter\Model->doFirst()
#6 C:\wamp64\www\inventory\app\Controllers\administrator\Penjualan.php(299): CodeIgniter\BaseModel->first()
#7 C:\wamp64\www\inventory\system\CodeIgniter.php(936): App\Controllers\administrator\Penjualan->batch_action()
#8 C:\wamp64\www\inventory\system\CodeIgniter.php(432): CodeIgniter\CodeIgniter->runController(Object(App\Controllers\administrator\Penjualan))
#9 C:\wamp64\www\inventory\system\CodeIgniter.php(333): CodeIgniter\CodeIgniter->handleRequest(NULL, Object(Config\Cache), false)
#10 C:\wamp64\www\inventory\public\index.php(44): CodeIgniter\CodeIgniter->run()
#11 {main}
CRITICAL - 2021-04-29 18:45:56 --> Illegal parameter data types varchar and row for operation '='
#0 C:\wamp64\www\inventory\system\Database\MySQLi\Connection.php(314): mysqli->query('SELECT *\nFROM `...')
#1 C:\wamp64\www\inventory\system\Database\BaseConnection.php(713): CodeIgniter\Database\MySQLi\Connection->execute('SELECT *\nFROM `...')
#2 C:\wamp64\www\inventory\system\Database\BaseConnection.php(641): CodeIgniter\Database\BaseConnection->simpleQuery('SELECT *\nFROM `...')
#3 C:\wamp64\www\inventory\system\Database\BaseBuilder.php(1866): CodeIgniter\Database\BaseConnection->query('SELECT *\nFROM `...', Array, false)
#4 C:\wamp64\www\inventory\system\Model.php(247): CodeIgniter\Database\BaseBuilder->get()
#5 C:\wamp64\www\inventory\system\BaseModel.php(624): CodeIgniter\Model->doFirst()
#6 C:\wamp64\www\inventory\app\Controllers\administrator\Penjualan.php(299): CodeIgniter\BaseModel->first()
#7 C:\wamp64\www\inventory\system\CodeIgniter.php(936): App\Controllers\administrator\Penjualan->batch_action()
#8 C:\wamp64\www\inventory\system\CodeIgniter.php(432): CodeIgniter\CodeIgniter->runController(Object(App\Controllers\administrator\Penjualan))
#9 C:\wamp64\www\inventory\system\CodeIgniter.php(333): CodeIgniter\CodeIgniter->handleRequest(NULL, Object(Config\Cache), false)
#10 C:\wamp64\www\inventory\public\index.php(44): CodeIgniter\CodeIgniter->run()
#11 {main}
ERROR - 2021-04-29 19:15:12 --> mysqli_sql_exception: Duplicate entry 'SALS16196980150' for key 'PRIMARY' in C:\wamp64\www\inventory\system\Database\MySQLi\Connection.php:314
Stack trace:
#0 C:\wamp64\www\inventory\system\Database\MySQLi\Connection.php(314): mysqli->query('INSERT INTO `pe...')
#1 C:\wamp64\www\inventory\system\Database\BaseConnection.php(713): CodeIgniter\Database\MySQLi\Connection->execute('INSERT INTO `pe...')
#2 C:\wamp64\www\inventory\system\Database\BaseConnection.php(641): CodeIgniter\Database\BaseConnection->simpleQuery('INSERT INTO `pe...')
#3 C:\wamp64\www\inventory\system\Database\BaseBuilder.php(2263): CodeIgniter\Database\BaseConnection->query('INSERT INTO `pe...', Array, false)
#4 C:\wamp64\www\inventory\system\Model.php(278): CodeIgniter\Database\BaseBuilder->insert()
#5 C:\wamp64\www\inventory\system\BaseModel.php(758): CodeIgniter\Model->doInsert(Array)
#6 C:\wamp64\www\inventory\system\Model.php(705): CodeIgniter\BaseModel->insert(Array, true)
#7 C:\wamp64\www\inventory\app\Controllers\administrator\Penjualan.php(316): CodeIgniter\Model->insert(Array)
#8 C:\wamp64\www\inventory\system\CodeIgniter.php(936): App\Controllers\administrator\Penjualan->batch_action()
#9 C:\wamp64\www\inventory\system\CodeIgniter.php(432): CodeIgniter\CodeIgniter->runController(Object(App\Controllers\administrator\Penjualan))
#10 C:\wamp64\www\inventory\system\CodeIgniter.php(333): CodeIgniter\CodeIgniter->handleRequest(NULL, Object(Config\Cache), false)
#11 C:\wamp64\www\inventory\public\index.php(44): CodeIgniter\CodeIgniter->run()
#12 {main}
CRITICAL - 2021-04-29 19:15:12 --> Duplicate entry 'SALS16196980150' for key 'PRIMARY'
#0 C:\wamp64\www\inventory\system\Database\MySQLi\Connection.php(314): mysqli->query('INSERT INTO `pe...')
#1 C:\wamp64\www\inventory\system\Database\BaseConnection.php(713): CodeIgniter\Database\MySQLi\Connection->execute('INSERT INTO `pe...')
#2 C:\wamp64\www\inventory\system\Database\BaseConnection.php(641): CodeIgniter\Database\BaseConnection->simpleQuery('INSERT INTO `pe...')
#3 C:\wamp64\www\inventory\system\Database\BaseBuilder.php(2263): CodeIgniter\Database\BaseConnection->query('INSERT INTO `pe...', Array, false)
#4 C:\wamp64\www\inventory\system\Model.php(278): CodeIgniter\Database\BaseBuilder->insert()
#5 C:\wamp64\www\inventory\system\BaseModel.php(758): CodeIgniter\Model->doInsert(Array)
#6 C:\wamp64\www\inventory\system\Model.php(705): CodeIgniter\BaseModel->insert(Array, true)
#7 C:\wamp64\www\inventory\app\Controllers\administrator\Penjualan.php(316): CodeIgniter\Model->insert(Array)
#8 C:\wamp64\www\inventory\system\CodeIgniter.php(936): App\Controllers\administrator\Penjualan->batch_action()
#9 C:\wamp64\www\inventory\system\CodeIgniter.php(432): CodeIgniter\CodeIgniter->runController(Object(App\Controllers\administrator\Penjualan))
#10 C:\wamp64\www\inventory\system\CodeIgniter.php(333): CodeIgniter\CodeIgniter->handleRequest(NULL, Object(Config\Cache), false)
#11 C:\wamp64\www\inventory\public\index.php(44): CodeIgniter\CodeIgniter->run()
#12 {main}
CRITICAL - 2021-04-29 20:20:55 --> Undefined variable: total
#0 C:\wamp64\www\inventory\app\Views\administrator\invoice\invoice_read.php(75): CodeIgniter\Debug\Exceptions->errorHandler(8, 'Undefined varia...', 'C:\\wamp64\\www\\i...', 75, Array)
#1 C:\wamp64\www\inventory\system\View\View.php(220): include('C:\\wamp64\\www\\i...')
#2 C:\wamp64\www\inventory\system\View\View.php(222): CodeIgniter\View\View->CodeIgniter\View\{closure}()
#3 C:\wamp64\www\inventory\system\Common.php(1217): CodeIgniter\View\View->render('administrator/i...', Array, true)
#4 C:\wamp64\www\inventory\app\Controllers\administrator\Penjualan.php(345): view('administrator/i...', Array)
#5 C:\wamp64\www\inventory\app\Controllers\administrator\Penjualan.php(321): App\Controllers\administrator\Penjualan->invoice(1)
#6 C:\wamp64\www\inventory\system\CodeIgniter.php(936): App\Controllers\administrator\Penjualan->batch_action()
#7 C:\wamp64\www\inventory\system\CodeIgniter.php(432): CodeIgniter\CodeIgniter->runController(Object(App\Controllers\administrator\Penjualan))
#8 C:\wamp64\www\inventory\system\CodeIgniter.php(333): CodeIgniter\CodeIgniter->handleRequest(NULL, Object(Config\Cache), false)
#9 C:\wamp64\www\inventory\public\index.php(44): CodeIgniter\CodeIgniter->run()
#10 {main}
ERROR - 2021-04-29 22:02:25 --> mysqli_sql_exception: Unknown column 'invoice_id_transaksi' in 'on clause' in C:\wamp64\www\inventory\system\Database\MySQLi\Connection.php:314
Stack trace:
#0 C:\wamp64\www\inventory\system\Database\MySQLi\Connection.php(314): mysqli->query('SELECT COUNT(*)...')
#1 C:\wamp64\www\inventory\system\Database\BaseConnection.php(713): CodeIgniter\Database\MySQLi\Connection->execute('SELECT COUNT(*)...')
#2 C:\wamp64\www\inventory\system\Database\BaseConnection.php(641): CodeIgniter\Database\BaseConnection->simpleQuery('SELECT COUNT(*)...')
#3 C:\wamp64\www\inventory\system\Database\BaseBuilder.php(1966): CodeIgniter\Database\BaseConnection->query('SELECT COUNT(*)...', Array, false)
#4 C:\wamp64\www\inventory\system\Model.php(570): CodeIgniter\Database\BaseBuilder->countAllResults(false)
#5 C:\wamp64\www\inventory\system\BaseModel.php(1140): CodeIgniter\Model->countAllResults(false)
#6 C:\wamp64\www\inventory\app\Controllers\administrator\Invoice.php(133): CodeIgniter\BaseModel->paginate(20)
#7 C:\wamp64\www\inventory\system\CodeIgniter.php(936): App\Controllers\administrator\Invoice->index()
#8 C:\wamp64\www\inventory\system\CodeIgniter.php(432): CodeIgniter\CodeIgniter->runController(Object(App\Controllers\administrator\Invoice))
#9 C:\wamp64\www\inventory\system\CodeIgniter.php(333): CodeIgniter\CodeIgniter->handleRequest(NULL, Object(Config\Cache), false)
#10 C:\wamp64\www\inventory\public\index.php(44): CodeIgniter\CodeIgniter->run()
#11 {main}
CRITICAL - 2021-04-29 22:02:25 --> Unknown column 'invoice_id_transaksi' in 'on clause'
#0 C:\wamp64\www\inventory\system\Database\MySQLi\Connection.php(314): mysqli->query('SELECT COUNT(*)...')
#1 C:\wamp64\www\inventory\system\Database\BaseConnection.php(713): CodeIgniter\Database\MySQLi\Connection->execute('SELECT COUNT(*)...')
#2 C:\wamp64\www\inventory\system\Database\BaseConnection.php(641): CodeIgniter\Database\BaseConnection->simpleQuery('SELECT COUNT(*)...')
#3 C:\wamp64\www\inventory\system\Database\BaseBuilder.php(1966): CodeIgniter\Database\BaseConnection->query('SELECT COUNT(*)...', Array, false)
#4 C:\wamp64\www\inventory\system\Model.php(570): CodeIgniter\Database\BaseBuilder->countAllResults(false)
#5 C:\wamp64\www\inventory\system\BaseModel.php(1140): CodeIgniter\Model->countAllResults(false)
#6 C:\wamp64\www\inventory\app\Controllers\administrator\Invoice.php(133): CodeIgniter\BaseModel->paginate(20)
#7 C:\wamp64\www\inventory\system\CodeIgniter.php(936): App\Controllers\administrator\Invoice->index()
#8 C:\wamp64\www\inventory\system\CodeIgniter.php(432): CodeIgniter\CodeIgniter->runController(Object(App\Controllers\administrator\Invoice))
#9 C:\wamp64\www\inventory\system\CodeIgniter.php(333): CodeIgniter\CodeIgniter->handleRequest(NULL, Object(Config\Cache), false)
#10 C:\wamp64\www\inventory\public\index.php(44): CodeIgniter\CodeIgniter->run()
#11 {main}
CRITICAL - 2021-04-29 22:04:04 --> Undefined property: stdClass::$qty
#0 C:\wamp64\www\inventory\app\Views\administrator\invoice\invoice_list.php(100): CodeIgniter\Debug\Exceptions->errorHandler(8, 'Undefined prope...', 'C:\\wamp64\\www\\i...', 100, Array)
#1 C:\wamp64\www\inventory\system\View\View.php(220): include('C:\\wamp64\\www\\i...')
#2 C:\wamp64\www\inventory\system\View\View.php(222): CodeIgniter\View\View->CodeIgniter\View\{closure}()
#3 C:\wamp64\www\inventory\system\Common.php(1217): CodeIgniter\View\View->render('administrator/i...', Array, true)
#4 C:\wamp64\www\inventory\app\Controllers\administrator\Invoice.php(142): view('administrator/i...', Array)
#5 C:\wamp64\www\inventory\system\CodeIgniter.php(936): App\Controllers\administrator\Invoice->index()
#6 C:\wamp64\www\inventory\system\CodeIgniter.php(432): CodeIgniter\CodeIgniter->runController(Object(App\Controllers\administrator\Invoice))
#7 C:\wamp64\www\inventory\system\CodeIgniter.php(333): CodeIgniter\CodeIgniter->handleRequest(NULL, Object(Config\Cache), false)
#8 C:\wamp64\www\inventory\public\index.php(44): CodeIgniter\CodeIgniter->run()
#9 {main}
CRITICAL - 2021-04-29 22:05:42 --> Undefined variable: data
#0 C:\wamp64\www\inventory\app\Views\administrator\invoice\invoice_read.php(26): CodeIgniter\Debug\Exceptions->errorHandler(8, 'Undefined varia...', 'C:\\wamp64\\www\\i...', 26, Array)
#1 C:\wamp64\www\inventory\system\View\View.php(220): include('C:\\wamp64\\www\\i...')
#2 C:\wamp64\www\inventory\system\View\View.php(222): CodeIgniter\View\View->CodeIgniter\View\{closure}()
#3 C:\wamp64\www\inventory\system\Common.php(1217): CodeIgniter\View\View->render('administrator/i...', Array, true)
#4 C:\wamp64\www\inventory\app\Controllers\administrator\Invoice.php(169): view('administrator/i...', Array)
#5 C:\wamp64\www\inventory\system\CodeIgniter.php(936): App\Controllers\administrator\Invoice->read('1')
#6 C:\wamp64\www\inventory\system\CodeIgniter.php(432): CodeIgniter\CodeIgniter->runController(Object(App\Controllers\administrator\Invoice))
#7 C:\wamp64\www\inventory\system\CodeIgniter.php(333): CodeIgniter\CodeIgniter->handleRequest(NULL, Object(Config\Cache), false)
#8 C:\wamp64\www\inventory\public\index.php(44): CodeIgniter\CodeIgniter->run()
#9 {main}
CRITICAL - 2021-04-29 22:10:10 --> Undefined variable: data
#0 C:\wamp64\www\inventory\app\Views\administrator\invoice\invoice_read.php(29): CodeIgniter\Debug\Exceptions->errorHandler(8, 'Undefined varia...', 'C:\\wamp64\\www\\i...', 29, Array)
#1 C:\wamp64\www\inventory\system\View\View.php(220): include('C:\\wamp64\\www\\i...')
#2 C:\wamp64\www\inventory\system\View\View.php(222): CodeIgniter\View\View->CodeIgniter\View\{closure}()
#3 C:\wamp64\www\inventory\system\Common.php(1217): CodeIgniter\View\View->render('administrator/i...', Array, true)
#4 C:\wamp64\www\inventory\app\Controllers\administrator\Invoice.php(169): view('administrator/i...', Array)
#5 C:\wamp64\www\inventory\system\CodeIgniter.php(936): App\Controllers\administrator\Invoice->read('1')
#6 C:\wamp64\www\inventory\system\CodeIgniter.php(432): CodeIgniter\CodeIgniter->runController(Object(App\Controllers\administrator\Invoice))
#7 C:\wamp64\www\inventory\system\CodeIgniter.php(333): CodeIgniter\CodeIgniter->handleRequest(NULL, Object(Config\Cache), false)
#8 C:\wamp64\www\inventory\public\index.php(44): CodeIgniter\CodeIgniter->run()
#9 {main}
CRITICAL - 2021-04-29 23:19:34 --> Undefined offset: 0
#0 C:\wamp64\www\inventory\app\Views\administrator\invoice\invoice_read.php(46): CodeIgniter\Debug\Exceptions->errorHandler(8, 'Undefined offse...', 'C:\\wamp64\\www\\i...', 46, Array)
#1 C:\wamp64\www\inventory\system\View\View.php(220): include('C:\\wamp64\\www\\i...')
#2 C:\wamp64\www\inventory\system\View\View.php(222): CodeIgniter\View\View->CodeIgniter\View\{closure}()
#3 C:\wamp64\www\inventory\system\Common.php(1217): CodeIgniter\View\View->render('administrator/i...', Array, true)
#4 C:\wamp64\www\inventory\app\Controllers\administrator\Invoice.php(169): view('administrator/i...', Array)
#5 C:\wamp64\www\inventory\system\CodeIgniter.php(936): App\Controllers\administrator\Invoice->read('5')
#6 C:\wamp64\www\inventory\system\CodeIgniter.php(432): CodeIgniter\CodeIgniter->runController(Object(App\Controllers\administrator\Invoice))
#7 C:\wamp64\www\inventory\system\CodeIgniter.php(333): CodeIgniter\CodeIgniter->handleRequest(NULL, Object(Config\Cache), false)
#8 C:\wamp64\www\inventory\public\index.php(44): CodeIgniter\CodeIgniter->run()
#9 {main}
CRITICAL - 2021-04-29 23:20:14 --> Undefined property: stdClass::$invoice_key
#0 C:\wamp64\www\inventory\app\Views\administrator\invoice\invoice_list.php(104): CodeIgniter\Debug\Exceptions->errorHandler(8, 'Undefined prope...', 'C:\\wamp64\\www\\i...', 104, Array)
#1 C:\wamp64\www\inventory\system\View\View.php(220): include('C:\\wamp64\\www\\i...')
#2 C:\wamp64\www\inventory\system\View\View.php(222): CodeIgniter\View\View->CodeIgniter\View\{closure}()
#3 C:\wamp64\www\inventory\system\Common.php(1217): CodeIgniter\View\View->render('administrator/i...', Array, true)
#4 C:\wamp64\www\inventory\app\Controllers\administrator\Invoice.php(142): view('administrator/i...', Array)
#5 C:\wamp64\www\inventory\system\CodeIgniter.php(936): App\Controllers\administrator\Invoice->index()
#6 C:\wamp64\www\inventory\system\CodeIgniter.php(432): CodeIgniter\CodeIgniter->runController(Object(App\Controllers\administrator\Invoice))
#7 C:\wamp64\www\inventory\system\CodeIgniter.php(333): CodeIgniter\CodeIgniter->handleRequest(NULL, Object(Config\Cache), false)
#8 C:\wamp64\www\inventory\public\index.php(44): CodeIgniter\CodeIgniter->run()
#9 {main}
